[0.553s] DEBUG:colcon:Command line arguments: ['/usr/bin/colcon', 'build', '--packages-select', 'object_detection']
[0.554s] DEBUG:colcon:Parsed command line arguments: Namespace(log_base=None, log_level=None, verb_name='build', build_base='build', install_base='install', merge_install=False, symlink_install=False, test_result_base=None, continue_on_error=False, executor='parallel', parallel_workers=4, event_handlers=None, ignore_user_meta=False, metas=['./colcon.meta'], base_paths=['.'], packages_ignore=None, packages_ignore_regex=None, paths=None, packages_up_to=None, packages_up_to_regex=None, packages_above=None, packages_above_and_dependencies=None, packages_above_depth=None, packages_select_by_dep=None, packages_skip_by_dep=None, packages_skip_up_to=None, packages_select_build_failed=False, packages_skip_build_finished=False, packages_select_test_failures=False, packages_skip_test_passed=False, packages_select=['object_detection'], packages_skip=None, packages_select_regex=None, packages_skip_regex=None, packages_start=None, packages_end=None, allow_overriding=[], cmake_args=None, cmake_target=None, cmake_target_skip_unavailable=False, cmake_clean_cache=False, cmake_clean_first=False, cmake_force_configure=False, ament_cmake_args=None, catkin_cmake_args=None, catkin_skip_building_tests=False, mixin_files=None, mixin=None, verb_parser=<colcon_mixin.mixin.mixin_argument.MixinArgumentDecorator object at 0xffff8e2a5a20>, verb_extension=<colcon_core.verb.build.BuildVerb object at 0xffff8e39e920>, main=<bound method BuildVerb.main of <colcon_core.verb.build.BuildVerb object at 0xffff8e39e920>>, mixin_verb=('build',))
[1.439s] Level 1:colcon.colcon_core.package_discovery:discover_packages(colcon_meta) check parameters
[1.440s] Level 1:colcon.colcon_core.package_discovery:discover_packages(recursive) check parameters
[1.440s] Level 1:colcon.colcon_core.package_discovery:discover_packages(ignore) check parameters
[1.440s] Level 1:colcon.colcon_core.package_discovery:discover_packages(path) check parameters
[1.440s] Level 1:colcon.colcon_core.package_discovery:discover_packages(colcon_meta) discover
[1.441s] Level 1:colcon.colcon_core.package_discovery:discover_packages(recursive) discover
[1.441s] INFO:colcon.colcon_core.package_discovery:Crawling recursively for packages in '/home/ubuntu/my_space/autonomous_ROS'
[1.442s] Level 1:colcon.colcon_core.package_identification:_identify(.) by extensions ['ignore', 'ignore_ament_install']
[1.443s] Level 1:colcon.colcon_core.package_identification:_identify(.) by extension 'ignore'
[1.443s] Level 1:colcon.colcon_core.package_identification:_identify(.) by extension 'ignore_ament_install'
[1.444s] Level 1:colcon.colcon_core.package_identification:_identify(.) by extensions ['colcon_pkg']
[1.444s] Level 1:colcon.colcon_core.package_identification:_identify(.) by extension 'colcon_pkg'
[1.445s] Level 1:colcon.colcon_core.package_identification:_identify(.) by extensions ['colcon_meta']
[1.445s] Level 1:colcon.colcon_core.package_identification:_identify(.) by extension 'colcon_meta'
[1.445s] Level 1:colcon.colcon_core.package_identification:_identify(.) by extensions ['ros']
[1.445s] Level 1:colcon.colcon_core.package_identification:_identify(.) by extension 'ros'
[1.502s] Level 1:colcon.colcon_core.package_identification:_identify(.) by extensions ['cmake', 'python']
[1.502s] Level 1:colcon.colcon_core.package_identification:_identify(.) by extension 'cmake'
[1.503s] Level 1:colcon.colcon_core.package_identification:_identify(.) by extension 'python'
[1.503s] Level 1:colcon.colcon_core.package_identification:_identify(.) by extensions ['python_setup_py']
[1.504s] Level 1:colcon.colcon_core.package_identification:_identify(.) by extension 'python_setup_py'
[1.505s] Level 1:colcon.colcon_core.package_identification:_identify(assets) by extensions ['ignore', 'ignore_ament_install']
[1.505s] Level 1:colcon.colcon_core.package_identification:_identify(assets) by extension 'ignore'
[1.506s] Level 1:colcon.colcon_core.package_identification:_identify(assets) by extension 'ignore_ament_install'
[1.506s] Level 1:colcon.colcon_core.package_identification:_identify(assets) by extensions ['colcon_pkg']
[1.507s] Level 1:colcon.colcon_core.package_identification:_identify(assets) by extension 'colcon_pkg'
[1.507s] Level 1:colcon.colcon_core.package_identification:_identify(assets) by extensions ['colcon_meta']
[1.507s] Level 1:colcon.colcon_core.package_identification:_identify(assets) by extension 'colcon_meta'
[1.508s] Level 1:colcon.colcon_core.package_identification:_identify(assets) by extensions ['ros']
[1.508s] Level 1:colcon.colcon_core.package_identification:_identify(assets) by extension 'ros'
[1.509s] Level 1:colcon.colcon_core.package_identification:_identify(assets) by extensions ['cmake', 'python']
[1.509s] Level 1:colcon.colcon_core.package_identification:_identify(assets) by extension 'cmake'
[1.509s] Level 1:colcon.colcon_core.package_identification:_identify(assets) by extension 'python'
[1.510s] Level 1:colcon.colcon_core.package_identification:_identify(assets) by extensions ['python_setup_py']
[1.510s] Level 1:colcon.colcon_core.package_identification:_identify(assets) by extension 'python_setup_py'
[1.511s] Level 1:colcon.colcon_core.package_identification:_identify(build) by extensions ['ignore', 'ignore_ament_install']
[1.512s] Level 1:colcon.colcon_core.package_identification:_identify(build) by extension 'ignore'
[1.512s] Level 1:colcon.colcon_core.package_identification:_identify(build) ignored
[1.513s] Level 1:colcon.colcon_core.package_identification:_identify(install) by extensions ['ignore', 'ignore_ament_install']
[1.514s] Level 1:colcon.colcon_core.package_identification:_identify(install) by extension 'ignore'
[1.514s] Level 1:colcon.colcon_core.package_identification:_identify(install) ignored
[1.515s] Level 1:colcon.colcon_core.package_identification:_identify(launch) by extensions ['ignore', 'ignore_ament_install']
[1.516s] Level 1:colcon.colcon_core.package_identification:_identify(launch) by extension 'ignore'
[1.516s] Level 1:colcon.colcon_core.package_identification:_identify(launch) by extension 'ignore_ament_install'
[1.517s] Level 1:colcon.colcon_core.package_identification:_identify(launch) by extensions ['colcon_pkg']
[1.517s] Level 1:colcon.colcon_core.package_identification:_identify(launch) by extension 'colcon_pkg'
[1.518s] Level 1:colcon.colcon_core.package_identification:_identify(launch) by extensions ['colcon_meta']
[1.518s] Level 1:colcon.colcon_core.package_identification:_identify(launch) by extension 'colcon_meta'
[1.519s] Level 1:colcon.colcon_core.package_identification:_identify(launch) by extensions ['ros']
[1.519s] Level 1:colcon.colcon_core.package_identification:_identify(launch) by extension 'ros'
[1.520s] Level 1:colcon.colcon_core.package_identification:_identify(launch) by extensions ['cmake', 'python']
[1.520s] Level 1:colcon.colcon_core.package_identification:_identify(launch) by extension 'cmake'
[1.520s] Level 1:colcon.colcon_core.package_identification:_identify(launch) by extension 'python'
[1.521s] Level 1:colcon.colcon_core.package_identification:_identify(launch) by extensions ['python_setup_py']
[1.521s] Level 1:colcon.colcon_core.package_identification:_identify(launch) by extension 'python_setup_py'
[1.522s] Level 1:colcon.colcon_core.package_identification:_identify(launch/__pycache__) by extensions ['ignore', 'ignore_ament_install']
[1.523s] Level 1:colcon.colcon_core.package_identification:_identify(launch/__pycache__) by extension 'ignore'
[1.523s] Level 1:colcon.colcon_core.package_identification:_identify(launch/__pycache__) by extension 'ignore_ament_install'
[1.524s] Level 1:colcon.colcon_core.package_identification:_identify(launch/__pycache__) by extensions ['colcon_pkg']
[1.524s] Level 1:colcon.colcon_core.package_identification:_identify(launch/__pycache__) by extension 'colcon_pkg'
[1.524s] Level 1:colcon.colcon_core.package_identification:_identify(launch/__pycache__) by extensions ['colcon_meta']
[1.525s] Level 1:colcon.colcon_core.package_identification:_identify(launch/__pycache__) by extension 'colcon_meta'
[1.525s] Level 1:colcon.colcon_core.package_identification:_identify(launch/__pycache__) by extensions ['ros']
[1.525s] Level 1:colcon.colcon_core.package_identification:_identify(launch/__pycache__) by extension 'ros'
[1.526s] Level 1:colcon.colcon_core.package_identification:_identify(launch/__pycache__) by extensions ['cmake', 'python']
[1.526s] Level 1:colcon.colcon_core.package_identification:_identify(launch/__pycache__) by extension 'cmake'
[1.527s] Level 1:colcon.colcon_core.package_identification:_identify(launch/__pycache__) by extension 'python'
[1.527s] Level 1:colcon.colcon_core.package_identification:_identify(launch/__pycache__) by extensions ['python_setup_py']
[1.528s] Level 1:colcon.colcon_core.package_identification:_identify(launch/__pycache__) by extension 'python_setup_py'
[1.529s] Level 1:colcon.colcon_core.package_identification:_identify(log) by extensions ['ignore', 'ignore_ament_install']
[1.530s] Level 1:colcon.colcon_core.package_identification:_identify(log) by extension 'ignore'
[1.530s] Level 1:colcon.colcon_core.package_identification:_identify(log) ignored
[1.531s] Level 1:colcon.colcon_core.package_identification:_identify(src) by extensions ['ignore', 'ignore_ament_install']
[1.532s] Level 1:colcon.colcon_core.package_identification:_identify(src) by extension 'ignore'
[1.532s] Level 1:colcon.colcon_core.package_identification:_identify(src) by extension 'ignore_ament_install'
[1.533s] Level 1:colcon.colcon_core.package_identification:_identify(src) by extensions ['colcon_pkg']
[1.533s] Level 1:colcon.colcon_core.package_identification:_identify(src) by extension 'colcon_pkg'
[1.533s] Level 1:colcon.colcon_core.package_identification:_identify(src) by extensions ['colcon_meta']
[1.533s] Level 1:colcon.colcon_core.package_identification:_identify(src) by extension 'colcon_meta'
[1.534s] Level 1:colcon.colcon_core.package_identification:_identify(src) by extensions ['ros']
[1.534s] Level 1:colcon.colcon_core.package_identification:_identify(src) by extension 'ros'
[1.535s] Level 1:colcon.colcon_core.package_identification:_identify(src) by extensions ['cmake', 'python']
[1.535s] Level 1:colcon.colcon_core.package_identification:_identify(src) by extension 'cmake'
[1.535s] Level 1:colcon.colcon_core.package_identification:_identify(src) by extension 'python'
[1.536s] Level 1:colcon.colcon_core.package_identification:_identify(src) by extensions ['python_setup_py']
[1.536s] Level 1:colcon.colcon_core.package_identification:_identify(src) by extension 'python_setup_py'
[1.537s] Level 1:colcon.colcon_core.package_identification:_identify(src/dual_motor) by extensions ['ignore', 'ignore_ament_install']
[1.538s] Level 1:colcon.colcon_core.package_identification:_identify(src/dual_motor) by extension 'ignore'
[1.538s] Level 1:colcon.colcon_core.package_identification:_identify(src/dual_motor) by extension 'ignore_ament_install'
[1.539s] Level 1:colcon.colcon_core.package_identification:_identify(src/dual_motor) by extensions ['colcon_pkg']
[1.539s] Level 1:colcon.colcon_core.package_identification:_identify(src/dual_motor) by extension 'colcon_pkg'
[1.540s] Level 1:colcon.colcon_core.package_identification:_identify(src/dual_motor) by extensions ['colcon_meta']
[1.540s] Level 1:colcon.colcon_core.package_identification:_identify(src/dual_motor) by extension 'colcon_meta'
[1.541s] Level 1:colcon.colcon_core.package_identification:_identify(src/dual_motor) by extensions ['ros']
[1.541s] Level 1:colcon.colcon_core.package_identification:_identify(src/dual_motor) by extension 'ros'
[1.552s] DEBUG:colcon.colcon_core.package_identification:Package 'src/dual_motor' with type 'ros.ament_python' and name 'dual_motor'
[1.553s] Level 1:colcon.colcon_core.package_identification:_identify(src/enc_motor_control) by extensions ['ignore', 'ignore_ament_install']
[1.554s] Level 1:colcon.colcon_core.package_identification:_identify(src/enc_motor_control) by extension 'ignore'
[1.554s] Level 1:colcon.colcon_core.package_identification:_identify(src/enc_motor_control) by extension 'ignore_ament_install'
[1.555s] Level 1:colcon.colcon_core.package_identification:_identify(src/enc_motor_control) by extensions ['colcon_pkg']
[1.555s] Level 1:colcon.colcon_core.package_identification:_identify(src/enc_motor_control) by extension 'colcon_pkg'
[1.555s] Level 1:colcon.colcon_core.package_identification:_identify(src/enc_motor_control) by extensions ['colcon_meta']
[1.556s] Level 1:colcon.colcon_core.package_identification:_identify(src/enc_motor_control) by extension 'colcon_meta'
[1.556s] Level 1:colcon.colcon_core.package_identification:_identify(src/enc_motor_control) by extensions ['ros']
[1.556s] Level 1:colcon.colcon_core.package_identification:_identify(src/enc_motor_control) by extension 'ros'
[1.560s] DEBUG:colcon.colcon_core.package_identification:Package 'src/enc_motor_control' with type 'ros.ament_python' and name 'enc_motor_control'
[1.561s] Level 1:colcon.colcon_core.package_identification:_identify(src/motor_control) by extensions ['ignore', 'ignore_ament_install']
[1.561s] Level 1:colcon.colcon_core.package_identification:_identify(src/motor_control) by extension 'ignore'
[1.562s] Level 1:colcon.colcon_core.package_identification:_identify(src/motor_control) by extension 'ignore_ament_install'
[1.563s] Level 1:colcon.colcon_core.package_identification:_identify(src/motor_control) by extensions ['colcon_pkg']
[1.563s] Level 1:colcon.colcon_core.package_identification:_identify(src/motor_control) by extension 'colcon_pkg'
[1.563s] Level 1:colcon.colcon_core.package_identification:_identify(src/motor_control) by extensions ['colcon_meta']
[1.564s] Level 1:colcon.colcon_core.package_identification:_identify(src/motor_control) by extension 'colcon_meta'
[1.564s] Level 1:colcon.colcon_core.package_identification:_identify(src/motor_control) by extensions ['ros']
[1.565s] Level 1:colcon.colcon_core.package_identification:_identify(src/motor_control) by extension 'ros'
[1.568s] DEBUG:colcon.colcon_core.package_identification:Package 'src/motor_control' with type 'ros.ament_python' and name 'motor_control'
[1.569s] Level 1:colcon.colcon_core.package_identification:_identify(src/motor_encoder) by extensions ['ignore', 'ignore_ament_install']
[1.570s] Level 1:colcon.colcon_core.package_identification:_identify(src/motor_encoder) by extension 'ignore'
[1.570s] Level 1:colcon.colcon_core.package_identification:_identify(src/motor_encoder) by extension 'ignore_ament_install'
[1.571s] Level 1:colcon.colcon_core.package_identification:_identify(src/motor_encoder) by extensions ['colcon_pkg']
[1.571s] Level 1:colcon.colcon_core.package_identification:_identify(src/motor_encoder) by extension 'colcon_pkg'
[1.571s] Level 1:colcon.colcon_core.package_identification:_identify(src/motor_encoder) by extensions ['colcon_meta']
[1.572s] Level 1:colcon.colcon_core.package_identification:_identify(src/motor_encoder) by extension 'colcon_meta'
[1.572s] Level 1:colcon.colcon_core.package_identification:_identify(src/motor_encoder) by extensions ['ros']
[1.572s] Level 1:colcon.colcon_core.package_identification:_identify(src/motor_encoder) by extension 'ros'
[1.577s] DEBUG:colcon.colcon_core.package_identification:Package 'src/motor_encoder' with type 'ros.ament_python' and name 'motor_encoder'
[1.578s] Level 1:colcon.colcon_core.package_identification:_identify(src/mpu6050_imu) by extensions ['ignore', 'ignore_ament_install']
[1.578s] Level 1:colcon.colcon_core.package_identification:_identify(src/mpu6050_imu) by extension 'ignore'
[1.579s] Level 1:colcon.colcon_core.package_identification:_identify(src/mpu6050_imu) by extension 'ignore_ament_install'
[1.579s] Level 1:colcon.colcon_core.package_identification:_identify(src/mpu6050_imu) by extensions ['colcon_pkg']
[1.579s] Level 1:colcon.colcon_core.package_identification:_identify(src/mpu6050_imu) by extension 'colcon_pkg'
[1.580s] Level 1:colcon.colcon_core.package_identification:_identify(src/mpu6050_imu) by extensions ['colcon_meta']
[1.580s] Level 1:colcon.colcon_core.package_identification:_identify(src/mpu6050_imu) by extension 'colcon_meta'
[1.581s] Level 1:colcon.colcon_core.package_identification:_identify(src/mpu6050_imu) by extensions ['ros']
[1.581s] Level 1:colcon.colcon_core.package_identification:_identify(src/mpu6050_imu) by extension 'ros'
[1.585s] DEBUG:colcon.colcon_core.package_identification:Package 'src/mpu6050_imu' with type 'ros.ament_python' and name 'mpu6050_imu'
[1.585s] Level 1:colcon.colcon_core.package_identification:_identify(src/mybot37) by extensions ['ignore', 'ignore_ament_install']
[1.586s] Level 1:colcon.colcon_core.package_identification:_identify(src/mybot37) by extension 'ignore'
[1.587s] Level 1:colcon.colcon_core.package_identification:_identify(src/mybot37) by extension 'ignore_ament_install'
[1.587s] Level 1:colcon.colcon_core.package_identification:_identify(src/mybot37) by extensions ['colcon_pkg']
[1.588s] Level 1:colcon.colcon_core.package_identification:_identify(src/mybot37) by extension 'colcon_pkg'
[1.588s] Level 1:colcon.colcon_core.package_identification:_identify(src/mybot37) by extensions ['colcon_meta']
[1.588s] Level 1:colcon.colcon_core.package_identification:_identify(src/mybot37) by extension 'colcon_meta'
[1.589s] Level 1:colcon.colcon_core.package_identification:_identify(src/mybot37) by extensions ['ros']
[1.589s] Level 1:colcon.colcon_core.package_identification:_identify(src/mybot37) by extension 'ros'
[1.592s] DEBUG:colcon.colcon_core.package_identification:Package 'src/mybot37' with type 'ros.ament_cmake' and name 'mybot37'
[1.593s] Level 1:colcon.colcon_core.package_identification:_identify(src/object_detection) by extensions ['ignore', 'ignore_ament_install']
[1.593s] Level 1:colcon.colcon_core.package_identification:_identify(src/object_detection) by extension 'ignore'
[1.594s] Level 1:colcon.colcon_core.package_identification:_identify(src/object_detection) by extension 'ignore_ament_install'
[1.594s] Level 1:colcon.colcon_core.package_identification:_identify(src/object_detection) by extensions ['colcon_pkg']
[1.595s] Level 1:colcon.colcon_core.package_identification:_identify(src/object_detection) by extension 'colcon_pkg'
[1.595s] Level 1:colcon.colcon_core.package_identification:_identify(src/object_detection) by extensions ['colcon_meta']
[1.595s] Level 1:colcon.colcon_core.package_identification:_identify(src/object_detection) by extension 'colcon_meta'
[1.596s] Level 1:colcon.colcon_core.package_identification:_identify(src/object_detection) by extensions ['ros']
[1.596s] Level 1:colcon.colcon_core.package_identification:_identify(src/object_detection) by extension 'ros'
[1.600s] DEBUG:colcon.colcon_core.package_identification:Package 'src/object_detection' with type 'ros.ament_python' and name 'object_detection'
[1.601s] Level 1:colcon.colcon_core.package_identification:_identify(test) by extensions ['ignore', 'ignore_ament_install']
[1.601s] Level 1:colcon.colcon_core.package_identification:_identify(test) by extension 'ignore'
[1.602s] Level 1:colcon.colcon_core.package_identification:_identify(test) by extension 'ignore_ament_install'
[1.602s] Level 1:colcon.colcon_core.package_identification:_identify(test) by extensions ['colcon_pkg']
[1.603s] Level 1:colcon.colcon_core.package_identification:_identify(test) by extension 'colcon_pkg'
[1.603s] Level 1:colcon.colcon_core.package_identification:_identify(test) by extensions ['colcon_meta']
[1.603s] Level 1:colcon.colcon_core.package_identification:_identify(test) by extension 'colcon_meta'
[1.604s] Level 1:colcon.colcon_core.package_identification:_identify(test) by extensions ['ros']
[1.604s] Level 1:colcon.colcon_core.package_identification:_identify(test) by extension 'ros'
[1.605s] Level 1:colcon.colcon_core.package_identification:_identify(test) by extensions ['cmake', 'python']
[1.605s] Level 1:colcon.colcon_core.package_identification:_identify(test) by extension 'cmake'
[1.605s] Level 1:colcon.colcon_core.package_identification:_identify(test) by extension 'python'
[1.606s] Level 1:colcon.colcon_core.package_identification:_identify(test) by extensions ['python_setup_py']
[1.606s] Level 1:colcon.colcon_core.package_identification:_identify(test) by extension 'python_setup_py'
[1.606s] Level 1:colcon.colcon_core.package_discovery:discover_packages(recursive) using defaults
[1.607s] Level 1:colcon.colcon_core.package_discovery:discover_packages(ignore) discover
[1.607s] Level 1:colcon.colcon_core.package_discovery:discover_packages(ignore) using defaults
[1.607s] Level 1:colcon.colcon_core.package_discovery:discover_packages(path) discover
[1.608s] Level 1:colcon.colcon_core.package_discovery:discover_packages(path) using defaults
[1.711s] INFO:colcon.colcon_core.package_selection:Skipping not selected package 'dual_motor' in 'src/dual_motor'
[1.712s] INFO:colcon.colcon_core.package_selection:Skipping not selected package 'enc_motor_control' in 'src/enc_motor_control'
[1.712s] INFO:colcon.colcon_core.package_selection:Skipping not selected package 'motor_control' in 'src/motor_control'
[1.712s] INFO:colcon.colcon_core.package_selection:Skipping not selected package 'motor_encoder' in 'src/motor_encoder'
[1.712s] INFO:colcon.colcon_core.package_selection:Skipping not selected package 'mpu6050_imu' in 'src/mpu6050_imu'
[1.713s] INFO:colcon.colcon_core.package_selection:Skipping not selected package 'mybot37' in 'src/mybot37'
[1.715s] Level 1:colcon.colcon_core.package_discovery:discover_packages(prefix_path) check parameters
[1.715s] Level 1:colcon.colcon_core.package_discovery:discover_packages(prefix_path) discover
[1.730s] DEBUG:colcon.colcon_installed_package_information.package_discovery:Found 7 installed packages in /home/ubuntu/my_space/autonomous_ROS/install
[1.738s] DEBUG:colcon.colcon_installed_package_information.package_discovery:Found 187 installed packages in /opt/ros/humble
[1.743s] Level 1:colcon.colcon_core.package_discovery:discover_packages(prefix_path) using defaults
[1.938s] Level 5:colcon.colcon_core.verb:set package 'object_detection' build argument 'cmake_args' from command line to 'None'
[1.939s] Level 5:colcon.colcon_core.verb:set package 'object_detection' build argument 'cmake_target' from command line to 'None'
[1.939s] Level 5:colcon.colcon_core.verb:set package 'object_detection' build argument 'cmake_target_skip_unavailable' from command line to 'False'
[1.939s] Level 5:colcon.colcon_core.verb:set package 'object_detection' build argument 'cmake_clean_cache' from command line to 'False'
[1.940s] Level 5:colcon.colcon_core.verb:set package 'object_detection' build argument 'cmake_clean_first' from command line to 'False'
[1.940s] Level 5:colcon.colcon_core.verb:set package 'object_detection' build argument 'cmake_force_configure' from command line to 'False'
[1.940s] Level 5:colcon.colcon_core.verb:set package 'object_detection' build argument 'ament_cmake_args' from command line to 'None'
[1.941s] Level 5:colcon.colcon_core.verb:set package 'object_detection' build argument 'catkin_cmake_args' from command line to 'None'
[1.941s] Level 5:colcon.colcon_core.verb:set package 'object_detection' build argument 'catkin_skip_building_tests' from command line to 'False'
[1.941s] DEBUG:colcon.colcon_core.verb:Building package 'object_detection' with the following arguments: {'ament_cmake_args': None, 'build_base': '/home/ubuntu/my_space/autonomous_ROS/build/object_detection', 'catkin_cmake_args': None, 'catkin_skip_building_tests': False, 'cmake_args': None, 'cmake_clean_cache': False, 'cmake_clean_first': False, 'cmake_force_configure': False, 'cmake_target': None, 'cmake_target_skip_unavailable': False, 'install_base': '/home/ubuntu/my_space/autonomous_ROS/install/object_detection', 'merge_install': False, 'path': '/home/ubuntu/my_space/autonomous_ROS/src/object_detection', 'symlink_install': False, 'test_result_base': None}
[1.942s] INFO:colcon.colcon_core.executor:Executing jobs using 'parallel' executor
[1.948s] DEBUG:colcon.colcon_parallel_executor.executor.parallel:run_until_complete
[1.949s] INFO:colcon.colcon_ros.task.ament_python.build:Building ROS package in '/home/ubuntu/my_space/autonomous_ROS/src/object_detection' with build type 'ament_python'
[1.951s] Level 1:colcon.colcon_core.shell:create_environment_hook('object_detection', 'ament_prefix_path')
[1.967s] INFO:colcon.colcon_core.plugin_system:Skipping extension 'colcon_core.shell.bat': Not used on non-Windows systems
[1.969s] INFO:colcon.colcon_core.shell:Creating environment hook '/home/ubuntu/my_space/autonomous_ROS/install/object_detection/share/object_detection/hook/ament_prefix_path.ps1'
[1.973s] INFO:colcon.colcon_core.shell:Creating environment descriptor '/home/ubuntu/my_space/autonomous_ROS/install/object_detection/share/object_detection/hook/ament_prefix_path.dsv'
[1.976s] INFO:colcon.colcon_core.shell:Creating environment hook '/home/ubuntu/my_space/autonomous_ROS/install/object_detection/share/object_detection/hook/ament_prefix_path.sh'
[1.981s] INFO:colcon.colcon_core.shell:Skip shell extension 'powershell' for command environment: Not usable outside of PowerShell
[1.982s] DEBUG:colcon.colcon_core.shell:Skip shell extension 'dsv' for command environment
[3.407s] INFO:colcon.colcon_core.task.python.build:Building Python package in '/home/ubuntu/my_space/autonomous_ROS/src/object_detection'
[3.408s] INFO:colcon.colcon_core.shell:Skip shell extension 'powershell' for command environment: Not usable outside of PowerShell
[3.409s] DEBUG:colcon.colcon_core.shell:Skip shell extension 'dsv' for command environment
[5.477s] DEBUG:colcon.colcon_core.event_handler.log_command:Invoking command in '/home/ubuntu/my_space/autonomous_ROS/src/object_detection': PYTHONPATH=/home/ubuntu/my_space/autonomous_ROS/build/object_detection/prefix_override:/usr/lib/python3/dist-packages/colcon_core/task/python/colcon_distutils_commands:/home/ubuntu/my_space/autonomous_ROS/install/object_detection/lib/python3.10/site-packages:${PYTHONPATH} /usr/bin/python3 -W ignore:setup.py install is deprecated -W ignore:easy_install command is deprecated setup.py egg_info --egg-base ../../build/object_detection build --build-base /home/ubuntu/my_space/autonomous_ROS/build/object_detection/build install --record /home/ubuntu/my_space/autonomous_ROS/build/object_detection/install.log --single-version-externally-managed install_data
[7.110s] DEBUG:colcon.colcon_core.event_handler.log_command:Invoked command in '/home/ubuntu/my_space/autonomous_ROS/src/object_detection' returned '0': PYTHONPATH=/home/ubuntu/my_space/autonomous_ROS/build/object_detection/prefix_override:/usr/lib/python3/dist-packages/colcon_core/task/python/colcon_distutils_commands:/home/ubuntu/my_space/autonomous_ROS/install/object_detection/lib/python3.10/site-packages:${PYTHONPATH} /usr/bin/python3 -W ignore:setup.py install is deprecated -W ignore:easy_install command is deprecated setup.py egg_info --egg-base ../../build/object_detection build --build-base /home/ubuntu/my_space/autonomous_ROS/build/object_detection/build install --record /home/ubuntu/my_space/autonomous_ROS/build/object_detection/install.log --single-version-externally-managed install_data
[7.129s] Level 1:colcon.colcon_core.environment:checking '/home/ubuntu/my_space/autonomous_ROS/install/object_detection' for CMake module files
[7.132s] Level 1:colcon.colcon_core.environment:checking '/home/ubuntu/my_space/autonomous_ROS/install/object_detection' for CMake config files
[7.137s] Level 1:colcon.colcon_core.environment:checking '/home/ubuntu/my_space/autonomous_ROS/install/object_detection/lib'
[7.138s] Level 1:colcon.colcon_core.environment:checking '/home/ubuntu/my_space/autonomous_ROS/install/object_detection/bin'
[7.139s] Level 1:colcon.colcon_core.environment:checking '/home/ubuntu/my_space/autonomous_ROS/install/object_detection/lib/pkgconfig/object_detection.pc'
[7.140s] Level 1:colcon.colcon_core.environment:checking '/home/ubuntu/my_space/autonomous_ROS/install/object_detection/lib/python3.10/site-packages'
[7.141s] Level 1:colcon.colcon_core.shell:create_environment_hook('object_detection', 'pythonpath')
[7.142s] INFO:colcon.colcon_core.shell:Creating environment hook '/home/ubuntu/my_space/autonomous_ROS/install/object_detection/share/object_detection/hook/pythonpath.ps1'
[7.145s] INFO:colcon.colcon_core.shell:Creating environment descriptor '/home/ubuntu/my_space/autonomous_ROS/install/object_detection/share/object_detection/hook/pythonpath.dsv'
[7.148s] INFO:colcon.colcon_core.shell:Creating environment hook '/home/ubuntu/my_space/autonomous_ROS/install/object_detection/share/object_detection/hook/pythonpath.sh'
[7.152s] Level 1:colcon.colcon_core.environment:checking '/home/ubuntu/my_space/autonomous_ROS/install/object_detection/bin'
[7.153s] Level 1:colcon.colcon_core.environment:create_environment_scripts_only(object_detection)
[7.154s] INFO:colcon.colcon_core.shell:Creating package script '/home/ubuntu/my_space/autonomous_ROS/install/object_detection/share/object_detection/package.ps1'
[7.159s] INFO:colcon.colcon_core.shell:Creating package descriptor '/home/ubuntu/my_space/autonomous_ROS/install/object_detection/share/object_detection/package.dsv'
[7.163s] INFO:colcon.colcon_core.shell:Creating package script '/home/ubuntu/my_space/autonomous_ROS/install/object_detection/share/object_detection/package.sh'
[7.168s] INFO:colcon.colcon_core.shell:Creating package script '/home/ubuntu/my_space/autonomous_ROS/install/object_detection/share/object_detection/package.bash'
[7.173s] INFO:colcon.colcon_core.shell:Creating package script '/home/ubuntu/my_space/autonomous_ROS/install/object_detection/share/object_detection/package.zsh'
[7.178s] Level 1:colcon.colcon_core.environment:create_file_with_runtime_dependencies(/home/ubuntu/my_space/autonomous_ROS/install/object_detection/share/colcon-core/packages/object_detection)
[7.180s] DEBUG:colcon.colcon_parallel_executor.executor.parallel:closing loop
[7.185s] DEBUG:colcon.colcon_parallel_executor.executor.parallel:loop closed
[7.185s] DEBUG:colcon.colcon_parallel_executor.executor.parallel:run_until_complete finished with '0'
[7.186s] DEBUG:colcon.colcon_core.event_reactor:joining thread
[7.220s] INFO:colcon.colcon_core.plugin_system:Skipping extension 'colcon_notification.desktop_notification.terminal_notifier': Not used on non-Darwin systems
[7.221s] INFO:colcon.colcon_core.plugin_system:Skipping extension 'colcon_notification.desktop_notification.win32': Not used on non-Windows systems
[7.221s] INFO:colcon.colcon_notification.desktop_notification:Sending desktop notification using 'notify2'
[7.225s] DEBUG:colcon.colcon_notification.desktop_notification.notify2:Failed to initialize notify2: org.freedesktop.DBus.Error.ServiceUnknown: The name org.freedesktop.Notifications was not provided by any .service files
[7.226s] DEBUG:colcon.colcon_core.event_reactor:joined thread
[7.227s] INFO:colcon.colcon_core.shell:Creating prefix script '/home/ubuntu/my_space/autonomous_ROS/install/local_setup.ps1'
[7.233s] INFO:colcon.colcon_core.shell:Creating prefix util module '/home/ubuntu/my_space/autonomous_ROS/install/_local_setup_util_ps1.py'
[7.241s] INFO:colcon.colcon_core.shell:Creating prefix chain script '/home/ubuntu/my_space/autonomous_ROS/install/setup.ps1'
[7.252s] INFO:colcon.colcon_core.shell:Creating prefix script '/home/ubuntu/my_space/autonomous_ROS/install/local_setup.sh'
[7.256s] INFO:colcon.colcon_core.shell:Creating prefix util module '/home/ubuntu/my_space/autonomous_ROS/install/_local_setup_util_sh.py'
[7.262s] INFO:colcon.colcon_core.shell:Creating prefix chain script '/home/ubuntu/my_space/autonomous_ROS/install/setup.sh'
[7.272s] INFO:colcon.colcon_core.shell:Creating prefix script '/home/ubuntu/my_space/autonomous_ROS/install/local_setup.bash'
[7.276s] INFO:colcon.colcon_core.shell:Creating prefix chain script '/home/ubuntu/my_space/autonomous_ROS/install/setup.bash'
[7.283s] INFO:colcon.colcon_core.shell:Creating prefix script '/home/ubuntu/my_space/autonomous_ROS/install/local_setup.zsh'
[7.287s] INFO:colcon.colcon_core.shell:Creating prefix chain script '/home/ubuntu/my_space/autonomous_ROS/install/setup.zsh'
