running develop
Removing /home/ubuntu/my_space/autonomous_ROS/install/my_robot_slam/lib/python3.10/site-packages/my-robot-slam.egg-link (link to .)
running egg_info
writing ../../build/my_robot_slam/my_robot_slam.egg-info/PKG-INFO
writing dependency_links to ../../build/my_robot_slam/my_robot_slam.egg-info/dependency_links.txt
writing entry points to ../../build/my_robot_slam/my_robot_slam.egg-info/entry_points.txt
writing requirements to ../../build/my_robot_slam/my_robot_slam.egg-info/requires.txt
writing top-level names to ../../build/my_robot_slam/my_robot_slam.egg-info/top_level.txt
reading manifest file '../../build/my_robot_slam/my_robot_slam.egg-info/SOURCES.txt'
writing manifest file '../../build/my_robot_slam/my_robot_slam.egg-info/SOURCES.txt'
running build
running build_py
creating /home/ubuntu/my_space/autonomous_ROS/build/my_robot_slam/build
creating /home/ubuntu/my_space/autonomous_ROS/build/my_robot_slam/build/lib
creating /home/ubuntu/my_space/autonomous_ROS/build/my_robot_slam/build/lib/my_robot_slam
copying my_robot_slam/__init__.py -> /home/ubuntu/my_space/autonomous_ROS/build/my_robot_slam/build/lib/my_robot_slam
running install
running install_lib
creating /home/ubuntu/my_space/autonomous_ROS/install/my_robot_slam/lib/python3.10/site-packages/my_robot_slam
copying /home/ubuntu/my_space/autonomous_ROS/build/my_robot_slam/build/lib/my_robot_slam/__init__.py -> /home/ubuntu/my_space/autonomous_ROS/install/my_robot_slam/lib/python3.10/site-packages/my_robot_slam
byte-compiling /home/ubuntu/my_space/autonomous_ROS/install/my_robot_slam/lib/python3.10/site-packages/my_robot_slam/__init__.py to __init__.cpython-310.pyc
running install_data
copying resource/my_robot_slam -> /home/ubuntu/my_space/autonomous_ROS/install/my_robot_slam/share/ament_index/resource_index/packages
copying package.xml -> /home/ubuntu/my_space/autonomous_ROS/install/my_robot_slam/share/my_robot_slam
running install_egg_info
Copying ../../build/my_robot_slam/my_robot_slam.egg-info to /home/ubuntu/my_space/autonomous_ROS/install/my_robot_slam/lib/python3.10/site-packages/my_robot_slam-0.0.0-py3.10.egg-info
running install_scripts
writing list of installed files to '/home/ubuntu/my_space/autonomous_ROS/build/my_robot_slam/install.log'
