[3.391s] Invoking command in '/home/ubuntu/my_space/autonomous_ROS/build/my_robot_slam': PYTHONPATH=/home/ubuntu/my_space/autonomous_ROS/build/my_robot_slam/prefix_override:/usr/lib/python3/dist-packages/colcon_core/task/python/colcon_distutils_commands:/home/ubuntu/my_space/autonomous_ROS/install/my_robot_slam/lib/python3.10/site-packages:${PYTHONPATH} /usr/bin/python3 -W ignore:setup.py install is deprecated -W ignore:easy_install command is deprecated setup.py develop --uninstall --editable --build-directory /home/ubuntu/my_space/autonomous_ROS/build/my_robot_slam/build
[4.768s] running develop
[5.629s] Removing /home/ubuntu/my_space/autonomous_ROS/install/my_robot_slam/lib/python3.10/site-packages/my-robot-slam.egg-link (link to .)
[5.773s] Invoked command in '/home/ubuntu/my_space/autonomous_ROS/build/my_robot_slam' returned '0': PYTHONPATH=/home/ubuntu/my_space/autonomous_ROS/build/my_robot_slam/prefix_override:/usr/lib/python3/dist-packages/colcon_core/task/python/colcon_distutils_commands:/home/ubuntu/my_space/autonomous_ROS/install/my_robot_slam/lib/python3.10/site-packages:${PYTHONPATH} /usr/bin/python3 -W ignore:setup.py install is deprecated -W ignore:easy_install command is deprecated setup.py develop --uninstall --editable --build-directory /home/ubuntu/my_space/autonomous_ROS/build/my_robot_slam/build
[5.783s] Invoking command in '/home/ubuntu/my_space/autonomous_ROS/src/my_robot_slam': PYTHONPATH=/home/ubuntu/my_space/autonomous_ROS/build/my_robot_slam/prefix_override:/usr/lib/python3/dist-packages/colcon_core/task/python/colcon_distutils_commands:/home/ubuntu/my_space/autonomous_ROS/install/my_robot_slam/lib/python3.10/site-packages:${PYTHONPATH} /usr/bin/python3 -W ignore:setup.py install is deprecated -W ignore:easy_install command is deprecated setup.py egg_info --egg-base ../../build/my_robot_slam build --build-base /home/ubuntu/my_space/autonomous_ROS/build/my_robot_slam/build install --record /home/ubuntu/my_space/autonomous_ROS/build/my_robot_slam/install.log --single-version-externally-managed install_data --force
[7.066s] running egg_info
[7.069s] writing ../../build/my_robot_slam/my_robot_slam.egg-info/PKG-INFO
[7.070s] writing dependency_links to ../../build/my_robot_slam/my_robot_slam.egg-info/dependency_links.txt
[7.071s] writing entry points to ../../build/my_robot_slam/my_robot_slam.egg-info/entry_points.txt
[7.072s] writing requirements to ../../build/my_robot_slam/my_robot_slam.egg-info/requires.txt
[7.073s] writing top-level names to ../../build/my_robot_slam/my_robot_slam.egg-info/top_level.txt
[7.083s] reading manifest file '../../build/my_robot_slam/my_robot_slam.egg-info/SOURCES.txt'
[7.087s] writing manifest file '../../build/my_robot_slam/my_robot_slam.egg-info/SOURCES.txt'
[7.088s] running build
[7.088s] running build_py
[7.089s] creating /home/ubuntu/my_space/autonomous_ROS/build/my_robot_slam/build
[7.090s] creating /home/ubuntu/my_space/autonomous_ROS/build/my_robot_slam/build/lib
[7.090s] creating /home/ubuntu/my_space/autonomous_ROS/build/my_robot_slam/build/lib/my_robot_slam
[7.091s] copying my_robot_slam/__init__.py -> /home/ubuntu/my_space/autonomous_ROS/build/my_robot_slam/build/lib/my_robot_slam
[7.091s] running install
[7.092s] running install_lib
[7.096s] creating /home/ubuntu/my_space/autonomous_ROS/install/my_robot_slam/lib/python3.10/site-packages/my_robot_slam
[7.097s] copying /home/ubuntu/my_space/autonomous_ROS/build/my_robot_slam/build/lib/my_robot_slam/__init__.py -> /home/ubuntu/my_space/autonomous_ROS/install/my_robot_slam/lib/python3.10/site-packages/my_robot_slam
[7.100s] byte-compiling /home/ubuntu/my_space/autonomous_ROS/install/my_robot_slam/lib/python3.10/site-packages/my_robot_slam/__init__.py to __init__.cpython-310.pyc
[7.102s] running install_data
[7.102s] copying resource/my_robot_slam -> /home/ubuntu/my_space/autonomous_ROS/install/my_robot_slam/share/ament_index/resource_index/packages
[7.103s] copying package.xml -> /home/ubuntu/my_space/autonomous_ROS/install/my_robot_slam/share/my_robot_slam
[7.104s] running install_egg_info
[7.113s] Copying ../../build/my_robot_slam/my_robot_slam.egg-info to /home/ubuntu/my_space/autonomous_ROS/install/my_robot_slam/lib/python3.10/site-packages/my_robot_slam-0.0.0-py3.10.egg-info
[7.120s] running install_scripts
[7.219s] writing list of installed files to '/home/ubuntu/my_space/autonomous_ROS/build/my_robot_slam/install.log'
[7.343s] Invoked command in '/home/ubuntu/my_space/autonomous_ROS/src/my_robot_slam' returned '0': PYTHONPATH=/home/ubuntu/my_space/autonomous_ROS/build/my_robot_slam/prefix_override:/usr/lib/python3/dist-packages/colcon_core/task/python/colcon_distutils_commands:/home/ubuntu/my_space/autonomous_ROS/install/my_robot_slam/lib/python3.10/site-packages:${PYTHONPATH} /usr/bin/python3 -W ignore:setup.py install is deprecated -W ignore:easy_install command is deprecated setup.py egg_info --egg-base ../../build/my_robot_slam build --build-base /home/ubuntu/my_space/autonomous_ROS/build/my_robot_slam/build install --record /home/ubuntu/my_space/autonomous_ROS/build/my_robot_slam/install.log --single-version-externally-managed install_data --force
