[0.505s] DEBUG:colcon:Command line arguments: ['/usr/bin/colcon', 'build', '--packages-select', 'enc_motor_control']
[0.506s] DEBUG:colcon:Parsed command line arguments: Namespace(log_base=None, log_level=None, verb_name='build', build_base='build', install_base='install', merge_install=False, symlink_install=False, test_result_base=None, continue_on_error=False, executor='parallel', parallel_workers=4, event_handlers=None, ignore_user_meta=False, metas=['./colcon.meta'], base_paths=['.'], packages_ignore=None, packages_ignore_regex=None, paths=None, packages_up_to=None, packages_up_to_regex=None, packages_above=None, packages_above_and_dependencies=None, packages_above_depth=None, packages_select_by_dep=None, packages_skip_by_dep=None, packages_skip_up_to=None, packages_select_build_failed=False, packages_skip_build_finished=False, packages_select_test_failures=False, packages_skip_test_passed=False, packages_select=['enc_motor_control'], packages_skip=None, packages_select_regex=None, packages_skip_regex=None, packages_start=None, packages_end=None, allow_overriding=[], cmake_args=None, cmake_target=None, cmake_target_skip_unavailable=False, cmake_clean_cache=False, cmake_clean_first=False, cmake_force_configure=False, ament_cmake_args=None, catkin_cmake_args=None, catkin_skip_building_tests=False, mixin_files=None, mixin=None, verb_parser=<colcon_mixin.mixin.mixin_argument.MixinArgumentDecorator object at 0xffffb57ac6d0>, verb_extension=<colcon_core.verb.build.BuildVerb object at 0xffffb58a15d0>, main=<bound method BuildVerb.main of <colcon_core.verb.build.BuildVerb object at 0xffffb58a15d0>>, mixin_verb=('build',))
[1.316s] Level 1:colcon.colcon_core.package_discovery:discover_packages(colcon_meta) check parameters
[1.317s] Level 1:colcon.colcon_core.package_discovery:discover_packages(recursive) check parameters
[1.317s] Level 1:colcon.colcon_core.package_discovery:discover_packages(ignore) check parameters
[1.317s] Level 1:colcon.colcon_core.package_discovery:discover_packages(path) check parameters
[1.317s] Level 1:colcon.colcon_core.package_discovery:discover_packages(colcon_meta) discover
[1.317s] Level 1:colcon.colcon_core.package_discovery:discover_packages(recursive) discover
[1.318s] INFO:colcon.colcon_core.package_discovery:Crawling recursively for packages in '/home/ubuntu/my_space/autonomous_ROS'
[1.318s] Level 1:colcon.colcon_core.package_identification:_identify(.) by extensions ['ignore', 'ignore_ament_install']
[1.319s] Level 1:colcon.colcon_core.package_identification:_identify(.) by extension 'ignore'
[1.319s] Level 1:colcon.colcon_core.package_identification:_identify(.) by extension 'ignore_ament_install'
[1.319s] Level 1:colcon.colcon_core.package_identification:_identify(.) by extensions ['colcon_pkg']
[1.319s] Level 1:colcon.colcon_core.package_identification:_identify(.) by extension 'colcon_pkg'
[1.320s] Level 1:colcon.colcon_core.package_identification:_identify(.) by extensions ['colcon_meta']
[1.320s] Level 1:colcon.colcon_core.package_identification:_identify(.) by extension 'colcon_meta'
[1.320s] Level 1:colcon.colcon_core.package_identification:_identify(.) by extensions ['ros']
[1.320s] Level 1:colcon.colcon_core.package_identification:_identify(.) by extension 'ros'
[1.375s] Level 1:colcon.colcon_core.package_identification:_identify(.) by extensions ['cmake', 'python']
[1.375s] Level 1:colcon.colcon_core.package_identification:_identify(.) by extension 'cmake'
[1.375s] Level 1:colcon.colcon_core.package_identification:_identify(.) by extension 'python'
[1.376s] Level 1:colcon.colcon_core.package_identification:_identify(.) by extensions ['python_setup_py']
[1.376s] Level 1:colcon.colcon_core.package_identification:_identify(.) by extension 'python_setup_py'
[1.377s] Level 1:colcon.colcon_core.package_identification:_identify(assets) by extensions ['ignore', 'ignore_ament_install']
[1.377s] Level 1:colcon.colcon_core.package_identification:_identify(assets) by extension 'ignore'
[1.377s] Level 1:colcon.colcon_core.package_identification:_identify(assets) by extension 'ignore_ament_install'
[1.378s] Level 1:colcon.colcon_core.package_identification:_identify(assets) by extensions ['colcon_pkg']
[1.378s] Level 1:colcon.colcon_core.package_identification:_identify(assets) by extension 'colcon_pkg'
[1.378s] Level 1:colcon.colcon_core.package_identification:_identify(assets) by extensions ['colcon_meta']
[1.378s] Level 1:colcon.colcon_core.package_identification:_identify(assets) by extension 'colcon_meta'
[1.378s] Level 1:colcon.colcon_core.package_identification:_identify(assets) by extensions ['ros']
[1.379s] Level 1:colcon.colcon_core.package_identification:_identify(assets) by extension 'ros'
[1.379s] Level 1:colcon.colcon_core.package_identification:_identify(assets) by extensions ['cmake', 'python']
[1.379s] Level 1:colcon.colcon_core.package_identification:_identify(assets) by extension 'cmake'
[1.379s] Level 1:colcon.colcon_core.package_identification:_identify(assets) by extension 'python'
[1.380s] Level 1:colcon.colcon_core.package_identification:_identify(assets) by extensions ['python_setup_py']
[1.380s] Level 1:colcon.colcon_core.package_identification:_identify(assets) by extension 'python_setup_py'
[1.380s] Level 1:colcon.colcon_core.package_identification:_identify(build) by extensions ['ignore', 'ignore_ament_install']
[1.381s] Level 1:colcon.colcon_core.package_identification:_identify(build) by extension 'ignore'
[1.381s] Level 1:colcon.colcon_core.package_identification:_identify(build) ignored
[1.382s] Level 1:colcon.colcon_core.package_identification:_identify(install) by extensions ['ignore', 'ignore_ament_install']
[1.382s] Level 1:colcon.colcon_core.package_identification:_identify(install) by extension 'ignore'
[1.382s] Level 1:colcon.colcon_core.package_identification:_identify(install) ignored
[1.383s] Level 1:colcon.colcon_core.package_identification:_identify(launch) by extensions ['ignore', 'ignore_ament_install']
[1.383s] Level 1:colcon.colcon_core.package_identification:_identify(launch) by extension 'ignore'
[1.383s] Level 1:colcon.colcon_core.package_identification:_identify(launch) by extension 'ignore_ament_install'
[1.384s] Level 1:colcon.colcon_core.package_identification:_identify(launch) by extensions ['colcon_pkg']
[1.384s] Level 1:colcon.colcon_core.package_identification:_identify(launch) by extension 'colcon_pkg'
[1.384s] Level 1:colcon.colcon_core.package_identification:_identify(launch) by extensions ['colcon_meta']
[1.384s] Level 1:colcon.colcon_core.package_identification:_identify(launch) by extension 'colcon_meta'
[1.384s] Level 1:colcon.colcon_core.package_identification:_identify(launch) by extensions ['ros']
[1.385s] Level 1:colcon.colcon_core.package_identification:_identify(launch) by extension 'ros'
[1.385s] Level 1:colcon.colcon_core.package_identification:_identify(launch) by extensions ['cmake', 'python']
[1.385s] Level 1:colcon.colcon_core.package_identification:_identify(launch) by extension 'cmake'
[1.385s] Level 1:colcon.colcon_core.package_identification:_identify(launch) by extension 'python'
[1.385s] Level 1:colcon.colcon_core.package_identification:_identify(launch) by extensions ['python_setup_py']
[1.386s] Level 1:colcon.colcon_core.package_identification:_identify(launch) by extension 'python_setup_py'
[1.386s] Level 1:colcon.colcon_core.package_identification:_identify(launch/__pycache__) by extensions ['ignore', 'ignore_ament_install']
[1.387s] Level 1:colcon.colcon_core.package_identification:_identify(launch/__pycache__) by extension 'ignore'
[1.387s] Level 1:colcon.colcon_core.package_identification:_identify(launch/__pycache__) by extension 'ignore_ament_install'
[1.387s] Level 1:colcon.colcon_core.package_identification:_identify(launch/__pycache__) by extensions ['colcon_pkg']
[1.387s] Level 1:colcon.colcon_core.package_identification:_identify(launch/__pycache__) by extension 'colcon_pkg'
[1.387s] Level 1:colcon.colcon_core.package_identification:_identify(launch/__pycache__) by extensions ['colcon_meta']
[1.388s] Level 1:colcon.colcon_core.package_identification:_identify(launch/__pycache__) by extension 'colcon_meta'
[1.388s] Level 1:colcon.colcon_core.package_identification:_identify(launch/__pycache__) by extensions ['ros']
[1.388s] Level 1:colcon.colcon_core.package_identification:_identify(launch/__pycache__) by extension 'ros'
[1.388s] Level 1:colcon.colcon_core.package_identification:_identify(launch/__pycache__) by extensions ['cmake', 'python']
[1.389s] Level 1:colcon.colcon_core.package_identification:_identify(launch/__pycache__) by extension 'cmake'
[1.389s] Level 1:colcon.colcon_core.package_identification:_identify(launch/__pycache__) by extension 'python'
[1.389s] Level 1:colcon.colcon_core.package_identification:_identify(launch/__pycache__) by extensions ['python_setup_py']
[1.389s] Level 1:colcon.colcon_core.package_identification:_identify(launch/__pycache__) by extension 'python_setup_py'
[1.390s] Level 1:colcon.colcon_core.package_identification:_identify(log) by extensions ['ignore', 'ignore_ament_install']
[1.390s] Level 1:colcon.colcon_core.package_identification:_identify(log) by extension 'ignore'
[1.391s] Level 1:colcon.colcon_core.package_identification:_identify(log) ignored
[1.391s] Level 1:colcon.colcon_core.package_identification:_identify(src) by extensions ['ignore', 'ignore_ament_install']
[1.391s] Level 1:colcon.colcon_core.package_identification:_identify(src) by extension 'ignore'
[1.392s] Level 1:colcon.colcon_core.package_identification:_identify(src) by extension 'ignore_ament_install'
[1.392s] Level 1:colcon.colcon_core.package_identification:_identify(src) by extensions ['colcon_pkg']
[1.392s] Level 1:colcon.colcon_core.package_identification:_identify(src) by extension 'colcon_pkg'
[1.392s] Level 1:colcon.colcon_core.package_identification:_identify(src) by extensions ['colcon_meta']
[1.392s] Level 1:colcon.colcon_core.package_identification:_identify(src) by extension 'colcon_meta'
[1.393s] Level 1:colcon.colcon_core.package_identification:_identify(src) by extensions ['ros']
[1.393s] Level 1:colcon.colcon_core.package_identification:_identify(src) by extension 'ros'
[1.393s] Level 1:colcon.colcon_core.package_identification:_identify(src) by extensions ['cmake', 'python']
[1.393s] Level 1:colcon.colcon_core.package_identification:_identify(src) by extension 'cmake'
[1.394s] Level 1:colcon.colcon_core.package_identification:_identify(src) by extension 'python'
[1.394s] Level 1:colcon.colcon_core.package_identification:_identify(src) by extensions ['python_setup_py']
[1.394s] Level 1:colcon.colcon_core.package_identification:_identify(src) by extension 'python_setup_py'
[1.395s] Level 1:colcon.colcon_core.package_identification:_identify(src/enc_motor_control) by extensions ['ignore', 'ignore_ament_install']
[1.395s] Level 1:colcon.colcon_core.package_identification:_identify(src/enc_motor_control) by extension 'ignore'
[1.395s] Level 1:colcon.colcon_core.package_identification:_identify(src/enc_motor_control) by extension 'ignore_ament_install'
[1.395s] Level 1:colcon.colcon_core.package_identification:_identify(src/enc_motor_control) by extensions ['colcon_pkg']
[1.396s] Level 1:colcon.colcon_core.package_identification:_identify(src/enc_motor_control) by extension 'colcon_pkg'
[1.396s] Level 1:colcon.colcon_core.package_identification:_identify(src/enc_motor_control) by extensions ['colcon_meta']
[1.396s] Level 1:colcon.colcon_core.package_identification:_identify(src/enc_motor_control) by extension 'colcon_meta'
[1.396s] Level 1:colcon.colcon_core.package_identification:_identify(src/enc_motor_control) by extensions ['ros']
[1.396s] Level 1:colcon.colcon_core.package_identification:_identify(src/enc_motor_control) by extension 'ros'
[1.406s] DEBUG:colcon.colcon_core.package_identification:Package 'src/enc_motor_control' with type 'ros.ament_python' and name 'enc_motor_control'
[1.407s] Level 1:colcon.colcon_core.package_identification:_identify(src/motor_control) by extensions ['ignore', 'ignore_ament_install']
[1.407s] Level 1:colcon.colcon_core.package_identification:_identify(src/motor_control) by extension 'ignore'
[1.408s] Level 1:colcon.colcon_core.package_identification:_identify(src/motor_control) by extension 'ignore_ament_install'
[1.408s] Level 1:colcon.colcon_core.package_identification:_identify(src/motor_control) by extensions ['colcon_pkg']
[1.408s] Level 1:colcon.colcon_core.package_identification:_identify(src/motor_control) by extension 'colcon_pkg'
[1.409s] Level 1:colcon.colcon_core.package_identification:_identify(src/motor_control) by extensions ['colcon_meta']
[1.409s] Level 1:colcon.colcon_core.package_identification:_identify(src/motor_control) by extension 'colcon_meta'
[1.409s] Level 1:colcon.colcon_core.package_identification:_identify(src/motor_control) by extensions ['ros']
[1.409s] Level 1:colcon.colcon_core.package_identification:_identify(src/motor_control) by extension 'ros'
[1.412s] DEBUG:colcon.colcon_core.package_identification:Package 'src/motor_control' with type 'ros.ament_python' and name 'motor_control'
[1.413s] Level 1:colcon.colcon_core.package_identification:_identify(src/motor_encoder) by extensions ['ignore', 'ignore_ament_install']
[1.414s] Level 1:colcon.colcon_core.package_identification:_identify(src/motor_encoder) by extension 'ignore'
[1.414s] Level 1:colcon.colcon_core.package_identification:_identify(src/motor_encoder) by extension 'ignore_ament_install'
[1.414s] Level 1:colcon.colcon_core.package_identification:_identify(src/motor_encoder) by extensions ['colcon_pkg']
[1.415s] Level 1:colcon.colcon_core.package_identification:_identify(src/motor_encoder) by extension 'colcon_pkg'
[1.415s] Level 1:colcon.colcon_core.package_identification:_identify(src/motor_encoder) by extensions ['colcon_meta']
[1.415s] Level 1:colcon.colcon_core.package_identification:_identify(src/motor_encoder) by extension 'colcon_meta'
[1.415s] Level 1:colcon.colcon_core.package_identification:_identify(src/motor_encoder) by extensions ['ros']
[1.415s] Level 1:colcon.colcon_core.package_identification:_identify(src/motor_encoder) by extension 'ros'
[1.418s] DEBUG:colcon.colcon_core.package_identification:Package 'src/motor_encoder' with type 'ros.ament_python' and name 'motor_encoder'
[1.419s] Level 1:colcon.colcon_core.package_identification:_identify(src/mpu6050_imu) by extensions ['ignore', 'ignore_ament_install']
[1.420s] Level 1:colcon.colcon_core.package_identification:_identify(src/mpu6050_imu) by extension 'ignore'
[1.420s] Level 1:colcon.colcon_core.package_identification:_identify(src/mpu6050_imu) by extension 'ignore_ament_install'
[1.420s] Level 1:colcon.colcon_core.package_identification:_identify(src/mpu6050_imu) by extensions ['colcon_pkg']
[1.420s] Level 1:colcon.colcon_core.package_identification:_identify(src/mpu6050_imu) by extension 'colcon_pkg'
[1.420s] Level 1:colcon.colcon_core.package_identification:_identify(src/mpu6050_imu) by extensions ['colcon_meta']
[1.421s] Level 1:colcon.colcon_core.package_identification:_identify(src/mpu6050_imu) by extension 'colcon_meta'
[1.421s] Level 1:colcon.colcon_core.package_identification:_identify(src/mpu6050_imu) by extensions ['ros']
[1.421s] Level 1:colcon.colcon_core.package_identification:_identify(src/mpu6050_imu) by extension 'ros'
[1.424s] DEBUG:colcon.colcon_core.package_identification:Package 'src/mpu6050_imu' with type 'ros.ament_python' and name 'mpu6050_imu'
[1.425s] Level 1:colcon.colcon_core.package_identification:_identify(src/mybot37) by extensions ['ignore', 'ignore_ament_install']
[1.425s] Level 1:colcon.colcon_core.package_identification:_identify(src/mybot37) by extension 'ignore'
[1.425s] Level 1:colcon.colcon_core.package_identification:_identify(src/mybot37) by extension 'ignore_ament_install'
[1.426s] Level 1:colcon.colcon_core.package_identification:_identify(src/mybot37) by extensions ['colcon_pkg']
[1.426s] Level 1:colcon.colcon_core.package_identification:_identify(src/mybot37) by extension 'colcon_pkg'
[1.426s] Level 1:colcon.colcon_core.package_identification:_identify(src/mybot37) by extensions ['colcon_meta']
[1.426s] Level 1:colcon.colcon_core.package_identification:_identify(src/mybot37) by extension 'colcon_meta'
[1.426s] Level 1:colcon.colcon_core.package_identification:_identify(src/mybot37) by extensions ['ros']
[1.427s] Level 1:colcon.colcon_core.package_identification:_identify(src/mybot37) by extension 'ros'
[1.429s] DEBUG:colcon.colcon_core.package_identification:Package 'src/mybot37' with type 'ros.ament_cmake' and name 'mybot37'
[1.429s] Level 1:colcon.colcon_core.package_identification:_identify(test) by extensions ['ignore', 'ignore_ament_install']
[1.430s] Level 1:colcon.colcon_core.package_identification:_identify(test) by extension 'ignore'
[1.430s] Level 1:colcon.colcon_core.package_identification:_identify(test) by extension 'ignore_ament_install'
[1.430s] Level 1:colcon.colcon_core.package_identification:_identify(test) by extensions ['colcon_pkg']
[1.431s] Level 1:colcon.colcon_core.package_identification:_identify(test) by extension 'colcon_pkg'
[1.431s] Level 1:colcon.colcon_core.package_identification:_identify(test) by extensions ['colcon_meta']
[1.431s] Level 1:colcon.colcon_core.package_identification:_identify(test) by extension 'colcon_meta'
[1.431s] Level 1:colcon.colcon_core.package_identification:_identify(test) by extensions ['ros']
[1.431s] Level 1:colcon.colcon_core.package_identification:_identify(test) by extension 'ros'
[1.432s] Level 1:colcon.colcon_core.package_identification:_identify(test) by extensions ['cmake', 'python']
[1.432s] Level 1:colcon.colcon_core.package_identification:_identify(test) by extension 'cmake'
[1.432s] Level 1:colcon.colcon_core.package_identification:_identify(test) by extension 'python'
[1.432s] Level 1:colcon.colcon_core.package_identification:_identify(test) by extensions ['python_setup_py']
[1.432s] Level 1:colcon.colcon_core.package_identification:_identify(test) by extension 'python_setup_py'
[1.433s] Level 1:colcon.colcon_core.package_discovery:discover_packages(recursive) using defaults
[1.433s] Level 1:colcon.colcon_core.package_discovery:discover_packages(ignore) discover
[1.433s] Level 1:colcon.colcon_core.package_discovery:discover_packages(ignore) using defaults
[1.433s] Level 1:colcon.colcon_core.package_discovery:discover_packages(path) discover
[1.433s] Level 1:colcon.colcon_core.package_discovery:discover_packages(path) using defaults
[1.521s] INFO:colcon.colcon_core.package_selection:Skipping not selected package 'motor_control' in 'src/motor_control'
[1.521s] INFO:colcon.colcon_core.package_selection:Skipping not selected package 'motor_encoder' in 'src/motor_encoder'
[1.521s] INFO:colcon.colcon_core.package_selection:Skipping not selected package 'mpu6050_imu' in 'src/mpu6050_imu'
[1.521s] INFO:colcon.colcon_core.package_selection:Skipping not selected package 'mybot37' in 'src/mybot37'
[1.523s] Level 1:colcon.colcon_core.package_discovery:discover_packages(prefix_path) check parameters
[1.524s] Level 1:colcon.colcon_core.package_discovery:discover_packages(prefix_path) discover
[1.533s] DEBUG:colcon.colcon_installed_package_information.package_discovery:Found 3 installed packages in /home/ubuntu/my_space/autonomous_ROS/install
[1.541s] DEBUG:colcon.colcon_installed_package_information.package_discovery:Found 187 installed packages in /opt/ros/humble
[1.546s] Level 1:colcon.colcon_core.package_discovery:discover_packages(prefix_path) using defaults
[1.715s] Level 5:colcon.colcon_core.verb:set package 'enc_motor_control' build argument 'cmake_args' from command line to 'None'
[1.715s] Level 5:colcon.colcon_core.verb:set package 'enc_motor_control' build argument 'cmake_target' from command line to 'None'
[1.715s] Level 5:colcon.colcon_core.verb:set package 'enc_motor_control' build argument 'cmake_target_skip_unavailable' from command line to 'False'
[1.715s] Level 5:colcon.colcon_core.verb:set package 'enc_motor_control' build argument 'cmake_clean_cache' from command line to 'False'
[1.715s] Level 5:colcon.colcon_core.verb:set package 'enc_motor_control' build argument 'cmake_clean_first' from command line to 'False'
[1.716s] Level 5:colcon.colcon_core.verb:set package 'enc_motor_control' build argument 'cmake_force_configure' from command line to 'False'
[1.716s] Level 5:colcon.colcon_core.verb:set package 'enc_motor_control' build argument 'ament_cmake_args' from command line to 'None'
[1.716s] Level 5:colcon.colcon_core.verb:set package 'enc_motor_control' build argument 'catkin_cmake_args' from command line to 'None'
[1.716s] Level 5:colcon.colcon_core.verb:set package 'enc_motor_control' build argument 'catkin_skip_building_tests' from command line to 'False'
[1.716s] DEBUG:colcon.colcon_core.verb:Building package 'enc_motor_control' with the following arguments: {'ament_cmake_args': None, 'build_base': '/home/ubuntu/my_space/autonomous_ROS/build/enc_motor_control', 'catkin_cmake_args': None, 'catkin_skip_building_tests': False, 'cmake_args': None, 'cmake_clean_cache': False, 'cmake_clean_first': False, 'cmake_force_configure': False, 'cmake_target': None, 'cmake_target_skip_unavailable': False, 'install_base': '/home/ubuntu/my_space/autonomous_ROS/install/enc_motor_control', 'merge_install': False, 'path': '/home/ubuntu/my_space/autonomous_ROS/src/enc_motor_control', 'symlink_install': False, 'test_result_base': None}
[1.717s] INFO:colcon.colcon_core.executor:Executing jobs using 'parallel' executor
[1.720s] DEBUG:colcon.colcon_parallel_executor.executor.parallel:run_until_complete
[1.721s] INFO:colcon.colcon_ros.task.ament_python.build:Building ROS package in '/home/ubuntu/my_space/autonomous_ROS/src/enc_motor_control' with build type 'ament_python'
[1.722s] Level 1:colcon.colcon_core.shell:create_environment_hook('enc_motor_control', 'ament_prefix_path')
[1.733s] INFO:colcon.colcon_core.plugin_system:Skipping extension 'colcon_core.shell.bat': Not used on non-Windows systems
[1.735s] INFO:colcon.colcon_core.shell:Creating environment hook '/home/ubuntu/my_space/autonomous_ROS/install/enc_motor_control/share/enc_motor_control/hook/ament_prefix_path.ps1'
[1.739s] INFO:colcon.colcon_core.shell:Creating environment descriptor '/home/ubuntu/my_space/autonomous_ROS/install/enc_motor_control/share/enc_motor_control/hook/ament_prefix_path.dsv'
[1.741s] INFO:colcon.colcon_core.shell:Creating environment hook '/home/ubuntu/my_space/autonomous_ROS/install/enc_motor_control/share/enc_motor_control/hook/ament_prefix_path.sh'
[1.745s] INFO:colcon.colcon_core.shell:Skip shell extension 'powershell' for command environment: Not usable outside of PowerShell
[1.745s] DEBUG:colcon.colcon_core.shell:Skip shell extension 'dsv' for command environment
[2.997s] INFO:colcon.colcon_core.task.python.build:Building Python package in '/home/ubuntu/my_space/autonomous_ROS/src/enc_motor_control'
[2.998s] INFO:colcon.colcon_core.shell:Skip shell extension 'powershell' for command environment: Not usable outside of PowerShell
[2.998s] DEBUG:colcon.colcon_core.shell:Skip shell extension 'dsv' for command environment
[4.753s] DEBUG:colcon.colcon_core.event_handler.log_command:Invoking command in '/home/ubuntu/my_space/autonomous_ROS/src/enc_motor_control': PYTHONPATH=/home/ubuntu/my_space/autonomous_ROS/build/enc_motor_control/prefix_override:/usr/lib/python3/dist-packages/colcon_core/task/python/colcon_distutils_commands:/home/ubuntu/my_space/autonomous_ROS/install/enc_motor_control/lib/python3.10/site-packages:${PYTHONPATH} /usr/bin/python3 -W ignore:setup.py install is deprecated -W ignore:easy_install command is deprecated setup.py egg_info --egg-base ../../build/enc_motor_control build --build-base /home/ubuntu/my_space/autonomous_ROS/build/enc_motor_control/build install --record /home/ubuntu/my_space/autonomous_ROS/build/enc_motor_control/install.log --single-version-externally-managed install_data
[6.195s] DEBUG:colcon.colcon_core.event_handler.log_command:Invoked command in '/home/ubuntu/my_space/autonomous_ROS/src/enc_motor_control' returned '0': PYTHONPATH=/home/ubuntu/my_space/autonomous_ROS/build/enc_motor_control/prefix_override:/usr/lib/python3/dist-packages/colcon_core/task/python/colcon_distutils_commands:/home/ubuntu/my_space/autonomous_ROS/install/enc_motor_control/lib/python3.10/site-packages:${PYTHONPATH} /usr/bin/python3 -W ignore:setup.py install is deprecated -W ignore:easy_install command is deprecated setup.py egg_info --egg-base ../../build/enc_motor_control build --build-base /home/ubuntu/my_space/autonomous_ROS/build/enc_motor_control/build install --record /home/ubuntu/my_space/autonomous_ROS/build/enc_motor_control/install.log --single-version-externally-managed install_data
[6.208s] Level 1:colcon.colcon_core.environment:checking '/home/ubuntu/my_space/autonomous_ROS/install/enc_motor_control' for CMake module files
[6.210s] Level 1:colcon.colcon_core.environment:checking '/home/ubuntu/my_space/autonomous_ROS/install/enc_motor_control' for CMake config files
[6.215s] Level 1:colcon.colcon_core.environment:checking '/home/ubuntu/my_space/autonomous_ROS/install/enc_motor_control/lib'
[6.216s] Level 1:colcon.colcon_core.environment:checking '/home/ubuntu/my_space/autonomous_ROS/install/enc_motor_control/bin'
[6.216s] Level 1:colcon.colcon_core.environment:checking '/home/ubuntu/my_space/autonomous_ROS/install/enc_motor_control/lib/pkgconfig/enc_motor_control.pc'
[6.217s] Level 1:colcon.colcon_core.environment:checking '/home/ubuntu/my_space/autonomous_ROS/install/enc_motor_control/lib/python3.10/site-packages'
[6.217s] Level 1:colcon.colcon_core.shell:create_environment_hook('enc_motor_control', 'pythonpath')
[6.218s] INFO:colcon.colcon_core.shell:Creating environment hook '/home/ubuntu/my_space/autonomous_ROS/install/enc_motor_control/share/enc_motor_control/hook/pythonpath.ps1'
[6.220s] INFO:colcon.colcon_core.shell:Creating environment descriptor '/home/ubuntu/my_space/autonomous_ROS/install/enc_motor_control/share/enc_motor_control/hook/pythonpath.dsv'
[6.222s] INFO:colcon.colcon_core.shell:Creating environment hook '/home/ubuntu/my_space/autonomous_ROS/install/enc_motor_control/share/enc_motor_control/hook/pythonpath.sh'
[6.225s] Level 1:colcon.colcon_core.environment:checking '/home/ubuntu/my_space/autonomous_ROS/install/enc_motor_control/bin'
[6.225s] Level 1:colcon.colcon_core.environment:create_environment_scripts_only(enc_motor_control)
[6.227s] INFO:colcon.colcon_core.shell:Creating package script '/home/ubuntu/my_space/autonomous_ROS/install/enc_motor_control/share/enc_motor_control/package.ps1'
[6.230s] INFO:colcon.colcon_core.shell:Creating package descriptor '/home/ubuntu/my_space/autonomous_ROS/install/enc_motor_control/share/enc_motor_control/package.dsv'
[6.233s] INFO:colcon.colcon_core.shell:Creating package script '/home/ubuntu/my_space/autonomous_ROS/install/enc_motor_control/share/enc_motor_control/package.sh'
[6.237s] INFO:colcon.colcon_core.shell:Creating package script '/home/ubuntu/my_space/autonomous_ROS/install/enc_motor_control/share/enc_motor_control/package.bash'
[6.240s] INFO:colcon.colcon_core.shell:Creating package script '/home/ubuntu/my_space/autonomous_ROS/install/enc_motor_control/share/enc_motor_control/package.zsh'
[6.244s] Level 1:colcon.colcon_core.environment:create_file_with_runtime_dependencies(/home/ubuntu/my_space/autonomous_ROS/install/enc_motor_control/share/colcon-core/packages/enc_motor_control)
[6.246s] DEBUG:colcon.colcon_parallel_executor.executor.parallel:closing loop
[6.247s] DEBUG:colcon.colcon_parallel_executor.executor.parallel:loop closed
[6.247s] DEBUG:colcon.colcon_parallel_executor.executor.parallel:run_until_complete finished with '0'
[6.247s] DEBUG:colcon.colcon_core.event_reactor:joining thread
[6.272s] INFO:colcon.colcon_core.plugin_system:Skipping extension 'colcon_notification.desktop_notification.terminal_notifier': Not used on non-Darwin systems
[6.273s] INFO:colcon.colcon_core.plugin_system:Skipping extension 'colcon_notification.desktop_notification.win32': Not used on non-Windows systems
[6.273s] INFO:colcon.colcon_notification.desktop_notification:Sending desktop notification using 'notify2'
[6.276s] DEBUG:colcon.colcon_notification.desktop_notification.notify2:Failed to initialize notify2: org.freedesktop.DBus.Error.ServiceUnknown: The name org.freedesktop.Notifications was not provided by any .service files
[6.276s] DEBUG:colcon.colcon_core.event_reactor:joined thread
[6.277s] INFO:colcon.colcon_core.shell:Creating prefix script '/home/ubuntu/my_space/autonomous_ROS/install/local_setup.ps1'
[6.282s] INFO:colcon.colcon_core.shell:Creating prefix util module '/home/ubuntu/my_space/autonomous_ROS/install/_local_setup_util_ps1.py'
[6.288s] INFO:colcon.colcon_core.shell:Creating prefix chain script '/home/ubuntu/my_space/autonomous_ROS/install/setup.ps1'
[6.294s] INFO:colcon.colcon_core.shell:Creating prefix script '/home/ubuntu/my_space/autonomous_ROS/install/local_setup.sh'
[6.297s] INFO:colcon.colcon_core.shell:Creating prefix util module '/home/ubuntu/my_space/autonomous_ROS/install/_local_setup_util_sh.py'
[6.300s] INFO:colcon.colcon_core.shell:Creating prefix chain script '/home/ubuntu/my_space/autonomous_ROS/install/setup.sh'
[6.306s] INFO:colcon.colcon_core.shell:Creating prefix script '/home/ubuntu/my_space/autonomous_ROS/install/local_setup.bash'
[6.309s] INFO:colcon.colcon_core.shell:Creating prefix chain script '/home/ubuntu/my_space/autonomous_ROS/install/setup.bash'
[6.314s] INFO:colcon.colcon_core.shell:Creating prefix script '/home/ubuntu/my_space/autonomous_ROS/install/local_setup.zsh'
[6.317s] INFO:colcon.colcon_core.shell:Creating prefix chain script '/home/ubuntu/my_space/autonomous_ROS/install/setup.zsh'
