running egg_info
creating ../../build/enc_motor_control/enc_motor_control.egg-info
writing ../../build/enc_motor_control/enc_motor_control.egg-info/PKG-INFO
writing dependency_links to ../../build/enc_motor_control/enc_motor_control.egg-info/dependency_links.txt
writing entry points to ../../build/enc_motor_control/enc_motor_control.egg-info/entry_points.txt
writing requirements to ../../build/enc_motor_control/enc_motor_control.egg-info/requires.txt
writing top-level names to ../../build/enc_motor_control/enc_motor_control.egg-info/top_level.txt
writing manifest file '../../build/enc_motor_control/enc_motor_control.egg-info/SOURCES.txt'
reading manifest file '../../build/enc_motor_control/enc_motor_control.egg-info/SOURCES.txt'
writing manifest file '../../build/enc_motor_control/enc_motor_control.egg-info/SOURCES.txt'
running build
running build_py
creating /home/ubuntu/my_space/autonomous_ROS/build/enc_motor_control/build
creating /home/ubuntu/my_space/autonomous_ROS/build/enc_motor_control/build/lib
creating /home/ubuntu/my_space/autonomous_ROS/build/enc_motor_control/build/lib/enc_motor_control
copying enc_motor_control/__init__.py -> /home/ubuntu/my_space/autonomous_ROS/build/enc_motor_control/build/lib/enc_motor_control
copying enc_motor_control/enc_motor_controller.py -> /home/ubuntu/my_space/autonomous_ROS/build/enc_motor_control/build/lib/enc_motor_control
running install
running install_lib
creating /home/ubuntu/my_space/autonomous_ROS/install/enc_motor_control/lib/python3.10/site-packages/enc_motor_control
copying /home/ubuntu/my_space/autonomous_ROS/build/enc_motor_control/build/lib/enc_motor_control/__init__.py -> /home/ubuntu/my_space/autonomous_ROS/install/enc_motor_control/lib/python3.10/site-packages/enc_motor_control
copying /home/ubuntu/my_space/autonomous_ROS/build/enc_motor_control/build/lib/enc_motor_control/enc_motor_controller.py -> /home/ubuntu/my_space/autonomous_ROS/install/enc_motor_control/lib/python3.10/site-packages/enc_motor_control
byte-compiling /home/ubuntu/my_space/autonomous_ROS/install/enc_motor_control/lib/python3.10/site-packages/enc_motor_control/__init__.py to __init__.cpython-310.pyc
byte-compiling /home/ubuntu/my_space/autonomous_ROS/install/enc_motor_control/lib/python3.10/site-packages/enc_motor_control/enc_motor_controller.py to enc_motor_controller.cpython-310.pyc
running install_data
creating /home/ubuntu/my_space/autonomous_ROS/install/enc_motor_control/share/ament_index
creating /home/ubuntu/my_space/autonomous_ROS/install/enc_motor_control/share/ament_index/resource_index
creating /home/ubuntu/my_space/autonomous_ROS/install/enc_motor_control/share/ament_index/resource_index/packages
copying resource/enc_motor_control -> /home/ubuntu/my_space/autonomous_ROS/install/enc_motor_control/share/ament_index/resource_index/packages
copying package.xml -> /home/ubuntu/my_space/autonomous_ROS/install/enc_motor_control/share/enc_motor_control
running install_egg_info
Copying ../../build/enc_motor_control/enc_motor_control.egg-info to /home/ubuntu/my_space/autonomous_ROS/install/enc_motor_control/lib/python3.10/site-packages/enc_motor_control-0.0.0-py3.10.egg-info
running install_scripts
Installing enc_motor_controller script to /home/ubuntu/my_space/autonomous_ROS/install/enc_motor_control/lib/enc_motor_control
writing list of installed files to '/home/ubuntu/my_space/autonomous_ROS/build/enc_motor_control/install.log'
