[1.516s] DEBUG:colcon:Command line arguments: ['/usr/bin/colcon', 'build', '--packages-select', 'dual_motor']
[1.517s] DEBUG:colcon:Parsed command line arguments: Namespace(allow_overriding=[], ament_cmake_args=None, base_paths=['.'], build_base='build', catkin_cmake_args=None, catkin_skip_building_tests=False, cmake_args=None, cmake_clean_cache=False, cmake_clean_first=False, cmake_force_configure=False, cmake_target=None, cmake_target_skip_unavailable=False, continue_on_error=False, event_handlers=None, executor='parallel', ignore_user_meta=False, install_base='install', log_base=None, log_level=None, main=<bound method BuildVerb.main of <colcon_core.verb.build.BuildVerb object at 0x7fb27c66d0>>, merge_install=False, metas=['./colcon.meta'], mixin=None, mixin_files=None, mixin_verb=('build',), packages_above=None, packages_above_and_dependencies=None, packages_above_depth=None, packages_end=None, packages_ignore=None, packages_ignore_regex=None, packages_select=['dual_motor'], packages_select_build_failed=False, packages_select_by_dep=None, packages_select_regex=None, packages_select_test_failures=False, packages_skip=None, packages_skip_build_finished=False, packages_skip_by_dep=None, packages_skip_regex=None, packages_skip_test_passed=False, packages_skip_up_to=None, packages_start=None, packages_up_to=None, packages_up_to_regex=None, parallel_workers=4, paths=None, symlink_install=False, test_result_base=None, verb_extension=<colcon_core.verb.build.BuildVerb object at 0x7fb27c66d0>, verb_name='build', verb_parser=<colcon_mixin.mixin.mixin_argument.MixinArgumentDecorator object at 0x7fb2711d30>)
[2.541s] Level 1:colcon.colcon_core.package_discovery:discover_packages(colcon_meta) check parameters
[2.542s] Level 1:colcon.colcon_core.package_discovery:discover_packages(recursive) check parameters
[2.542s] Level 1:colcon.colcon_core.package_discovery:discover_packages(ignore) check parameters
[2.542s] Level 1:colcon.colcon_core.package_discovery:discover_packages(path) check parameters
[2.542s] Level 1:colcon.colcon_core.package_discovery:discover_packages(colcon_meta) discover
[2.543s] Level 1:colcon.colcon_core.package_discovery:discover_packages(recursive) discover
[2.543s] INFO:colcon.colcon_core.package_discovery:Crawling recursively for packages in '/home/jetson/myspace/autonomous_ROS'
[2.543s] Level 1:colcon.colcon_core.package_identification:_identify(.) by extensions ['ignore', 'ignore_ament_install']
[2.544s] Level 1:colcon.colcon_core.package_identification:_identify(.) by extension 'ignore'
[2.544s] Level 1:colcon.colcon_core.package_identification:_identify(.) by extension 'ignore_ament_install'
[2.544s] Level 1:colcon.colcon_core.package_identification:_identify(.) by extensions ['colcon_pkg']
[2.544s] Level 1:colcon.colcon_core.package_identification:_identify(.) by extension 'colcon_pkg'
[2.545s] Level 1:colcon.colcon_core.package_identification:_identify(.) by extensions ['colcon_meta']
[2.545s] Level 1:colcon.colcon_core.package_identification:_identify(.) by extension 'colcon_meta'
[2.545s] Level 1:colcon.colcon_core.package_identification:_identify(.) by extensions ['ros']
[2.545s] Level 1:colcon.colcon_core.package_identification:_identify(.) by extension 'ros'
[2.653s] Level 1:colcon.colcon_core.package_identification:_identify(.) by extensions ['cmake', 'python']
[2.653s] Level 1:colcon.colcon_core.package_identification:_identify(.) by extension 'cmake'
[2.654s] Level 1:colcon.colcon_core.package_identification:_identify(.) by extension 'python'
[2.654s] Level 1:colcon.colcon_core.package_identification:_identify(.) by extensions ['python_setup_py']
[2.655s] Level 1:colcon.colcon_core.package_identification:_identify(.) by extension 'python_setup_py'
[2.655s] Level 1:colcon.colcon_core.package_identification:_identify(assets) by extensions ['ignore', 'ignore_ament_install']
[2.656s] Level 1:colcon.colcon_core.package_identification:_identify(assets) by extension 'ignore'
[2.656s] Level 1:colcon.colcon_core.package_identification:_identify(assets) by extension 'ignore_ament_install'
[2.657s] Level 1:colcon.colcon_core.package_identification:_identify(assets) by extensions ['colcon_pkg']
[2.657s] Level 1:colcon.colcon_core.package_identification:_identify(assets) by extension 'colcon_pkg'
[2.657s] Level 1:colcon.colcon_core.package_identification:_identify(assets) by extensions ['colcon_meta']
[2.657s] Level 1:colcon.colcon_core.package_identification:_identify(assets) by extension 'colcon_meta'
[2.657s] Level 1:colcon.colcon_core.package_identification:_identify(assets) by extensions ['ros']
[2.658s] Level 1:colcon.colcon_core.package_identification:_identify(assets) by extension 'ros'
[2.658s] Level 1:colcon.colcon_core.package_identification:_identify(assets) by extensions ['cmake', 'python']
[2.658s] Level 1:colcon.colcon_core.package_identification:_identify(assets) by extension 'cmake'
[2.659s] Level 1:colcon.colcon_core.package_identification:_identify(assets) by extension 'python'
[2.659s] Level 1:colcon.colcon_core.package_identification:_identify(assets) by extensions ['python_setup_py']
[2.659s] Level 1:colcon.colcon_core.package_identification:_identify(assets) by extension 'python_setup_py'
[2.660s] Level 1:colcon.colcon_core.package_identification:_identify(build) by extensions ['ignore', 'ignore_ament_install']
[2.660s] Level 1:colcon.colcon_core.package_identification:_identify(build) by extension 'ignore'
[2.661s] Level 1:colcon.colcon_core.package_identification:_identify(build) ignored
[2.661s] Level 1:colcon.colcon_core.package_identification:_identify(install) by extensions ['ignore', 'ignore_ament_install']
[2.662s] Level 1:colcon.colcon_core.package_identification:_identify(install) by extension 'ignore'
[2.662s] Level 1:colcon.colcon_core.package_identification:_identify(install) ignored
[2.663s] Level 1:colcon.colcon_core.package_identification:_identify(launch) by extensions ['ignore', 'ignore_ament_install']
[2.663s] Level 1:colcon.colcon_core.package_identification:_identify(launch) by extension 'ignore'
[2.663s] Level 1:colcon.colcon_core.package_identification:_identify(launch) by extension 'ignore_ament_install'
[2.664s] Level 1:colcon.colcon_core.package_identification:_identify(launch) by extensions ['colcon_pkg']
[2.664s] Level 1:colcon.colcon_core.package_identification:_identify(launch) by extension 'colcon_pkg'
[2.664s] Level 1:colcon.colcon_core.package_identification:_identify(launch) by extensions ['colcon_meta']
[2.664s] Level 1:colcon.colcon_core.package_identification:_identify(launch) by extension 'colcon_meta'
[2.665s] Level 1:colcon.colcon_core.package_identification:_identify(launch) by extensions ['ros']
[2.665s] Level 1:colcon.colcon_core.package_identification:_identify(launch) by extension 'ros'
[2.665s] Level 1:colcon.colcon_core.package_identification:_identify(launch) by extensions ['cmake', 'python']
[2.665s] Level 1:colcon.colcon_core.package_identification:_identify(launch) by extension 'cmake'
[2.666s] Level 1:colcon.colcon_core.package_identification:_identify(launch) by extension 'python'
[2.666s] Level 1:colcon.colcon_core.package_identification:_identify(launch) by extensions ['python_setup_py']
[2.666s] Level 1:colcon.colcon_core.package_identification:_identify(launch) by extension 'python_setup_py'
[2.667s] Level 1:colcon.colcon_core.package_identification:_identify(launch/__pycache__) by extensions ['ignore', 'ignore_ament_install']
[2.668s] Level 1:colcon.colcon_core.package_identification:_identify(launch/__pycache__) by extension 'ignore'
[2.669s] Level 1:colcon.colcon_core.package_identification:_identify(launch/__pycache__) by extension 'ignore_ament_install'
[2.669s] Level 1:colcon.colcon_core.package_identification:_identify(launch/__pycache__) by extensions ['colcon_pkg']
[2.669s] Level 1:colcon.colcon_core.package_identification:_identify(launch/__pycache__) by extension 'colcon_pkg'
[2.670s] Level 1:colcon.colcon_core.package_identification:_identify(launch/__pycache__) by extensions ['colcon_meta']
[2.670s] Level 1:colcon.colcon_core.package_identification:_identify(launch/__pycache__) by extension 'colcon_meta'
[2.670s] Level 1:colcon.colcon_core.package_identification:_identify(launch/__pycache__) by extensions ['ros']
[2.670s] Level 1:colcon.colcon_core.package_identification:_identify(launch/__pycache__) by extension 'ros'
[2.671s] Level 1:colcon.colcon_core.package_identification:_identify(launch/__pycache__) by extensions ['cmake', 'python']
[2.671s] Level 1:colcon.colcon_core.package_identification:_identify(launch/__pycache__) by extension 'cmake'
[2.671s] Level 1:colcon.colcon_core.package_identification:_identify(launch/__pycache__) by extension 'python'
[2.672s] Level 1:colcon.colcon_core.package_identification:_identify(launch/__pycache__) by extensions ['python_setup_py']
[2.672s] Level 1:colcon.colcon_core.package_identification:_identify(launch/__pycache__) by extension 'python_setup_py'
[2.673s] Level 1:colcon.colcon_core.package_identification:_identify(log) by extensions ['ignore', 'ignore_ament_install']
[2.673s] Level 1:colcon.colcon_core.package_identification:_identify(log) by extension 'ignore'
[2.674s] Level 1:colcon.colcon_core.package_identification:_identify(log) ignored
[2.674s] Level 1:colcon.colcon_core.package_identification:_identify(src) by extensions ['ignore', 'ignore_ament_install']
[2.675s] Level 1:colcon.colcon_core.package_identification:_identify(src) by extension 'ignore'
[2.675s] Level 1:colcon.colcon_core.package_identification:_identify(src) by extension 'ignore_ament_install'
[2.676s] Level 1:colcon.colcon_core.package_identification:_identify(src) by extensions ['colcon_pkg']
[2.676s] Level 1:colcon.colcon_core.package_identification:_identify(src) by extension 'colcon_pkg'
[2.676s] Level 1:colcon.colcon_core.package_identification:_identify(src) by extensions ['colcon_meta']
[2.677s] Level 1:colcon.colcon_core.package_identification:_identify(src) by extension 'colcon_meta'
[2.677s] Level 1:colcon.colcon_core.package_identification:_identify(src) by extensions ['ros']
[2.677s] Level 1:colcon.colcon_core.package_identification:_identify(src) by extension 'ros'
[2.678s] Level 1:colcon.colcon_core.package_identification:_identify(src) by extensions ['cmake', 'python']
[2.678s] Level 1:colcon.colcon_core.package_identification:_identify(src) by extension 'cmake'
[2.678s] Level 1:colcon.colcon_core.package_identification:_identify(src) by extension 'python'
[2.678s] Level 1:colcon.colcon_core.package_identification:_identify(src) by extensions ['python_setup_py']
[2.679s] Level 1:colcon.colcon_core.package_identification:_identify(src) by extension 'python_setup_py'
[2.680s] Level 1:colcon.colcon_core.package_identification:_identify(src/dual_motor) by extensions ['ignore', 'ignore_ament_install']
[2.680s] Level 1:colcon.colcon_core.package_identification:_identify(src/dual_motor) by extension 'ignore'
[2.681s] Level 1:colcon.colcon_core.package_identification:_identify(src/dual_motor) by extension 'ignore_ament_install'
[2.682s] Level 1:colcon.colcon_core.package_identification:_identify(src/dual_motor) by extensions ['colcon_pkg']
[2.682s] Level 1:colcon.colcon_core.package_identification:_identify(src/dual_motor) by extension 'colcon_pkg'
[2.682s] Level 1:colcon.colcon_core.package_identification:_identify(src/dual_motor) by extensions ['colcon_meta']
[2.682s] Level 1:colcon.colcon_core.package_identification:_identify(src/dual_motor) by extension 'colcon_meta'
[2.683s] Level 1:colcon.colcon_core.package_identification:_identify(src/dual_motor) by extensions ['ros']
[2.683s] Level 1:colcon.colcon_core.package_identification:_identify(src/dual_motor) by extension 'ros'
[2.698s] DEBUG:colcon.colcon_core.package_identification:Package 'src/dual_motor' with type 'ros.ament_python' and name 'dual_motor'
[2.699s] Level 1:colcon.colcon_core.package_identification:_identify(src/motor_encoder) by extensions ['ignore', 'ignore_ament_install']
[2.699s] Level 1:colcon.colcon_core.package_identification:_identify(src/motor_encoder) by extension 'ignore'
[2.699s] Level 1:colcon.colcon_core.package_identification:_identify(src/motor_encoder) by extension 'ignore_ament_install'
[2.700s] Level 1:colcon.colcon_core.package_identification:_identify(src/motor_encoder) by extensions ['colcon_pkg']
[2.700s] Level 1:colcon.colcon_core.package_identification:_identify(src/motor_encoder) by extension 'colcon_pkg'
[2.700s] Level 1:colcon.colcon_core.package_identification:_identify(src/motor_encoder) by extensions ['colcon_meta']
[2.700s] Level 1:colcon.colcon_core.package_identification:_identify(src/motor_encoder) by extension 'colcon_meta'
[2.701s] Level 1:colcon.colcon_core.package_identification:_identify(src/motor_encoder) by extensions ['ros']
[2.701s] Level 1:colcon.colcon_core.package_identification:_identify(src/motor_encoder) by extension 'ros'
[2.704s] DEBUG:colcon.colcon_core.package_identification:Package 'src/motor_encoder' with type 'ros.ament_python' and name 'motor_encoder'
[2.704s] Level 1:colcon.colcon_core.package_identification:_identify(src/mpu6050_imu) by extensions ['ignore', 'ignore_ament_install']
[2.705s] Level 1:colcon.colcon_core.package_identification:_identify(src/mpu6050_imu) by extension 'ignore'
[2.705s] Level 1:colcon.colcon_core.package_identification:_identify(src/mpu6050_imu) by extension 'ignore_ament_install'
[2.705s] Level 1:colcon.colcon_core.package_identification:_identify(src/mpu6050_imu) by extensions ['colcon_pkg']
[2.705s] Level 1:colcon.colcon_core.package_identification:_identify(src/mpu6050_imu) by extension 'colcon_pkg'
[2.706s] Level 1:colcon.colcon_core.package_identification:_identify(src/mpu6050_imu) by extensions ['colcon_meta']
[2.706s] Level 1:colcon.colcon_core.package_identification:_identify(src/mpu6050_imu) by extension 'colcon_meta'
[2.706s] Level 1:colcon.colcon_core.package_identification:_identify(src/mpu6050_imu) by extensions ['ros']
[2.706s] Level 1:colcon.colcon_core.package_identification:_identify(src/mpu6050_imu) by extension 'ros'
[2.709s] DEBUG:colcon.colcon_core.package_identification:Package 'src/mpu6050_imu' with type 'ros.ament_python' and name 'mpu6050_imu'
[2.710s] Level 1:colcon.colcon_core.package_identification:_identify(src/object_detection) by extensions ['ignore', 'ignore_ament_install']
[2.710s] Level 1:colcon.colcon_core.package_identification:_identify(src/object_detection) by extension 'ignore'
[2.711s] Level 1:colcon.colcon_core.package_identification:_identify(src/object_detection) by extension 'ignore_ament_install'
[2.711s] Level 1:colcon.colcon_core.package_identification:_identify(src/object_detection) by extensions ['colcon_pkg']
[2.711s] Level 1:colcon.colcon_core.package_identification:_identify(src/object_detection) by extension 'colcon_pkg'
[2.711s] Level 1:colcon.colcon_core.package_identification:_identify(src/object_detection) by extensions ['colcon_meta']
[2.711s] Level 1:colcon.colcon_core.package_identification:_identify(src/object_detection) by extension 'colcon_meta'
[2.712s] Level 1:colcon.colcon_core.package_identification:_identify(src/object_detection) by extensions ['ros']
[2.712s] Level 1:colcon.colcon_core.package_identification:_identify(src/object_detection) by extension 'ros'
[2.716s] DEBUG:colcon.colcon_core.package_identification:Package 'src/object_detection' with type 'ros.ament_python' and name 'object_detection'
[2.716s] Level 1:colcon.colcon_core.package_identification:_identify(src/slam_launch) by extensions ['ignore', 'ignore_ament_install']
[2.716s] Level 1:colcon.colcon_core.package_identification:_identify(src/slam_launch) by extension 'ignore'
[2.717s] Level 1:colcon.colcon_core.package_identification:_identify(src/slam_launch) by extension 'ignore_ament_install'
[2.717s] Level 1:colcon.colcon_core.package_identification:_identify(src/slam_launch) by extensions ['colcon_pkg']
[2.717s] Level 1:colcon.colcon_core.package_identification:_identify(src/slam_launch) by extension 'colcon_pkg'
[2.717s] Level 1:colcon.colcon_core.package_identification:_identify(src/slam_launch) by extensions ['colcon_meta']
[2.717s] Level 1:colcon.colcon_core.package_identification:_identify(src/slam_launch) by extension 'colcon_meta'
[2.718s] Level 1:colcon.colcon_core.package_identification:_identify(src/slam_launch) by extensions ['ros']
[2.718s] Level 1:colcon.colcon_core.package_identification:_identify(src/slam_launch) by extension 'ros'
[2.720s] DEBUG:colcon.colcon_core.package_identification:Package 'src/slam_launch' with type 'ros.ament_python' and name 'slam_launch'
[2.721s] Level 1:colcon.colcon_core.package_identification:_identify(test) by extensions ['ignore', 'ignore_ament_install']
[2.721s] Level 1:colcon.colcon_core.package_identification:_identify(test) by extension 'ignore'
[2.721s] Level 1:colcon.colcon_core.package_identification:_identify(test) by extension 'ignore_ament_install'
[2.722s] Level 1:colcon.colcon_core.package_identification:_identify(test) by extensions ['colcon_pkg']
[2.722s] Level 1:colcon.colcon_core.package_identification:_identify(test) by extension 'colcon_pkg'
[2.722s] Level 1:colcon.colcon_core.package_identification:_identify(test) by extensions ['colcon_meta']
[2.722s] Level 1:colcon.colcon_core.package_identification:_identify(test) by extension 'colcon_meta'
[2.722s] Level 1:colcon.colcon_core.package_identification:_identify(test) by extensions ['ros']
[2.723s] Level 1:colcon.colcon_core.package_identification:_identify(test) by extension 'ros'
[2.723s] Level 1:colcon.colcon_core.package_identification:_identify(test) by extensions ['cmake', 'python']
[2.723s] Level 1:colcon.colcon_core.package_identification:_identify(test) by extension 'cmake'
[2.723s] Level 1:colcon.colcon_core.package_identification:_identify(test) by extension 'python'
[2.724s] Level 1:colcon.colcon_core.package_identification:_identify(test) by extensions ['python_setup_py']
[2.724s] Level 1:colcon.colcon_core.package_identification:_identify(test) by extension 'python_setup_py'
[2.724s] Level 1:colcon.colcon_core.package_discovery:discover_packages(recursive) using defaults
[2.724s] Level 1:colcon.colcon_core.package_discovery:discover_packages(ignore) discover
[2.724s] Level 1:colcon.colcon_core.package_discovery:discover_packages(ignore) using defaults
[2.724s] Level 1:colcon.colcon_core.package_discovery:discover_packages(path) discover
[2.725s] Level 1:colcon.colcon_core.package_discovery:discover_packages(path) using defaults
[2.842s] INFO:colcon.colcon_core.package_selection:Skipping not selected package 'motor_encoder' in 'src/motor_encoder'
[2.842s] INFO:colcon.colcon_core.package_selection:Skipping not selected package 'mpu6050_imu' in 'src/mpu6050_imu'
[2.842s] INFO:colcon.colcon_core.package_selection:Skipping not selected package 'object_detection' in 'src/object_detection'
[2.842s] INFO:colcon.colcon_core.package_selection:Skipping not selected package 'slam_launch' in 'src/slam_launch'
[2.845s] Level 1:colcon.colcon_core.package_discovery:discover_packages(prefix_path) check parameters
[2.845s] Level 1:colcon.colcon_core.package_discovery:discover_packages(prefix_path) discover
[2.861s] DEBUG:colcon.colcon_installed_package_information.package_discovery:Found 257 installed packages in /opt/ros/foxy
[2.869s] Level 1:colcon.colcon_core.package_discovery:discover_packages(prefix_path) using defaults
[3.225s] Level 5:colcon.colcon_core.verb:set package 'dual_motor' build argument 'cmake_args' from command line to 'None'
[3.225s] Level 5:colcon.colcon_core.verb:set package 'dual_motor' build argument 'cmake_target' from command line to 'None'
[3.225s] Level 5:colcon.colcon_core.verb:set package 'dual_motor' build argument 'cmake_target_skip_unavailable' from command line to 'False'
[3.225s] Level 5:colcon.colcon_core.verb:set package 'dual_motor' build argument 'cmake_clean_cache' from command line to 'False'
[3.225s] Level 5:colcon.colcon_core.verb:set package 'dual_motor' build argument 'cmake_clean_first' from command line to 'False'
[3.225s] Level 5:colcon.colcon_core.verb:set package 'dual_motor' build argument 'cmake_force_configure' from command line to 'False'
[3.225s] Level 5:colcon.colcon_core.verb:set package 'dual_motor' build argument 'ament_cmake_args' from command line to 'None'
[3.226s] Level 5:colcon.colcon_core.verb:set package 'dual_motor' build argument 'catkin_cmake_args' from command line to 'None'
[3.226s] Level 5:colcon.colcon_core.verb:set package 'dual_motor' build argument 'catkin_skip_building_tests' from command line to 'False'
[3.226s] DEBUG:colcon.colcon_core.verb:Building package 'dual_motor' with the following arguments: {'ament_cmake_args': None, 'build_base': '/home/jetson/myspace/autonomous_ROS/build/dual_motor', 'catkin_cmake_args': None, 'catkin_skip_building_tests': False, 'cmake_args': None, 'cmake_clean_cache': False, 'cmake_clean_first': False, 'cmake_force_configure': False, 'cmake_target': None, 'cmake_target_skip_unavailable': False, 'install_base': '/home/jetson/myspace/autonomous_ROS/install/dual_motor', 'merge_install': False, 'path': '/home/jetson/myspace/autonomous_ROS/src/dual_motor', 'symlink_install': False, 'test_result_base': None}
[3.227s] INFO:colcon.colcon_core.executor:Executing jobs using 'parallel' executor
[3.230s] DEBUG:colcon.colcon_parallel_executor.executor.parallel:run_until_complete
[3.232s] INFO:colcon.colcon_ros.task.ament_python.build:Building ROS package in '/home/jetson/myspace/autonomous_ROS/src/dual_motor' with build type 'ament_python'
[3.233s] Level 1:colcon.colcon_core.shell:create_environment_hook('dual_motor', 'ament_prefix_path')
[3.251s] INFO:colcon.colcon_core.plugin_system:Skipping extension 'colcon_core.shell.bat': Not used on non-Windows systems
[3.252s] INFO:colcon.colcon_core.shell:Creating environment hook '/home/jetson/myspace/autonomous_ROS/install/dual_motor/share/dual_motor/hook/ament_prefix_path.ps1'
[3.255s] INFO:colcon.colcon_core.shell:Creating environment descriptor '/home/jetson/myspace/autonomous_ROS/install/dual_motor/share/dual_motor/hook/ament_prefix_path.dsv'
[3.258s] INFO:colcon.colcon_core.shell:Creating environment hook '/home/jetson/myspace/autonomous_ROS/install/dual_motor/share/dual_motor/hook/ament_prefix_path.sh'
[3.263s] INFO:colcon.colcon_core.shell:Skip shell extension 'powershell' for command environment: Not usable outside of PowerShell
[3.263s] DEBUG:colcon.colcon_core.shell:Skip shell extension 'dsv' for command environment
[4.569s] INFO:colcon.colcon_core.task.python.build:Building Python package in '/home/jetson/myspace/autonomous_ROS/src/dual_motor'
[4.571s] INFO:colcon.colcon_core.shell:Skip shell extension 'powershell' for command environment: Not usable outside of PowerShell
[4.571s] DEBUG:colcon.colcon_core.shell:Skip shell extension 'dsv' for command environment
[6.630s] DEBUG:colcon.colcon_core.event_handler.log_command:Invoking command in '/home/jetson/myspace/autonomous_ROS/build/dual_motor': PYTHONPATH=/home/jetson/myspace/autonomous_ROS/build/dual_motor/prefix_override:/usr/lib/python3/dist-packages/colcon_core/task/python/colcon_distutils_commands:/home/jetson/myspace/autonomous_ROS/install/dual_motor/lib/python3.8/site-packages:${PYTHONPATH} /usr/bin/python3 -W ignore:setup.py install is deprecated -W ignore:easy_install command is deprecated setup.py develop --uninstall --editable --build-directory /home/jetson/myspace/autonomous_ROS/build/dual_motor/build
[6.743s] DEBUG:colcon.colcon_core.event_handler.log_command:Invoked command in '/home/jetson/myspace/autonomous_ROS/build/dual_motor' returned '2': PYTHONPATH=/home/jetson/myspace/autonomous_ROS/build/dual_motor/prefix_override:/usr/lib/python3/dist-packages/colcon_core/task/python/colcon_distutils_commands:/home/jetson/myspace/autonomous_ROS/install/dual_motor/lib/python3.8/site-packages:${PYTHONPATH} /usr/bin/python3 -W ignore:setup.py install is deprecated -W ignore:easy_install command is deprecated setup.py develop --uninstall --editable --build-directory /home/jetson/myspace/autonomous_ROS/build/dual_motor/build
[6.752s] DEBUG:colcon.colcon_parallel_executor.executor.parallel:closing loop
[6.753s] DEBUG:colcon.colcon_parallel_executor.executor.parallel:loop closed
[6.753s] DEBUG:colcon.colcon_parallel_executor.executor.parallel:run_until_complete finished with '2'
[6.753s] DEBUG:colcon.colcon_core.event_reactor:joining thread
[6.787s] INFO:colcon.colcon_core.plugin_system:Skipping extension 'colcon_notification.desktop_notification.terminal_notifier': Not used on non-Darwin systems
[6.788s] INFO:colcon.colcon_core.plugin_system:Skipping extension 'colcon_notification.desktop_notification.win32': Not used on non-Windows systems
[6.788s] INFO:colcon.colcon_notification.desktop_notification:Sending desktop notification using 'notify2'
[6.860s] DEBUG:colcon.colcon_core.event_reactor:joined thread
[6.861s] INFO:colcon.colcon_core.shell:Creating prefix script '/home/jetson/myspace/autonomous_ROS/install/local_setup.ps1'
[6.866s] INFO:colcon.colcon_core.shell:Creating prefix util module '/home/jetson/myspace/autonomous_ROS/install/_local_setup_util_ps1.py'
[6.876s] INFO:colcon.colcon_core.shell:Creating prefix chain script '/home/jetson/myspace/autonomous_ROS/install/setup.ps1'
[6.881s] INFO:colcon.colcon_core.shell:Creating prefix script '/home/jetson/myspace/autonomous_ROS/install/local_setup.sh'
[6.885s] INFO:colcon.colcon_core.shell:Creating prefix util module '/home/jetson/myspace/autonomous_ROS/install/_local_setup_util_sh.py'
[6.888s] INFO:colcon.colcon_core.shell:Creating prefix chain script '/home/jetson/myspace/autonomous_ROS/install/setup.sh'
[6.893s] INFO:colcon.colcon_core.shell:Creating prefix script '/home/jetson/myspace/autonomous_ROS/install/local_setup.bash'
[6.896s] INFO:colcon.colcon_core.shell:Creating prefix chain script '/home/jetson/myspace/autonomous_ROS/install/setup.bash'
[6.901s] INFO:colcon.colcon_core.shell:Creating prefix script '/home/jetson/myspace/autonomous_ROS/install/local_setup.zsh'
[6.904s] INFO:colcon.colcon_core.shell:Creating prefix chain script '/home/jetson/myspace/autonomous_ROS/install/setup.zsh'
