running develop
Removing /home/ubuntu/my_space/autonomous_ROS/install/slam_launch/lib/python3.10/site-packages/slam-launch.egg-link (link to .)
running egg_info
writing ../../build/slam_launch/slam_launch.egg-info/PKG-INFO
writing dependency_links to ../../build/slam_launch/slam_launch.egg-info/dependency_links.txt
writing entry points to ../../build/slam_launch/slam_launch.egg-info/entry_points.txt
writing requirements to ../../build/slam_launch/slam_launch.egg-info/requires.txt
writing top-level names to ../../build/slam_launch/slam_launch.egg-info/top_level.txt
reading manifest file '../../build/slam_launch/slam_launch.egg-info/SOURCES.txt'
writing manifest file '../../build/slam_launch/slam_launch.egg-info/SOURCES.txt'
running build
running build_py
running install
running install_lib
creating /home/ubuntu/my_space/autonomous_ROS/install/slam_launch/lib/python3.10/site-packages/slam_launch
copying /home/ubuntu/my_space/autonomous_ROS/build/slam_launch/build/lib/slam_launch/__init__.py -> /home/ubuntu/my_space/autonomous_ROS/install/slam_launch/lib/python3.10/site-packages/slam_launch
byte-compiling /home/ubuntu/my_space/autonomous_ROS/install/slam_launch/lib/python3.10/site-packages/slam_launch/__init__.py to __init__.cpython-310.pyc
running install_data
copying resource/slam_launch -> /home/ubuntu/my_space/autonomous_ROS/install/slam_launch/share/ament_index/resource_index/packages
copying package.xml -> /home/ubuntu/my_space/autonomous_ROS/install/slam_launch/share/slam_launch
error: can't copy 'src/slam_launch/config/slam_toolbox_config.yaml': doesn't exist or not a regular file
