[8.180s] Invoking command in '/home/ubuntu/my_space/autonomous_ROS/build/motor_control': PYTHONPATH=/home/ubuntu/my_space/autonomous_ROS/build/motor_control/prefix_override:/usr/lib/python3/dist-packages/colcon_core/task/python/colcon_distutils_commands:/home/ubuntu/my_space/autonomous_ROS/install/motor_control/lib/python3.10/site-packages:${PYTHONPATH} /usr/bin/python3 -W ignore:setup.py install is deprecated -W ignore:easy_install command is deprecated setup.py develop --editable --build-directory /home/ubuntu/my_space/autonomous_ROS/build/motor_control/build --no-deps symlink_data
[10.272s] running develop
[11.594s] running egg_info
[11.596s] creating motor_control.egg-info
[11.597s] writing motor_control.egg-info/PKG-INFO
[11.599s] writing dependency_links to motor_control.egg-info/dependency_links.txt
[11.600s] writing entry points to motor_control.egg-info/entry_points.txt
[11.602s] writing requirements to motor_control.egg-info/requires.txt
[11.603s] writing top-level names to motor_control.egg-info/top_level.txt
[11.621s] writing manifest file 'motor_control.egg-info/SOURCES.txt'
[11.624s] reading manifest file 'motor_control.egg-info/SOURCES.txt'
[11.628s] writing manifest file 'motor_control.egg-info/SOURCES.txt'
[11.650s] running build_ext
[11.651s] Creating /home/ubuntu/my_space/autonomous_ROS/install/motor_control/lib/python3.10/site-packages/motor-control.egg-link (link to .)
[11.660s] Installing motor_controller script to /home/ubuntu/my_space/autonomous_ROS/install/motor_control/lib/motor_control
[11.664s] 
[11.665s] Installed /home/ubuntu/my_space/autonomous_ROS/build/motor_control
[11.667s] running symlink_data
[11.669s] creating /home/ubuntu/my_space/autonomous_ROS/install/motor_control/share/ament_index
[11.671s] creating /home/ubuntu/my_space/autonomous_ROS/install/motor_control/share/ament_index/resource_index
[11.673s] creating /home/ubuntu/my_space/autonomous_ROS/install/motor_control/share/ament_index/resource_index/packages
[11.700s] symbolically linking /home/ubuntu/my_space/autonomous_ROS/build/motor_control/resource/motor_control -> /home/ubuntu/my_space/autonomous_ROS/install/motor_control/share/ament_index/resource_index/packages
[11.709s] symbolically linking /home/ubuntu/my_space/autonomous_ROS/build/motor_control/package.xml -> /home/ubuntu/my_space/autonomous_ROS/install/motor_control/share/motor_control
[13.306s] Invoked command in '/home/ubuntu/my_space/autonomous_ROS/build/motor_control' returned '0': PYTHONPATH=/home/ubuntu/my_space/autonomous_ROS/build/motor_control/prefix_override:/usr/lib/python3/dist-packages/colcon_core/task/python/colcon_distutils_commands:/home/ubuntu/my_space/autonomous_ROS/install/motor_control/lib/python3.10/site-packages:${PYTHONPATH} /usr/bin/python3 -W ignore:setup.py install is deprecated -W ignore:easy_install command is deprecated setup.py develop --editable --build-directory /home/ubuntu/my_space/autonomous_ROS/build/motor_control/build --no-deps symlink_data
