[3.086s] Invoking command in '/home/ubuntu/my_space/autonomous_ROS/src/slam_launch': PYTHONPATH=/home/ubuntu/my_space/autonomous_ROS/build/slam_launch/prefix_override:/usr/lib/python3/dist-packages/colcon_core/task/python/colcon_distutils_commands:/home/ubuntu/my_space/autonomous_ROS/install/slam_launch/lib/python3.10/site-packages:${PYTHONPATH} /usr/bin/python3 -W ignore:setup.py install is deprecated -W ignore:easy_install command is deprecated setup.py egg_info --egg-base ../../build/slam_launch build --build-base /home/ubuntu/my_space/autonomous_ROS/build/slam_launch/build install --record /home/ubuntu/my_space/autonomous_ROS/build/slam_launch/install.log --single-version-externally-managed install_data
[4.273s] running egg_info
[4.276s] writing ../../build/slam_launch/slam_launch.egg-info/PKG-INFO
[4.277s] writing dependency_links to ../../build/slam_launch/slam_launch.egg-info/dependency_links.txt
[4.278s] writing entry points to ../../build/slam_launch/slam_launch.egg-info/entry_points.txt
[4.279s] writing requirements to ../../build/slam_launch/slam_launch.egg-info/requires.txt
[4.280s] writing top-level names to ../../build/slam_launch/slam_launch.egg-info/top_level.txt
[4.289s] reading manifest file '../../build/slam_launch/slam_launch.egg-info/SOURCES.txt'
[4.293s] writing manifest file '../../build/slam_launch/slam_launch.egg-info/SOURCES.txt'
[4.294s] running build
[4.294s] running build_py
[4.295s] running install
[4.297s] running install_lib
[4.302s] running install_data
[4.303s] copying config/slam_toolbox_config.yaml -> /home/ubuntu/my_space/autonomous_ROS/install/slam_launch/share/slam_launch
[4.305s] running install_egg_info
[4.314s] Copying ../../build/slam_launch/slam_launch.egg-info to /home/ubuntu/my_space/autonomous_ROS/install/slam_launch/lib/python3.10/site-packages/slam_launch-0.0.0-py3.10.egg-info
[4.321s] running install_scripts
[4.411s] writing list of installed files to '/home/ubuntu/my_space/autonomous_ROS/build/slam_launch/install.log'
[4.535s] Invoked command in '/home/ubuntu/my_space/autonomous_ROS/src/slam_launch' returned '0': PYTHONPATH=/home/ubuntu/my_space/autonomous_ROS/build/slam_launch/prefix_override:/usr/lib/python3/dist-packages/colcon_core/task/python/colcon_distutils_commands:/home/ubuntu/my_space/autonomous_ROS/install/slam_launch/lib/python3.10/site-packages:${PYTHONPATH} /usr/bin/python3 -W ignore:setup.py install is deprecated -W ignore:easy_install command is deprecated setup.py egg_info --egg-base ../../build/slam_launch build --build-base /home/ubuntu/my_space/autonomous_ROS/build/slam_launch/build install --record /home/ubuntu/my_space/autonomous_ROS/build/slam_launch/install.log --single-version-externally-managed install_data
