[0.937s] DEBUG:colcon:Command line arguments: ['/usr/bin/colcon', 'build', '--packages-select', 'dual_motor']
[0.937s] DEBUG:colcon:Parsed command line arguments: Namespace(allow_overriding=[], ament_cmake_args=None, base_paths=['.'], build_base='build', catkin_cmake_args=None, catkin_skip_building_tests=False, cmake_args=None, cmake_clean_cache=False, cmake_clean_first=False, cmake_force_configure=False, cmake_target=None, cmake_target_skip_unavailable=False, continue_on_error=False, event_handlers=None, executor='parallel', ignore_user_meta=False, install_base='install', log_base=None, log_level=None, main=<bound method BuildVerb.main of <colcon_core.verb.build.BuildVerb object at 0x7f8d5a16a0>>, merge_install=False, metas=['./colcon.meta'], mixin=None, mixin_files=None, mixin_verb=('build',), packages_above=None, packages_above_and_dependencies=None, packages_above_depth=None, packages_end=None, packages_ignore=None, packages_ignore_regex=None, packages_select=['dual_motor'], packages_select_build_failed=False, packages_select_by_dep=None, packages_select_regex=None, packages_select_test_failures=False, packages_skip=None, packages_skip_build_finished=False, packages_skip_by_dep=None, packages_skip_regex=None, packages_skip_test_passed=False, packages_skip_up_to=None, packages_start=None, packages_up_to=None, packages_up_to_regex=None, parallel_workers=4, paths=None, symlink_install=False, test_result_base=None, verb_extension=<colcon_core.verb.build.BuildVerb object at 0x7f8d5a16a0>, verb_name='build', verb_parser=<colcon_mixin.mixin.mixin_argument.MixinArgumentDecorator object at 0x7f8d4eccd0>)
[1.981s] Level 1:colcon.colcon_core.package_discovery:discover_packages(colcon_meta) check parameters
[1.982s] Level 1:colcon.colcon_core.package_discovery:discover_packages(recursive) check parameters
[1.982s] Level 1:colcon.colcon_core.package_discovery:discover_packages(ignore) check parameters
[1.982s] Level 1:colcon.colcon_core.package_discovery:discover_packages(path) check parameters
[1.982s] Level 1:colcon.colcon_core.package_discovery:discover_packages(colcon_meta) discover
[1.983s] Level 1:colcon.colcon_core.package_discovery:discover_packages(recursive) discover
[1.983s] INFO:colcon.colcon_core.package_discovery:Crawling recursively for packages in '/home/jetson/myspace/autonomous_ROS'
[1.984s] Level 1:colcon.colcon_core.package_identification:_identify(.) by extensions ['ignore', 'ignore_ament_install']
[1.984s] Level 1:colcon.colcon_core.package_identification:_identify(.) by extension 'ignore'
[1.985s] Level 1:colcon.colcon_core.package_identification:_identify(.) by extension 'ignore_ament_install'
[1.985s] Level 1:colcon.colcon_core.package_identification:_identify(.) by extensions ['colcon_pkg']
[1.985s] Level 1:colcon.colcon_core.package_identification:_identify(.) by extension 'colcon_pkg'
[1.986s] Level 1:colcon.colcon_core.package_identification:_identify(.) by extensions ['colcon_meta']
[1.986s] Level 1:colcon.colcon_core.package_identification:_identify(.) by extension 'colcon_meta'
[1.986s] Level 1:colcon.colcon_core.package_identification:_identify(.) by extensions ['ros']
[1.986s] Level 1:colcon.colcon_core.package_identification:_identify(.) by extension 'ros'
[2.079s] Level 1:colcon.colcon_core.package_identification:_identify(.) by extensions ['cmake', 'python']
[2.079s] Level 1:colcon.colcon_core.package_identification:_identify(.) by extension 'cmake'
[2.080s] Level 1:colcon.colcon_core.package_identification:_identify(.) by extension 'python'
[2.080s] Level 1:colcon.colcon_core.package_identification:_identify(.) by extensions ['python_setup_py']
[2.080s] Level 1:colcon.colcon_core.package_identification:_identify(.) by extension 'python_setup_py'
[2.081s] Level 1:colcon.colcon_core.package_identification:_identify(assets) by extensions ['ignore', 'ignore_ament_install']
[2.081s] Level 1:colcon.colcon_core.package_identification:_identify(assets) by extension 'ignore'
[2.082s] Level 1:colcon.colcon_core.package_identification:_identify(assets) by extension 'ignore_ament_install'
[2.082s] Level 1:colcon.colcon_core.package_identification:_identify(assets) by extensions ['colcon_pkg']
[2.083s] Level 1:colcon.colcon_core.package_identification:_identify(assets) by extension 'colcon_pkg'
[2.083s] Level 1:colcon.colcon_core.package_identification:_identify(assets) by extensions ['colcon_meta']
[2.083s] Level 1:colcon.colcon_core.package_identification:_identify(assets) by extension 'colcon_meta'
[2.083s] Level 1:colcon.colcon_core.package_identification:_identify(assets) by extensions ['ros']
[2.084s] Level 1:colcon.colcon_core.package_identification:_identify(assets) by extension 'ros'
[2.084s] Level 1:colcon.colcon_core.package_identification:_identify(assets) by extensions ['cmake', 'python']
[2.085s] Level 1:colcon.colcon_core.package_identification:_identify(assets) by extension 'cmake'
[2.085s] Level 1:colcon.colcon_core.package_identification:_identify(assets) by extension 'python'
[2.085s] Level 1:colcon.colcon_core.package_identification:_identify(assets) by extensions ['python_setup_py']
[2.085s] Level 1:colcon.colcon_core.package_identification:_identify(assets) by extension 'python_setup_py'
[2.086s] Level 1:colcon.colcon_core.package_identification:_identify(build) by extensions ['ignore', 'ignore_ament_install']
[2.086s] Level 1:colcon.colcon_core.package_identification:_identify(build) by extension 'ignore'
[2.087s] Level 1:colcon.colcon_core.package_identification:_identify(build) ignored
[2.087s] Level 1:colcon.colcon_core.package_identification:_identify(install) by extensions ['ignore', 'ignore_ament_install']
[2.087s] Level 1:colcon.colcon_core.package_identification:_identify(install) by extension 'ignore'
[2.088s] Level 1:colcon.colcon_core.package_identification:_identify(install) ignored
[2.088s] Level 1:colcon.colcon_core.package_identification:_identify(launch) by extensions ['ignore', 'ignore_ament_install']
[2.088s] Level 1:colcon.colcon_core.package_identification:_identify(launch) by extension 'ignore'
[2.088s] Level 1:colcon.colcon_core.package_identification:_identify(launch) by extension 'ignore_ament_install'
[2.089s] Level 1:colcon.colcon_core.package_identification:_identify(launch) by extensions ['colcon_pkg']
[2.089s] Level 1:colcon.colcon_core.package_identification:_identify(launch) by extension 'colcon_pkg'
[2.089s] Level 1:colcon.colcon_core.package_identification:_identify(launch) by extensions ['colcon_meta']
[2.089s] Level 1:colcon.colcon_core.package_identification:_identify(launch) by extension 'colcon_meta'
[2.090s] Level 1:colcon.colcon_core.package_identification:_identify(launch) by extensions ['ros']
[2.090s] Level 1:colcon.colcon_core.package_identification:_identify(launch) by extension 'ros'
[2.090s] Level 1:colcon.colcon_core.package_identification:_identify(launch) by extensions ['cmake', 'python']
[2.090s] Level 1:colcon.colcon_core.package_identification:_identify(launch) by extension 'cmake'
[2.090s] Level 1:colcon.colcon_core.package_identification:_identify(launch) by extension 'python'
[2.091s] Level 1:colcon.colcon_core.package_identification:_identify(launch) by extensions ['python_setup_py']
[2.091s] Level 1:colcon.colcon_core.package_identification:_identify(launch) by extension 'python_setup_py'
[2.091s] Level 1:colcon.colcon_core.package_identification:_identify(launch/__pycache__) by extensions ['ignore', 'ignore_ament_install']
[2.092s] Level 1:colcon.colcon_core.package_identification:_identify(launch/__pycache__) by extension 'ignore'
[2.092s] Level 1:colcon.colcon_core.package_identification:_identify(launch/__pycache__) by extension 'ignore_ament_install'
[2.092s] Level 1:colcon.colcon_core.package_identification:_identify(launch/__pycache__) by extensions ['colcon_pkg']
[2.092s] Level 1:colcon.colcon_core.package_identification:_identify(launch/__pycache__) by extension 'colcon_pkg'
[2.092s] Level 1:colcon.colcon_core.package_identification:_identify(launch/__pycache__) by extensions ['colcon_meta']
[2.093s] Level 1:colcon.colcon_core.package_identification:_identify(launch/__pycache__) by extension 'colcon_meta'
[2.093s] Level 1:colcon.colcon_core.package_identification:_identify(launch/__pycache__) by extensions ['ros']
[2.093s] Level 1:colcon.colcon_core.package_identification:_identify(launch/__pycache__) by extension 'ros'
[2.093s] Level 1:colcon.colcon_core.package_identification:_identify(launch/__pycache__) by extensions ['cmake', 'python']
[2.093s] Level 1:colcon.colcon_core.package_identification:_identify(launch/__pycache__) by extension 'cmake'
[2.094s] Level 1:colcon.colcon_core.package_identification:_identify(launch/__pycache__) by extension 'python'
[2.094s] Level 1:colcon.colcon_core.package_identification:_identify(launch/__pycache__) by extensions ['python_setup_py']
[2.094s] Level 1:colcon.colcon_core.package_identification:_identify(launch/__pycache__) by extension 'python_setup_py'
[2.095s] Level 1:colcon.colcon_core.package_identification:_identify(log) by extensions ['ignore', 'ignore_ament_install']
[2.095s] Level 1:colcon.colcon_core.package_identification:_identify(log) by extension 'ignore'
[2.095s] Level 1:colcon.colcon_core.package_identification:_identify(log) ignored
[2.096s] Level 1:colcon.colcon_core.package_identification:_identify(src) by extensions ['ignore', 'ignore_ament_install']
[2.096s] Level 1:colcon.colcon_core.package_identification:_identify(src) by extension 'ignore'
[2.096s] Level 1:colcon.colcon_core.package_identification:_identify(src) by extension 'ignore_ament_install'
[2.097s] Level 1:colcon.colcon_core.package_identification:_identify(src) by extensions ['colcon_pkg']
[2.097s] Level 1:colcon.colcon_core.package_identification:_identify(src) by extension 'colcon_pkg'
[2.097s] Level 1:colcon.colcon_core.package_identification:_identify(src) by extensions ['colcon_meta']
[2.097s] Level 1:colcon.colcon_core.package_identification:_identify(src) by extension 'colcon_meta'
[2.097s] Level 1:colcon.colcon_core.package_identification:_identify(src) by extensions ['ros']
[2.098s] Level 1:colcon.colcon_core.package_identification:_identify(src) by extension 'ros'
[2.098s] Level 1:colcon.colcon_core.package_identification:_identify(src) by extensions ['cmake', 'python']
[2.098s] Level 1:colcon.colcon_core.package_identification:_identify(src) by extension 'cmake'
[2.099s] Level 1:colcon.colcon_core.package_identification:_identify(src) by extension 'python'
[2.099s] Level 1:colcon.colcon_core.package_identification:_identify(src) by extensions ['python_setup_py']
[2.099s] Level 1:colcon.colcon_core.package_identification:_identify(src) by extension 'python_setup_py'
[2.100s] Level 1:colcon.colcon_core.package_identification:_identify(src/dual_motor) by extensions ['ignore', 'ignore_ament_install']
[2.100s] Level 1:colcon.colcon_core.package_identification:_identify(src/dual_motor) by extension 'ignore'
[2.101s] Level 1:colcon.colcon_core.package_identification:_identify(src/dual_motor) by extension 'ignore_ament_install'
[2.101s] Level 1:colcon.colcon_core.package_identification:_identify(src/dual_motor) by extensions ['colcon_pkg']
[2.102s] Level 1:colcon.colcon_core.package_identification:_identify(src/dual_motor) by extension 'colcon_pkg'
[2.102s] Level 1:colcon.colcon_core.package_identification:_identify(src/dual_motor) by extensions ['colcon_meta']
[2.102s] Level 1:colcon.colcon_core.package_identification:_identify(src/dual_motor) by extension 'colcon_meta'
[2.102s] Level 1:colcon.colcon_core.package_identification:_identify(src/dual_motor) by extensions ['ros']
[2.102s] Level 1:colcon.colcon_core.package_identification:_identify(src/dual_motor) by extension 'ros'
[2.113s] DEBUG:colcon.colcon_core.package_identification:Package 'src/dual_motor' with type 'ros.ament_python' and name 'dual_motor'
[2.115s] Level 1:colcon.colcon_core.package_identification:_identify(src/motor_encoder) by extensions ['ignore', 'ignore_ament_install']
[2.116s] Level 1:colcon.colcon_core.package_identification:_identify(src/motor_encoder) by extension 'ignore'
[2.116s] Level 1:colcon.colcon_core.package_identification:_identify(src/motor_encoder) by extension 'ignore_ament_install'
[2.116s] Level 1:colcon.colcon_core.package_identification:_identify(src/motor_encoder) by extensions ['colcon_pkg']
[2.117s] Level 1:colcon.colcon_core.package_identification:_identify(src/motor_encoder) by extension 'colcon_pkg'
[2.117s] Level 1:colcon.colcon_core.package_identification:_identify(src/motor_encoder) by extensions ['colcon_meta']
[2.117s] Level 1:colcon.colcon_core.package_identification:_identify(src/motor_encoder) by extension 'colcon_meta'
[2.118s] Level 1:colcon.colcon_core.package_identification:_identify(src/motor_encoder) by extensions ['ros']
[2.118s] Level 1:colcon.colcon_core.package_identification:_identify(src/motor_encoder) by extension 'ros'
[2.121s] DEBUG:colcon.colcon_core.package_identification:Package 'src/motor_encoder' with type 'ros.ament_python' and name 'motor_encoder'
[2.122s] Level 1:colcon.colcon_core.package_identification:_identify(src/mpu6050_imu) by extensions ['ignore', 'ignore_ament_install']
[2.122s] Level 1:colcon.colcon_core.package_identification:_identify(src/mpu6050_imu) by extension 'ignore'
[2.123s] Level 1:colcon.colcon_core.package_identification:_identify(src/mpu6050_imu) by extension 'ignore_ament_install'
[2.123s] Level 1:colcon.colcon_core.package_identification:_identify(src/mpu6050_imu) by extensions ['colcon_pkg']
[2.123s] Level 1:colcon.colcon_core.package_identification:_identify(src/mpu6050_imu) by extension 'colcon_pkg'
[2.123s] Level 1:colcon.colcon_core.package_identification:_identify(src/mpu6050_imu) by extensions ['colcon_meta']
[2.123s] Level 1:colcon.colcon_core.package_identification:_identify(src/mpu6050_imu) by extension 'colcon_meta'
[2.124s] Level 1:colcon.colcon_core.package_identification:_identify(src/mpu6050_imu) by extensions ['ros']
[2.124s] Level 1:colcon.colcon_core.package_identification:_identify(src/mpu6050_imu) by extension 'ros'
[2.127s] DEBUG:colcon.colcon_core.package_identification:Package 'src/mpu6050_imu' with type 'ros.ament_python' and name 'mpu6050_imu'
[2.127s] Level 1:colcon.colcon_core.package_identification:_identify(src/object_detection) by extensions ['ignore', 'ignore_ament_install']
[2.128s] Level 1:colcon.colcon_core.package_identification:_identify(src/object_detection) by extension 'ignore'
[2.128s] Level 1:colcon.colcon_core.package_identification:_identify(src/object_detection) by extension 'ignore_ament_install'
[2.128s] Level 1:colcon.colcon_core.package_identification:_identify(src/object_detection) by extensions ['colcon_pkg']
[2.128s] Level 1:colcon.colcon_core.package_identification:_identify(src/object_detection) by extension 'colcon_pkg'
[2.128s] Level 1:colcon.colcon_core.package_identification:_identify(src/object_detection) by extensions ['colcon_meta']
[2.129s] Level 1:colcon.colcon_core.package_identification:_identify(src/object_detection) by extension 'colcon_meta'
[2.129s] Level 1:colcon.colcon_core.package_identification:_identify(src/object_detection) by extensions ['ros']
[2.129s] Level 1:colcon.colcon_core.package_identification:_identify(src/object_detection) by extension 'ros'
[2.133s] DEBUG:colcon.colcon_core.package_identification:Package 'src/object_detection' with type 'ros.ament_python' and name 'object_detection'
[2.134s] Level 1:colcon.colcon_core.package_identification:_identify(src/slam_launch) by extensions ['ignore', 'ignore_ament_install']
[2.135s] Level 1:colcon.colcon_core.package_identification:_identify(src/slam_launch) by extension 'ignore'
[2.135s] Level 1:colcon.colcon_core.package_identification:_identify(src/slam_launch) by extension 'ignore_ament_install'
[2.135s] Level 1:colcon.colcon_core.package_identification:_identify(src/slam_launch) by extensions ['colcon_pkg']
[2.135s] Level 1:colcon.colcon_core.package_identification:_identify(src/slam_launch) by extension 'colcon_pkg'
[2.136s] Level 1:colcon.colcon_core.package_identification:_identify(src/slam_launch) by extensions ['colcon_meta']
[2.136s] Level 1:colcon.colcon_core.package_identification:_identify(src/slam_launch) by extension 'colcon_meta'
[2.136s] Level 1:colcon.colcon_core.package_identification:_identify(src/slam_launch) by extensions ['ros']
[2.136s] Level 1:colcon.colcon_core.package_identification:_identify(src/slam_launch) by extension 'ros'
[2.139s] DEBUG:colcon.colcon_core.package_identification:Package 'src/slam_launch' with type 'ros.ament_python' and name 'slam_launch'
[2.139s] Level 1:colcon.colcon_core.package_identification:_identify(test) by extensions ['ignore', 'ignore_ament_install']
[2.140s] Level 1:colcon.colcon_core.package_identification:_identify(test) by extension 'ignore'
[2.140s] Level 1:colcon.colcon_core.package_identification:_identify(test) by extension 'ignore_ament_install'
[2.140s] Level 1:colcon.colcon_core.package_identification:_identify(test) by extensions ['colcon_pkg']
[2.140s] Level 1:colcon.colcon_core.package_identification:_identify(test) by extension 'colcon_pkg'
[2.141s] Level 1:colcon.colcon_core.package_identification:_identify(test) by extensions ['colcon_meta']
[2.141s] Level 1:colcon.colcon_core.package_identification:_identify(test) by extension 'colcon_meta'
[2.141s] Level 1:colcon.colcon_core.package_identification:_identify(test) by extensions ['ros']
[2.141s] Level 1:colcon.colcon_core.package_identification:_identify(test) by extension 'ros'
[2.141s] Level 1:colcon.colcon_core.package_identification:_identify(test) by extensions ['cmake', 'python']
[2.142s] Level 1:colcon.colcon_core.package_identification:_identify(test) by extension 'cmake'
[2.142s] Level 1:colcon.colcon_core.package_identification:_identify(test) by extension 'python'
[2.142s] Level 1:colcon.colcon_core.package_identification:_identify(test) by extensions ['python_setup_py']
[2.142s] Level 1:colcon.colcon_core.package_identification:_identify(test) by extension 'python_setup_py'
[2.142s] Level 1:colcon.colcon_core.package_discovery:discover_packages(recursive) using defaults
[2.143s] Level 1:colcon.colcon_core.package_discovery:discover_packages(ignore) discover
[2.143s] Level 1:colcon.colcon_core.package_discovery:discover_packages(ignore) using defaults
[2.143s] Level 1:colcon.colcon_core.package_discovery:discover_packages(path) discover
[2.143s] Level 1:colcon.colcon_core.package_discovery:discover_packages(path) using defaults
[2.235s] INFO:colcon.colcon_core.package_selection:Skipping not selected package 'motor_encoder' in 'src/motor_encoder'
[2.235s] INFO:colcon.colcon_core.package_selection:Skipping not selected package 'mpu6050_imu' in 'src/mpu6050_imu'
[2.235s] INFO:colcon.colcon_core.package_selection:Skipping not selected package 'object_detection' in 'src/object_detection'
[2.236s] INFO:colcon.colcon_core.package_selection:Skipping not selected package 'slam_launch' in 'src/slam_launch'
[2.238s] Level 1:colcon.colcon_core.package_discovery:discover_packages(prefix_path) check parameters
[2.238s] Level 1:colcon.colcon_core.package_discovery:discover_packages(prefix_path) discover
[2.242s] WARNING:colcon.colcon_ros.prefix_path.ament:The path '/home/jetson/myspace/autonomous_ROS/install/slam_launch' in the environment variable AMENT_PREFIX_PATH doesn't exist
[2.242s] WARNING:colcon.colcon_ros.prefix_path.ament:The path '/home/jetson/myspace/autonomous_ROS/install/object_detection' in the environment variable AMENT_PREFIX_PATH doesn't exist
[2.242s] WARNING:colcon.colcon_ros.prefix_path.ament:The path '/home/jetson/myspace/autonomous_ROS/install/my_robot_slam' in the environment variable AMENT_PREFIX_PATH doesn't exist
[2.242s] WARNING:colcon.colcon_ros.prefix_path.ament:The path '/home/jetson/myspace/autonomous_ROS/install/mpu6050_imu' in the environment variable AMENT_PREFIX_PATH doesn't exist
[2.243s] WARNING:colcon.colcon_ros.prefix_path.ament:The path '/home/jetson/myspace/autonomous_ROS/install/motor_encoder' in the environment variable AMENT_PREFIX_PATH doesn't exist
[2.243s] WARNING:colcon.colcon_ros.prefix_path.ament:The path '/home/jetson/myspace/autonomous_ROS/install/motor_control' in the environment variable AMENT_PREFIX_PATH doesn't exist
[2.243s] WARNING:colcon.colcon_ros.prefix_path.ament:The path '/home/jetson/myspace/autonomous_ROS/install/enc_motor_control' in the environment variable AMENT_PREFIX_PATH doesn't exist
[2.243s] WARNING:colcon.colcon_ros.prefix_path.ament:The path '/home/jetson/myspace/autonomous_ROS/install/dual_motor' in the environment variable AMENT_PREFIX_PATH doesn't exist
[2.244s] WARNING:colcon.colcon_ros.prefix_path.catkin:The path '/home/jetson/myspace/autonomous_ROS/install/mybot37' in the environment variable CMAKE_PREFIX_PATH doesn't exist
[2.246s] DEBUG:colcon.colcon_installed_package_information.package_discovery:Found 0 installed packages in /home/jetson/myspace/autonomous_ROS/install
[2.253s] DEBUG:colcon.colcon_installed_package_information.package_discovery:Found 257 installed packages in /opt/ros/foxy
[2.262s] Level 1:colcon.colcon_core.package_discovery:discover_packages(prefix_path) using defaults
[2.591s] Level 5:colcon.colcon_core.verb:set package 'dual_motor' build argument 'cmake_args' from command line to 'None'
[2.591s] Level 5:colcon.colcon_core.verb:set package 'dual_motor' build argument 'cmake_target' from command line to 'None'
[2.591s] Level 5:colcon.colcon_core.verb:set package 'dual_motor' build argument 'cmake_target_skip_unavailable' from command line to 'False'
[2.591s] Level 5:colcon.colcon_core.verb:set package 'dual_motor' build argument 'cmake_clean_cache' from command line to 'False'
[2.591s] Level 5:colcon.colcon_core.verb:set package 'dual_motor' build argument 'cmake_clean_first' from command line to 'False'
[2.592s] Level 5:colcon.colcon_core.verb:set package 'dual_motor' build argument 'cmake_force_configure' from command line to 'False'
[2.592s] Level 5:colcon.colcon_core.verb:set package 'dual_motor' build argument 'ament_cmake_args' from command line to 'None'
[2.592s] Level 5:colcon.colcon_core.verb:set package 'dual_motor' build argument 'catkin_cmake_args' from command line to 'None'
[2.592s] Level 5:colcon.colcon_core.verb:set package 'dual_motor' build argument 'catkin_skip_building_tests' from command line to 'False'
[2.592s] DEBUG:colcon.colcon_core.verb:Building package 'dual_motor' with the following arguments: {'ament_cmake_args': None, 'build_base': '/home/jetson/myspace/autonomous_ROS/build/dual_motor', 'catkin_cmake_args': None, 'catkin_skip_building_tests': False, 'cmake_args': None, 'cmake_clean_cache': False, 'cmake_clean_first': False, 'cmake_force_configure': False, 'cmake_target': None, 'cmake_target_skip_unavailable': False, 'install_base': '/home/jetson/myspace/autonomous_ROS/install/dual_motor', 'merge_install': False, 'path': '/home/jetson/myspace/autonomous_ROS/src/dual_motor', 'symlink_install': False, 'test_result_base': None}
[2.593s] INFO:colcon.colcon_core.executor:Executing jobs using 'parallel' executor
[2.596s] DEBUG:colcon.colcon_parallel_executor.executor.parallel:run_until_complete
[2.598s] INFO:colcon.colcon_ros.task.ament_python.build:Building ROS package in '/home/jetson/myspace/autonomous_ROS/src/dual_motor' with build type 'ament_python'
[2.599s] Level 1:colcon.colcon_core.shell:create_environment_hook('dual_motor', 'ament_prefix_path')
[2.608s] INFO:colcon.colcon_core.plugin_system:Skipping extension 'colcon_core.shell.bat': Not used on non-Windows systems
[2.609s] INFO:colcon.colcon_core.shell:Creating environment hook '/home/jetson/myspace/autonomous_ROS/install/dual_motor/share/dual_motor/hook/ament_prefix_path.ps1'
[2.612s] INFO:colcon.colcon_core.shell:Creating environment descriptor '/home/jetson/myspace/autonomous_ROS/install/dual_motor/share/dual_motor/hook/ament_prefix_path.dsv'
[2.614s] INFO:colcon.colcon_core.shell:Creating environment hook '/home/jetson/myspace/autonomous_ROS/install/dual_motor/share/dual_motor/hook/ament_prefix_path.sh'
[2.618s] INFO:colcon.colcon_core.shell:Skip shell extension 'powershell' for command environment: Not usable outside of PowerShell
[2.619s] DEBUG:colcon.colcon_core.shell:Skip shell extension 'dsv' for command environment
[4.019s] INFO:colcon.colcon_core.task.python.build:Building Python package in '/home/jetson/myspace/autonomous_ROS/src/dual_motor'
[4.021s] INFO:colcon.colcon_core.shell:Skip shell extension 'powershell' for command environment: Not usable outside of PowerShell
[4.021s] DEBUG:colcon.colcon_core.shell:Skip shell extension 'dsv' for command environment
[5.870s] DEBUG:colcon.colcon_core.event_handler.log_command:Invoking command in '/home/jetson/myspace/autonomous_ROS/src/dual_motor': PYTHONPATH=/home/jetson/myspace/autonomous_ROS/build/dual_motor/prefix_override:/usr/lib/python3/dist-packages/colcon_core/task/python/colcon_distutils_commands:/home/jetson/myspace/autonomous_ROS/install/dual_motor/lib/python3.8/site-packages:${PYTHONPATH} /usr/bin/python3 -W ignore:setup.py install is deprecated -W ignore:easy_install command is deprecated setup.py egg_info --egg-base ../../build/dual_motor build --build-base /home/jetson/myspace/autonomous_ROS/build/dual_motor/build install --record /home/jetson/myspace/autonomous_ROS/build/dual_motor/install.log --single-version-externally-managed install_data
[7.479s] DEBUG:colcon.colcon_core.event_handler.log_command:Invoked command in '/home/jetson/myspace/autonomous_ROS/src/dual_motor' returned '0': PYTHONPATH=/home/jetson/myspace/autonomous_ROS/build/dual_motor/prefix_override:/usr/lib/python3/dist-packages/colcon_core/task/python/colcon_distutils_commands:/home/jetson/myspace/autonomous_ROS/install/dual_motor/lib/python3.8/site-packages:${PYTHONPATH} /usr/bin/python3 -W ignore:setup.py install is deprecated -W ignore:easy_install command is deprecated setup.py egg_info --egg-base ../../build/dual_motor build --build-base /home/jetson/myspace/autonomous_ROS/build/dual_motor/build install --record /home/jetson/myspace/autonomous_ROS/build/dual_motor/install.log --single-version-externally-managed install_data
[7.502s] Level 1:colcon.colcon_core.environment:checking '/home/jetson/myspace/autonomous_ROS/install/dual_motor' for CMake module files
[7.504s] Level 1:colcon.colcon_core.environment:checking '/home/jetson/myspace/autonomous_ROS/install/dual_motor' for CMake config files
[7.507s] Level 1:colcon.colcon_core.environment:checking '/home/jetson/myspace/autonomous_ROS/install/dual_motor/lib'
[7.508s] Level 1:colcon.colcon_core.environment:checking '/home/jetson/myspace/autonomous_ROS/install/dual_motor/bin'
[7.509s] Level 1:colcon.colcon_core.environment:checking '/home/jetson/myspace/autonomous_ROS/install/dual_motor/lib/pkgconfig/dual_motor.pc'
[7.510s] Level 1:colcon.colcon_core.environment:checking '/home/jetson/myspace/autonomous_ROS/install/dual_motor/lib/python3.8/site-packages'
[7.510s] Level 1:colcon.colcon_core.shell:create_environment_hook('dual_motor', 'pythonpath')
[7.511s] INFO:colcon.colcon_core.shell:Creating environment hook '/home/jetson/myspace/autonomous_ROS/install/dual_motor/share/dual_motor/hook/pythonpath.ps1'
[7.513s] INFO:colcon.colcon_core.shell:Creating environment descriptor '/home/jetson/myspace/autonomous_ROS/install/dual_motor/share/dual_motor/hook/pythonpath.dsv'
[7.514s] INFO:colcon.colcon_core.shell:Creating environment hook '/home/jetson/myspace/autonomous_ROS/install/dual_motor/share/dual_motor/hook/pythonpath.sh'
[7.517s] Level 1:colcon.colcon_core.environment:checking '/home/jetson/myspace/autonomous_ROS/install/dual_motor/bin'
[7.517s] Level 1:colcon.colcon_core.environment:create_environment_scripts_only(dual_motor)
[7.518s] INFO:colcon.colcon_core.shell:Creating package script '/home/jetson/myspace/autonomous_ROS/install/dual_motor/share/dual_motor/package.ps1'
[7.523s] INFO:colcon.colcon_core.shell:Creating package descriptor '/home/jetson/myspace/autonomous_ROS/install/dual_motor/share/dual_motor/package.dsv'
[7.526s] INFO:colcon.colcon_core.shell:Creating package script '/home/jetson/myspace/autonomous_ROS/install/dual_motor/share/dual_motor/package.sh'
[7.529s] INFO:colcon.colcon_core.shell:Creating package script '/home/jetson/myspace/autonomous_ROS/install/dual_motor/share/dual_motor/package.bash'
[7.533s] INFO:colcon.colcon_core.shell:Creating package script '/home/jetson/myspace/autonomous_ROS/install/dual_motor/share/dual_motor/package.zsh'
[7.538s] Level 1:colcon.colcon_core.environment:create_file_with_runtime_dependencies(/home/jetson/myspace/autonomous_ROS/install/dual_motor/share/colcon-core/packages/dual_motor)
[7.540s] DEBUG:colcon.colcon_parallel_executor.executor.parallel:closing loop
[7.540s] DEBUG:colcon.colcon_parallel_executor.executor.parallel:loop closed
[7.541s] DEBUG:colcon.colcon_parallel_executor.executor.parallel:run_until_complete finished with '0'
[7.541s] DEBUG:colcon.colcon_core.event_reactor:joining thread
[7.563s] INFO:colcon.colcon_core.plugin_system:Skipping extension 'colcon_notification.desktop_notification.terminal_notifier': Not used on non-Darwin systems
[7.564s] INFO:colcon.colcon_core.plugin_system:Skipping extension 'colcon_notification.desktop_notification.win32': Not used on non-Windows systems
[7.564s] INFO:colcon.colcon_notification.desktop_notification:Sending desktop notification using 'notify2'
[7.604s] DEBUG:colcon.colcon_core.event_reactor:joined thread
[7.606s] INFO:colcon.colcon_core.shell:Creating prefix script '/home/jetson/myspace/autonomous_ROS/install/local_setup.ps1'
[7.610s] INFO:colcon.colcon_core.shell:Creating prefix util module '/home/jetson/myspace/autonomous_ROS/install/_local_setup_util_ps1.py'
[7.616s] INFO:colcon.colcon_core.shell:Creating prefix chain script '/home/jetson/myspace/autonomous_ROS/install/setup.ps1'
[7.621s] INFO:colcon.colcon_core.shell:Creating prefix script '/home/jetson/myspace/autonomous_ROS/install/local_setup.sh'
[7.623s] INFO:colcon.colcon_core.shell:Creating prefix util module '/home/jetson/myspace/autonomous_ROS/install/_local_setup_util_sh.py'
[7.626s] INFO:colcon.colcon_core.shell:Creating prefix chain script '/home/jetson/myspace/autonomous_ROS/install/setup.sh'
[7.631s] INFO:colcon.colcon_core.shell:Creating prefix script '/home/jetson/myspace/autonomous_ROS/install/local_setup.bash'
[7.633s] INFO:colcon.colcon_core.shell:Creating prefix chain script '/home/jetson/myspace/autonomous_ROS/install/setup.bash'
[7.637s] INFO:colcon.colcon_core.shell:Creating prefix script '/home/jetson/myspace/autonomous_ROS/install/local_setup.zsh'
[7.639s] INFO:colcon.colcon_core.shell:Creating prefix chain script '/home/jetson/myspace/autonomous_ROS/install/setup.zsh'
