running egg_info
writing ../../build/enc_motor_control/enc_motor_control.egg-info/PKG-INFO
writing dependency_links to ../../build/enc_motor_control/enc_motor_control.egg-info/dependency_links.txt
writing entry points to ../../build/enc_motor_control/enc_motor_control.egg-info/entry_points.txt
writing requirements to ../../build/enc_motor_control/enc_motor_control.egg-info/requires.txt
writing top-level names to ../../build/enc_motor_control/enc_motor_control.egg-info/top_level.txt
reading manifest file '../../build/enc_motor_control/enc_motor_control.egg-info/SOURCES.txt'
writing manifest file '../../build/enc_motor_control/enc_motor_control.egg-info/SOURCES.txt'
running build
running build_py
copying enc_motor_control/enc_motor_controller.py -> /home/ubuntu/my_space/autonomous_ROS/build/enc_motor_control/build/lib/enc_motor_control
running install
running install_lib
copying /home/ubuntu/my_space/autonomous_ROS/build/enc_motor_control/build/lib/enc_motor_control/enc_motor_controller.py -> /home/ubuntu/my_space/autonomous_ROS/install/enc_motor_control/lib/python3.10/site-packages/enc_motor_control
byte-compiling /home/ubuntu/my_space/autonomous_ROS/install/enc_motor_control/lib/python3.10/site-packages/enc_motor_control/enc_motor_controller.py to enc_motor_controller.cpython-310.pyc
running install_data
running install_egg_info
removing '/home/ubuntu/my_space/autonomous_ROS/install/enc_motor_control/lib/python3.10/site-packages/enc_motor_control-0.0.0-py3.10.egg-info' (and everything under it)
Copying ../../build/enc_motor_control/enc_motor_control.egg-info to /home/ubuntu/my_space/autonomous_ROS/install/enc_motor_control/lib/python3.10/site-packages/enc_motor_control-0.0.0-py3.10.egg-info
running install_scripts
Installing enc_motor_controller script to /home/ubuntu/my_space/autonomous_ROS/install/enc_motor_control/lib/enc_motor_control
writing list of installed files to '/home/ubuntu/my_space/autonomous_ROS/build/enc_motor_control/install.log'
