[0.535s] DEBUG:colcon:Command line arguments: ['/usr/bin/colcon', 'build', '--symlink-install']
[0.536s] DEBUG:colcon:Parsed command line arguments: Namespace(log_base=None, log_level=None, verb_name='build', build_base='build', install_base='install', merge_install=False, symlink_install=True, test_result_base=None, continue_on_error=False, executor='parallel', parallel_workers=4, event_handlers=None, ignore_user_meta=False, metas=['./colcon.meta'], base_paths=['.'], packages_ignore=None, packages_ignore_regex=None, paths=None, packages_up_to=None, packages_up_to_regex=None, packages_above=None, packages_above_and_dependencies=None, packages_above_depth=None, packages_select_by_dep=None, packages_skip_by_dep=None, packages_skip_up_to=None, packages_select_build_failed=False, packages_skip_build_finished=False, packages_select_test_failures=False, packages_skip_test_passed=False, packages_select=None, packages_skip=None, packages_select_regex=None, packages_skip_regex=None, packages_start=None, packages_end=None, allow_overriding=[], cmake_args=None, cmake_target=None, cmake_target_skip_unavailable=False, cmake_clean_cache=False, cmake_clean_first=False, cmake_force_configure=False, ament_cmake_args=None, catkin_cmake_args=None, catkin_skip_building_tests=False, mixin_files=None, mixin=None, verb_parser=<colcon_mixin.mixin.mixin_argument.MixinArgumentDecorator object at 0xffff9d5a9960>, verb_extension=<colcon_core.verb.build.BuildVerb object at 0xffff9d6a6860>, main=<bound method BuildVerb.main of <colcon_core.verb.build.BuildVerb object at 0xffff9d6a6860>>, mixin_verb=('build',))
[1.362s] Level 1:colcon.colcon_core.package_discovery:discover_packages(colcon_meta) check parameters
[1.363s] Level 1:colcon.colcon_core.package_discovery:discover_packages(recursive) check parameters
[1.363s] Level 1:colcon.colcon_core.package_discovery:discover_packages(ignore) check parameters
[1.363s] Level 1:colcon.colcon_core.package_discovery:discover_packages(path) check parameters
[1.363s] Level 1:colcon.colcon_core.package_discovery:discover_packages(colcon_meta) discover
[1.364s] Level 1:colcon.colcon_core.package_discovery:discover_packages(recursive) discover
[1.364s] INFO:colcon.colcon_core.package_discovery:Crawling recursively for packages in '/home/ubuntu/my_space/autonomous_ROS'
[1.364s] Level 1:colcon.colcon_core.package_identification:_identify(.) by extensions ['ignore', 'ignore_ament_install']
[1.365s] Level 1:colcon.colcon_core.package_identification:_identify(.) by extension 'ignore'
[1.365s] Level 1:colcon.colcon_core.package_identification:_identify(.) by extension 'ignore_ament_install'
[1.365s] Level 1:colcon.colcon_core.package_identification:_identify(.) by extensions ['colcon_pkg']
[1.366s] Level 1:colcon.colcon_core.package_identification:_identify(.) by extension 'colcon_pkg'
[1.366s] Level 1:colcon.colcon_core.package_identification:_identify(.) by extensions ['colcon_meta']
[1.366s] Level 1:colcon.colcon_core.package_identification:_identify(.) by extension 'colcon_meta'
[1.366s] Level 1:colcon.colcon_core.package_identification:_identify(.) by extensions ['ros']
[1.366s] Level 1:colcon.colcon_core.package_identification:_identify(.) by extension 'ros'
[1.421s] Level 1:colcon.colcon_core.package_identification:_identify(.) by extensions ['cmake', 'python']
[1.421s] Level 1:colcon.colcon_core.package_identification:_identify(.) by extension 'cmake'
[1.422s] Level 1:colcon.colcon_core.package_identification:_identify(.) by extension 'python'
[1.422s] Level 1:colcon.colcon_core.package_identification:_identify(.) by extensions ['python_setup_py']
[1.422s] Level 1:colcon.colcon_core.package_identification:_identify(.) by extension 'python_setup_py'
[1.423s] Level 1:colcon.colcon_core.package_identification:_identify(assets) by extensions ['ignore', 'ignore_ament_install']
[1.423s] Level 1:colcon.colcon_core.package_identification:_identify(assets) by extension 'ignore'
[1.423s] Level 1:colcon.colcon_core.package_identification:_identify(assets) by extension 'ignore_ament_install'
[1.424s] Level 1:colcon.colcon_core.package_identification:_identify(assets) by extensions ['colcon_pkg']
[1.424s] Level 1:colcon.colcon_core.package_identification:_identify(assets) by extension 'colcon_pkg'
[1.424s] Level 1:colcon.colcon_core.package_identification:_identify(assets) by extensions ['colcon_meta']
[1.424s] Level 1:colcon.colcon_core.package_identification:_identify(assets) by extension 'colcon_meta'
[1.424s] Level 1:colcon.colcon_core.package_identification:_identify(assets) by extensions ['ros']
[1.425s] Level 1:colcon.colcon_core.package_identification:_identify(assets) by extension 'ros'
[1.425s] Level 1:colcon.colcon_core.package_identification:_identify(assets) by extensions ['cmake', 'python']
[1.425s] Level 1:colcon.colcon_core.package_identification:_identify(assets) by extension 'cmake'
[1.425s] Level 1:colcon.colcon_core.package_identification:_identify(assets) by extension 'python'
[1.426s] Level 1:colcon.colcon_core.package_identification:_identify(assets) by extensions ['python_setup_py']
[1.426s] Level 1:colcon.colcon_core.package_identification:_identify(assets) by extension 'python_setup_py'
[1.426s] Level 1:colcon.colcon_core.package_identification:_identify(build) by extensions ['ignore', 'ignore_ament_install']
[1.427s] Level 1:colcon.colcon_core.package_identification:_identify(build) by extension 'ignore'
[1.427s] Level 1:colcon.colcon_core.package_identification:_identify(build) ignored
[1.428s] Level 1:colcon.colcon_core.package_identification:_identify(install) by extensions ['ignore', 'ignore_ament_install']
[1.428s] Level 1:colcon.colcon_core.package_identification:_identify(install) by extension 'ignore'
[1.428s] Level 1:colcon.colcon_core.package_identification:_identify(install) ignored
[1.429s] Level 1:colcon.colcon_core.package_identification:_identify(launch) by extensions ['ignore', 'ignore_ament_install']
[1.429s] Level 1:colcon.colcon_core.package_identification:_identify(launch) by extension 'ignore'
[1.430s] Level 1:colcon.colcon_core.package_identification:_identify(launch) by extension 'ignore_ament_install'
[1.430s] Level 1:colcon.colcon_core.package_identification:_identify(launch) by extensions ['colcon_pkg']
[1.430s] Level 1:colcon.colcon_core.package_identification:_identify(launch) by extension 'colcon_pkg'
[1.430s] Level 1:colcon.colcon_core.package_identification:_identify(launch) by extensions ['colcon_meta']
[1.430s] Level 1:colcon.colcon_core.package_identification:_identify(launch) by extension 'colcon_meta'
[1.430s] Level 1:colcon.colcon_core.package_identification:_identify(launch) by extensions ['ros']
[1.431s] Level 1:colcon.colcon_core.package_identification:_identify(launch) by extension 'ros'
[1.431s] Level 1:colcon.colcon_core.package_identification:_identify(launch) by extensions ['cmake', 'python']
[1.431s] Level 1:colcon.colcon_core.package_identification:_identify(launch) by extension 'cmake'
[1.431s] Level 1:colcon.colcon_core.package_identification:_identify(launch) by extension 'python'
[1.432s] Level 1:colcon.colcon_core.package_identification:_identify(launch) by extensions ['python_setup_py']
[1.432s] Level 1:colcon.colcon_core.package_identification:_identify(launch) by extension 'python_setup_py'
[1.432s] Level 1:colcon.colcon_core.package_identification:_identify(launch/__pycache__) by extensions ['ignore', 'ignore_ament_install']
[1.433s] Level 1:colcon.colcon_core.package_identification:_identify(launch/__pycache__) by extension 'ignore'
[1.433s] Level 1:colcon.colcon_core.package_identification:_identify(launch/__pycache__) by extension 'ignore_ament_install'
[1.433s] Level 1:colcon.colcon_core.package_identification:_identify(launch/__pycache__) by extensions ['colcon_pkg']
[1.433s] Level 1:colcon.colcon_core.package_identification:_identify(launch/__pycache__) by extension 'colcon_pkg'
[1.434s] Level 1:colcon.colcon_core.package_identification:_identify(launch/__pycache__) by extensions ['colcon_meta']
[1.434s] Level 1:colcon.colcon_core.package_identification:_identify(launch/__pycache__) by extension 'colcon_meta'
[1.434s] Level 1:colcon.colcon_core.package_identification:_identify(launch/__pycache__) by extensions ['ros']
[1.434s] Level 1:colcon.colcon_core.package_identification:_identify(launch/__pycache__) by extension 'ros'
[1.434s] Level 1:colcon.colcon_core.package_identification:_identify(launch/__pycache__) by extensions ['cmake', 'python']
[1.435s] Level 1:colcon.colcon_core.package_identification:_identify(launch/__pycache__) by extension 'cmake'
[1.435s] Level 1:colcon.colcon_core.package_identification:_identify(launch/__pycache__) by extension 'python'
[1.435s] Level 1:colcon.colcon_core.package_identification:_identify(launch/__pycache__) by extensions ['python_setup_py']
[1.435s] Level 1:colcon.colcon_core.package_identification:_identify(launch/__pycache__) by extension 'python_setup_py'
[1.436s] Level 1:colcon.colcon_core.package_identification:_identify(log) by extensions ['ignore', 'ignore_ament_install']
[1.437s] Level 1:colcon.colcon_core.package_identification:_identify(log) by extension 'ignore'
[1.437s] Level 1:colcon.colcon_core.package_identification:_identify(log) ignored
[1.437s] Level 1:colcon.colcon_core.package_identification:_identify(src) by extensions ['ignore', 'ignore_ament_install']
[1.438s] Level 1:colcon.colcon_core.package_identification:_identify(src) by extension 'ignore'
[1.438s] Level 1:colcon.colcon_core.package_identification:_identify(src) by extension 'ignore_ament_install'
[1.438s] Level 1:colcon.colcon_core.package_identification:_identify(src) by extensions ['colcon_pkg']
[1.438s] Level 1:colcon.colcon_core.package_identification:_identify(src) by extension 'colcon_pkg'
[1.439s] Level 1:colcon.colcon_core.package_identification:_identify(src) by extensions ['colcon_meta']
[1.439s] Level 1:colcon.colcon_core.package_identification:_identify(src) by extension 'colcon_meta'
[1.439s] Level 1:colcon.colcon_core.package_identification:_identify(src) by extensions ['ros']
[1.439s] Level 1:colcon.colcon_core.package_identification:_identify(src) by extension 'ros'
[1.439s] Level 1:colcon.colcon_core.package_identification:_identify(src) by extensions ['cmake', 'python']
[1.440s] Level 1:colcon.colcon_core.package_identification:_identify(src) by extension 'cmake'
[1.440s] Level 1:colcon.colcon_core.package_identification:_identify(src) by extension 'python'
[1.440s] Level 1:colcon.colcon_core.package_identification:_identify(src) by extensions ['python_setup_py']
[1.440s] Level 1:colcon.colcon_core.package_identification:_identify(src) by extension 'python_setup_py'
[1.441s] Level 1:colcon.colcon_core.package_identification:_identify(src/dual_motor) by extensions ['ignore', 'ignore_ament_install']
[1.441s] Level 1:colcon.colcon_core.package_identification:_identify(src/dual_motor) by extension 'ignore'
[1.441s] Level 1:colcon.colcon_core.package_identification:_identify(src/dual_motor) by extension 'ignore_ament_install'
[1.442s] Level 1:colcon.colcon_core.package_identification:_identify(src/dual_motor) by extensions ['colcon_pkg']
[1.442s] Level 1:colcon.colcon_core.package_identification:_identify(src/dual_motor) by extension 'colcon_pkg'
[1.442s] Level 1:colcon.colcon_core.package_identification:_identify(src/dual_motor) by extensions ['colcon_meta']
[1.442s] Level 1:colcon.colcon_core.package_identification:_identify(src/dual_motor) by extension 'colcon_meta'
[1.442s] Level 1:colcon.colcon_core.package_identification:_identify(src/dual_motor) by extensions ['ros']
[1.442s] Level 1:colcon.colcon_core.package_identification:_identify(src/dual_motor) by extension 'ros'
[1.453s] DEBUG:colcon.colcon_core.package_identification:Package 'src/dual_motor' with type 'ros.ament_python' and name 'dual_motor'
[1.454s] Level 1:colcon.colcon_core.package_identification:_identify(src/motor_encoder) by extensions ['ignore', 'ignore_ament_install']
[1.454s] Level 1:colcon.colcon_core.package_identification:_identify(src/motor_encoder) by extension 'ignore'
[1.454s] Level 1:colcon.colcon_core.package_identification:_identify(src/motor_encoder) by extension 'ignore_ament_install'
[1.455s] Level 1:colcon.colcon_core.package_identification:_identify(src/motor_encoder) by extensions ['colcon_pkg']
[1.455s] Level 1:colcon.colcon_core.package_identification:_identify(src/motor_encoder) by extension 'colcon_pkg'
[1.455s] Level 1:colcon.colcon_core.package_identification:_identify(src/motor_encoder) by extensions ['colcon_meta']
[1.455s] Level 1:colcon.colcon_core.package_identification:_identify(src/motor_encoder) by extension 'colcon_meta'
[1.455s] Level 1:colcon.colcon_core.package_identification:_identify(src/motor_encoder) by extensions ['ros']
[1.456s] Level 1:colcon.colcon_core.package_identification:_identify(src/motor_encoder) by extension 'ros'
[1.459s] DEBUG:colcon.colcon_core.package_identification:Package 'src/motor_encoder' with type 'ros.ament_python' and name 'motor_encoder'
[1.459s] Level 1:colcon.colcon_core.package_identification:_identify(src/mpu6050_imu) by extensions ['ignore', 'ignore_ament_install']
[1.460s] Level 1:colcon.colcon_core.package_identification:_identify(src/mpu6050_imu) by extension 'ignore'
[1.460s] Level 1:colcon.colcon_core.package_identification:_identify(src/mpu6050_imu) by extension 'ignore_ament_install'
[1.460s] Level 1:colcon.colcon_core.package_identification:_identify(src/mpu6050_imu) by extensions ['colcon_pkg']
[1.460s] Level 1:colcon.colcon_core.package_identification:_identify(src/mpu6050_imu) by extension 'colcon_pkg'
[1.461s] Level 1:colcon.colcon_core.package_identification:_identify(src/mpu6050_imu) by extensions ['colcon_meta']
[1.461s] Level 1:colcon.colcon_core.package_identification:_identify(src/mpu6050_imu) by extension 'colcon_meta'
[1.461s] Level 1:colcon.colcon_core.package_identification:_identify(src/mpu6050_imu) by extensions ['ros']
[1.461s] Level 1:colcon.colcon_core.package_identification:_identify(src/mpu6050_imu) by extension 'ros'
[1.464s] DEBUG:colcon.colcon_core.package_identification:Package 'src/mpu6050_imu' with type 'ros.ament_python' and name 'mpu6050_imu'
[1.465s] Level 1:colcon.colcon_core.package_identification:_identify(src/object_detection) by extensions ['ignore', 'ignore_ament_install']
[1.465s] Level 1:colcon.colcon_core.package_identification:_identify(src/object_detection) by extension 'ignore'
[1.465s] Level 1:colcon.colcon_core.package_identification:_identify(src/object_detection) by extension 'ignore_ament_install'
[1.466s] Level 1:colcon.colcon_core.package_identification:_identify(src/object_detection) by extensions ['colcon_pkg']
[1.466s] Level 1:colcon.colcon_core.package_identification:_identify(src/object_detection) by extension 'colcon_pkg'
[1.466s] Level 1:colcon.colcon_core.package_identification:_identify(src/object_detection) by extensions ['colcon_meta']
[1.466s] Level 1:colcon.colcon_core.package_identification:_identify(src/object_detection) by extension 'colcon_meta'
[1.467s] Level 1:colcon.colcon_core.package_identification:_identify(src/object_detection) by extensions ['ros']
[1.467s] Level 1:colcon.colcon_core.package_identification:_identify(src/object_detection) by extension 'ros'
[1.470s] DEBUG:colcon.colcon_core.package_identification:Package 'src/object_detection' with type 'ros.ament_python' and name 'object_detection'
[1.471s] Level 1:colcon.colcon_core.package_identification:_identify(test) by extensions ['ignore', 'ignore_ament_install']
[1.471s] Level 1:colcon.colcon_core.package_identification:_identify(test) by extension 'ignore'
[1.472s] Level 1:colcon.colcon_core.package_identification:_identify(test) by extension 'ignore_ament_install'
[1.472s] Level 1:colcon.colcon_core.package_identification:_identify(test) by extensions ['colcon_pkg']
[1.472s] Level 1:colcon.colcon_core.package_identification:_identify(test) by extension 'colcon_pkg'
[1.472s] Level 1:colcon.colcon_core.package_identification:_identify(test) by extensions ['colcon_meta']
[1.472s] Level 1:colcon.colcon_core.package_identification:_identify(test) by extension 'colcon_meta'
[1.473s] Level 1:colcon.colcon_core.package_identification:_identify(test) by extensions ['ros']
[1.473s] Level 1:colcon.colcon_core.package_identification:_identify(test) by extension 'ros'
[1.473s] Level 1:colcon.colcon_core.package_identification:_identify(test) by extensions ['cmake', 'python']
[1.473s] Level 1:colcon.colcon_core.package_identification:_identify(test) by extension 'cmake'
[1.474s] Level 1:colcon.colcon_core.package_identification:_identify(test) by extension 'python'
[1.474s] Level 1:colcon.colcon_core.package_identification:_identify(test) by extensions ['python_setup_py']
[1.474s] Level 1:colcon.colcon_core.package_identification:_identify(test) by extension 'python_setup_py'
[1.474s] Level 1:colcon.colcon_core.package_discovery:discover_packages(recursive) using defaults
[1.475s] Level 1:colcon.colcon_core.package_discovery:discover_packages(ignore) discover
[1.475s] Level 1:colcon.colcon_core.package_discovery:discover_packages(ignore) using defaults
[1.475s] Level 1:colcon.colcon_core.package_discovery:discover_packages(path) discover
[1.475s] Level 1:colcon.colcon_core.package_discovery:discover_packages(path) using defaults
[1.570s] Level 1:colcon.colcon_core.package_discovery:discover_packages(prefix_path) check parameters
[1.570s] Level 1:colcon.colcon_core.package_discovery:discover_packages(prefix_path) discover
[1.581s] DEBUG:colcon.colcon_installed_package_information.package_discovery:Found 7 installed packages in /home/ubuntu/my_space/autonomous_ROS/install
[1.589s] DEBUG:colcon.colcon_installed_package_information.package_discovery:Found 192 installed packages in /opt/ros/humble
[1.595s] Level 1:colcon.colcon_core.package_discovery:discover_packages(prefix_path) using defaults
[1.772s] Level 5:colcon.colcon_core.verb:set package 'dual_motor' build argument 'cmake_args' from command line to 'None'
[1.773s] Level 5:colcon.colcon_core.verb:set package 'dual_motor' build argument 'cmake_target' from command line to 'None'
[1.773s] Level 5:colcon.colcon_core.verb:set package 'dual_motor' build argument 'cmake_target_skip_unavailable' from command line to 'False'
[1.773s] Level 5:colcon.colcon_core.verb:set package 'dual_motor' build argument 'cmake_clean_cache' from command line to 'False'
[1.773s] Level 5:colcon.colcon_core.verb:set package 'dual_motor' build argument 'cmake_clean_first' from command line to 'False'
[1.773s] Level 5:colcon.colcon_core.verb:set package 'dual_motor' build argument 'cmake_force_configure' from command line to 'False'
[1.773s] Level 5:colcon.colcon_core.verb:set package 'dual_motor' build argument 'ament_cmake_args' from command line to 'None'
[1.774s] Level 5:colcon.colcon_core.verb:set package 'dual_motor' build argument 'catkin_cmake_args' from command line to 'None'
[1.774s] Level 5:colcon.colcon_core.verb:set package 'dual_motor' build argument 'catkin_skip_building_tests' from command line to 'False'
[1.774s] DEBUG:colcon.colcon_core.verb:Building package 'dual_motor' with the following arguments: {'ament_cmake_args': None, 'build_base': '/home/ubuntu/my_space/autonomous_ROS/build/dual_motor', 'catkin_cmake_args': None, 'catkin_skip_building_tests': False, 'cmake_args': None, 'cmake_clean_cache': False, 'cmake_clean_first': False, 'cmake_force_configure': False, 'cmake_target': None, 'cmake_target_skip_unavailable': False, 'install_base': '/home/ubuntu/my_space/autonomous_ROS/install/dual_motor', 'merge_install': False, 'path': '/home/ubuntu/my_space/autonomous_ROS/src/dual_motor', 'symlink_install': True, 'test_result_base': None}
[1.776s] Level 5:colcon.colcon_core.verb:set package 'motor_encoder' build argument 'cmake_args' from command line to 'None'
[1.776s] Level 5:colcon.colcon_core.verb:set package 'motor_encoder' build argument 'cmake_target' from command line to 'None'
[1.776s] Level 5:colcon.colcon_core.verb:set package 'motor_encoder' build argument 'cmake_target_skip_unavailable' from command line to 'False'
[1.776s] Level 5:colcon.colcon_core.verb:set package 'motor_encoder' build argument 'cmake_clean_cache' from command line to 'False'
[1.776s] Level 5:colcon.colcon_core.verb:set package 'motor_encoder' build argument 'cmake_clean_first' from command line to 'False'
[1.776s] Level 5:colcon.colcon_core.verb:set package 'motor_encoder' build argument 'cmake_force_configure' from command line to 'False'
[1.776s] Level 5:colcon.colcon_core.verb:set package 'motor_encoder' build argument 'ament_cmake_args' from command line to 'None'
[1.777s] Level 5:colcon.colcon_core.verb:set package 'motor_encoder' build argument 'catkin_cmake_args' from command line to 'None'
[1.777s] Level 5:colcon.colcon_core.verb:set package 'motor_encoder' build argument 'catkin_skip_building_tests' from command line to 'False'
[1.777s] DEBUG:colcon.colcon_core.verb:Building package 'motor_encoder' with the following arguments: {'ament_cmake_args': None, 'build_base': '/home/ubuntu/my_space/autonomous_ROS/build/motor_encoder', 'catkin_cmake_args': None, 'catkin_skip_building_tests': False, 'cmake_args': None, 'cmake_clean_cache': False, 'cmake_clean_first': False, 'cmake_force_configure': False, 'cmake_target': None, 'cmake_target_skip_unavailable': False, 'install_base': '/home/ubuntu/my_space/autonomous_ROS/install/motor_encoder', 'merge_install': False, 'path': '/home/ubuntu/my_space/autonomous_ROS/src/motor_encoder', 'symlink_install': True, 'test_result_base': None}
[1.779s] Level 5:colcon.colcon_core.verb:set package 'mpu6050_imu' build argument 'cmake_args' from command line to 'None'
[1.779s] Level 5:colcon.colcon_core.verb:set package 'mpu6050_imu' build argument 'cmake_target' from command line to 'None'
[1.779s] Level 5:colcon.colcon_core.verb:set package 'mpu6050_imu' build argument 'cmake_target_skip_unavailable' from command line to 'False'
[1.779s] Level 5:colcon.colcon_core.verb:set package 'mpu6050_imu' build argument 'cmake_clean_cache' from command line to 'False'
[1.779s] Level 5:colcon.colcon_core.verb:set package 'mpu6050_imu' build argument 'cmake_clean_first' from command line to 'False'
[1.779s] Level 5:colcon.colcon_core.verb:set package 'mpu6050_imu' build argument 'cmake_force_configure' from command line to 'False'
[1.779s] Level 5:colcon.colcon_core.verb:set package 'mpu6050_imu' build argument 'ament_cmake_args' from command line to 'None'
[1.780s] Level 5:colcon.colcon_core.verb:set package 'mpu6050_imu' build argument 'catkin_cmake_args' from command line to 'None'
[1.780s] Level 5:colcon.colcon_core.verb:set package 'mpu6050_imu' build argument 'catkin_skip_building_tests' from command line to 'False'
[1.780s] DEBUG:colcon.colcon_core.verb:Building package 'mpu6050_imu' with the following arguments: {'ament_cmake_args': None, 'build_base': '/home/ubuntu/my_space/autonomous_ROS/build/mpu6050_imu', 'catkin_cmake_args': None, 'catkin_skip_building_tests': False, 'cmake_args': None, 'cmake_clean_cache': False, 'cmake_clean_first': False, 'cmake_force_configure': False, 'cmake_target': None, 'cmake_target_skip_unavailable': False, 'install_base': '/home/ubuntu/my_space/autonomous_ROS/install/mpu6050_imu', 'merge_install': False, 'path': '/home/ubuntu/my_space/autonomous_ROS/src/mpu6050_imu', 'symlink_install': True, 'test_result_base': None}
[1.782s] Level 5:colcon.colcon_core.verb:set package 'object_detection' build argument 'cmake_args' from command line to 'None'
[1.782s] Level 5:colcon.colcon_core.verb:set package 'object_detection' build argument 'cmake_target' from command line to 'None'
[1.782s] Level 5:colcon.colcon_core.verb:set package 'object_detection' build argument 'cmake_target_skip_unavailable' from command line to 'False'
[1.782s] Level 5:colcon.colcon_core.verb:set package 'object_detection' build argument 'cmake_clean_cache' from command line to 'False'
[1.782s] Level 5:colcon.colcon_core.verb:set package 'object_detection' build argument 'cmake_clean_first' from command line to 'False'
[1.782s] Level 5:colcon.colcon_core.verb:set package 'object_detection' build argument 'cmake_force_configure' from command line to 'False'
[1.782s] Level 5:colcon.colcon_core.verb:set package 'object_detection' build argument 'ament_cmake_args' from command line to 'None'
[1.783s] Level 5:colcon.colcon_core.verb:set package 'object_detection' build argument 'catkin_cmake_args' from command line to 'None'
[1.783s] Level 5:colcon.colcon_core.verb:set package 'object_detection' build argument 'catkin_skip_building_tests' from command line to 'False'
[1.783s] DEBUG:colcon.colcon_core.verb:Building package 'object_detection' with the following arguments: {'ament_cmake_args': None, 'build_base': '/home/ubuntu/my_space/autonomous_ROS/build/object_detection', 'catkin_cmake_args': None, 'catkin_skip_building_tests': False, 'cmake_args': None, 'cmake_clean_cache': False, 'cmake_clean_first': False, 'cmake_force_configure': False, 'cmake_target': None, 'cmake_target_skip_unavailable': False, 'install_base': '/home/ubuntu/my_space/autonomous_ROS/install/object_detection', 'merge_install': False, 'path': '/home/ubuntu/my_space/autonomous_ROS/src/object_detection', 'symlink_install': True, 'test_result_base': None}
[1.783s] INFO:colcon.colcon_core.executor:Executing jobs using 'parallel' executor
[1.787s] DEBUG:colcon.colcon_parallel_executor.executor.parallel:run_until_complete
[1.789s] INFO:colcon.colcon_ros.task.ament_python.build:Building ROS package in '/home/ubuntu/my_space/autonomous_ROS/src/dual_motor' with build type 'ament_python'
[1.789s] Level 1:colcon.colcon_core.shell:create_environment_hook('dual_motor', 'ament_prefix_path')
[1.801s] INFO:colcon.colcon_core.plugin_system:Skipping extension 'colcon_core.shell.bat': Not used on non-Windows systems
[1.802s] INFO:colcon.colcon_core.shell:Creating environment hook '/home/ubuntu/my_space/autonomous_ROS/install/dual_motor/share/dual_motor/hook/ament_prefix_path.ps1'
[1.806s] INFO:colcon.colcon_core.shell:Creating environment descriptor '/home/ubuntu/my_space/autonomous_ROS/install/dual_motor/share/dual_motor/hook/ament_prefix_path.dsv'
[1.808s] INFO:colcon.colcon_core.shell:Creating environment hook '/home/ubuntu/my_space/autonomous_ROS/install/dual_motor/share/dual_motor/hook/ament_prefix_path.sh'
[1.812s] INFO:colcon.colcon_core.shell:Skip shell extension 'powershell' for command environment: Not usable outside of PowerShell
[1.812s] DEBUG:colcon.colcon_core.shell:Skip shell extension 'dsv' for command environment
[1.832s] INFO:colcon.colcon_ros.task.ament_python.build:Building ROS package in '/home/ubuntu/my_space/autonomous_ROS/src/motor_encoder' with build type 'ament_python'
[1.833s] Level 1:colcon.colcon_core.shell:create_environment_hook('motor_encoder', 'ament_prefix_path')
[1.834s] INFO:colcon.colcon_core.shell:Creating environment hook '/home/ubuntu/my_space/autonomous_ROS/install/motor_encoder/share/motor_encoder/hook/ament_prefix_path.ps1'
[1.837s] INFO:colcon.colcon_core.shell:Creating environment descriptor '/home/ubuntu/my_space/autonomous_ROS/install/motor_encoder/share/motor_encoder/hook/ament_prefix_path.dsv'
[1.840s] INFO:colcon.colcon_core.shell:Creating environment hook '/home/ubuntu/my_space/autonomous_ROS/install/motor_encoder/share/motor_encoder/hook/ament_prefix_path.sh'
[1.844s] INFO:colcon.colcon_core.shell:Skip shell extension 'powershell' for command environment: Not usable outside of PowerShell
[1.845s] DEBUG:colcon.colcon_core.shell:Skip shell extension 'dsv' for command environment
[1.864s] INFO:colcon.colcon_ros.task.ament_python.build:Building ROS package in '/home/ubuntu/my_space/autonomous_ROS/src/mpu6050_imu' with build type 'ament_python'
[1.864s] Level 1:colcon.colcon_core.shell:create_environment_hook('mpu6050_imu', 'ament_prefix_path')
[1.866s] INFO:colcon.colcon_core.shell:Creating environment hook '/home/ubuntu/my_space/autonomous_ROS/install/mpu6050_imu/share/mpu6050_imu/hook/ament_prefix_path.ps1'
[1.869s] INFO:colcon.colcon_core.shell:Creating environment descriptor '/home/ubuntu/my_space/autonomous_ROS/install/mpu6050_imu/share/mpu6050_imu/hook/ament_prefix_path.dsv'
[1.871s] INFO:colcon.colcon_core.shell:Creating environment hook '/home/ubuntu/my_space/autonomous_ROS/install/mpu6050_imu/share/mpu6050_imu/hook/ament_prefix_path.sh'
[1.876s] INFO:colcon.colcon_core.shell:Skip shell extension 'powershell' for command environment: Not usable outside of PowerShell
[1.876s] DEBUG:colcon.colcon_core.shell:Skip shell extension 'dsv' for command environment
[1.897s] INFO:colcon.colcon_ros.task.ament_python.build:Building ROS package in '/home/ubuntu/my_space/autonomous_ROS/src/object_detection' with build type 'ament_python'
[1.897s] Level 1:colcon.colcon_core.shell:create_environment_hook('object_detection', 'ament_prefix_path')
[1.899s] INFO:colcon.colcon_core.shell:Creating environment hook '/home/ubuntu/my_space/autonomous_ROS/install/object_detection/share/object_detection/hook/ament_prefix_path.ps1'
[1.902s] INFO:colcon.colcon_core.shell:Creating environment descriptor '/home/ubuntu/my_space/autonomous_ROS/install/object_detection/share/object_detection/hook/ament_prefix_path.dsv'
[1.905s] INFO:colcon.colcon_core.shell:Creating environment hook '/home/ubuntu/my_space/autonomous_ROS/install/object_detection/share/object_detection/hook/ament_prefix_path.sh'
[1.908s] INFO:colcon.colcon_core.shell:Skip shell extension 'powershell' for command environment: Not usable outside of PowerShell
[1.909s] DEBUG:colcon.colcon_core.shell:Skip shell extension 'dsv' for command environment
[3.224s] INFO:colcon.colcon_core.task.python.build:Building Python package in '/home/ubuntu/my_space/autonomous_ROS/src/dual_motor'
[3.225s] INFO:colcon.colcon_core.shell:Skip shell extension 'powershell' for command environment: Not usable outside of PowerShell
[3.225s] DEBUG:colcon.colcon_core.shell:Skip shell extension 'dsv' for command environment
[4.546s] INFO:colcon.colcon_core.task.python.build:Building Python package in '/home/ubuntu/my_space/autonomous_ROS/src/motor_encoder'
[4.547s] INFO:colcon.colcon_core.shell:Skip shell extension 'powershell' for command environment: Not usable outside of PowerShell
[4.547s] DEBUG:colcon.colcon_core.shell:Skip shell extension 'dsv' for command environment
[5.868s] INFO:colcon.colcon_core.task.python.build:Building Python package in '/home/ubuntu/my_space/autonomous_ROS/src/mpu6050_imu'
[5.869s] INFO:colcon.colcon_core.shell:Skip shell extension 'powershell' for command environment: Not usable outside of PowerShell
[5.870s] DEBUG:colcon.colcon_core.shell:Skip shell extension 'dsv' for command environment
[7.184s] INFO:colcon.colcon_core.task.python.build:Building Python package in '/home/ubuntu/my_space/autonomous_ROS/src/object_detection'
[7.185s] INFO:colcon.colcon_core.shell:Skip shell extension 'powershell' for command environment: Not usable outside of PowerShell
[7.185s] DEBUG:colcon.colcon_core.shell:Skip shell extension 'dsv' for command environment
[9.849s] DEBUG:colcon.colcon_core.event_handler.log_command:Invoking command in '/home/ubuntu/my_space/autonomous_ROS/build/dual_motor': PYTHONPATH=/home/ubuntu/my_space/autonomous_ROS/build/dual_motor/prefix_override:/usr/lib/python3/dist-packages/colcon_core/task/python/colcon_distutils_commands:/home/ubuntu/my_space/autonomous_ROS/install/dual_motor/lib/python3.10/site-packages:${PYTHONPATH} /usr/bin/python3 -W ignore:setup.py install is deprecated -W ignore:easy_install command is deprecated setup.py develop --editable --build-directory /home/ubuntu/my_space/autonomous_ROS/build/dual_motor/build --no-deps symlink_data
[9.912s] DEBUG:colcon.colcon_core.event_handler.log_command:Invoking command in '/home/ubuntu/my_space/autonomous_ROS/build/motor_encoder': PYTHONPATH=/home/ubuntu/my_space/autonomous_ROS/build/motor_encoder/prefix_override:/usr/lib/python3/dist-packages/colcon_core/task/python/colcon_distutils_commands:/home/ubuntu/my_space/autonomous_ROS/install/motor_encoder/lib/python3.10/site-packages:${PYTHONPATH} /usr/bin/python3 -W ignore:setup.py install is deprecated -W ignore:easy_install command is deprecated setup.py develop --editable --build-directory /home/ubuntu/my_space/autonomous_ROS/build/motor_encoder/build --no-deps symlink_data
[10.026s] DEBUG:colcon.colcon_core.event_handler.log_command:Invoking command in '/home/ubuntu/my_space/autonomous_ROS/build/object_detection': PYTHONPATH=/home/ubuntu/my_space/autonomous_ROS/build/object_detection/prefix_override:/usr/lib/python3/dist-packages/colcon_core/task/python/colcon_distutils_commands:/home/ubuntu/my_space/autonomous_ROS/install/object_detection/lib/python3.10/site-packages:${PYTHONPATH} /usr/bin/python3 -W ignore:setup.py install is deprecated -W ignore:easy_install command is deprecated setup.py develop --editable --build-directory /home/ubuntu/my_space/autonomous_ROS/build/object_detection/build --no-deps symlink_data
[10.268s] DEBUG:colcon.colcon_core.event_handler.log_command:Invoking command in '/home/ubuntu/my_space/autonomous_ROS/build/mpu6050_imu': PYTHONPATH=/home/ubuntu/my_space/autonomous_ROS/build/mpu6050_imu/prefix_override:/usr/lib/python3/dist-packages/colcon_core/task/python/colcon_distutils_commands:/home/ubuntu/my_space/autonomous_ROS/install/mpu6050_imu/lib/python3.10/site-packages:${PYTHONPATH} /usr/bin/python3 -W ignore:setup.py install is deprecated -W ignore:easy_install command is deprecated setup.py develop --editable --build-directory /home/ubuntu/my_space/autonomous_ROS/build/mpu6050_imu/build --no-deps symlink_data
[13.303s] Level 1:colcon.colcon_core.shell:create_environment_hook('motor_encoder', 'pythonpath_develop')
[13.308s] INFO:colcon.colcon_core.shell:Creating environment hook '/home/ubuntu/my_space/autonomous_ROS/build/motor_encoder/share/motor_encoder/hook/pythonpath_develop.ps1'
[13.305s] DEBUG:colcon.colcon_core.event_handler.log_command:Invoked command in '/home/ubuntu/my_space/autonomous_ROS/build/motor_encoder' returned '0': PYTHONPATH=/home/ubuntu/my_space/autonomous_ROS/build/motor_encoder/prefix_override:/usr/lib/python3/dist-packages/colcon_core/task/python/colcon_distutils_commands:/home/ubuntu/my_space/autonomous_ROS/install/motor_encoder/lib/python3.10/site-packages:${PYTHONPATH} /usr/bin/python3 -W ignore:setup.py install is deprecated -W ignore:easy_install command is deprecated setup.py develop --editable --build-directory /home/ubuntu/my_space/autonomous_ROS/build/motor_encoder/build --no-deps symlink_data
[13.320s] INFO:colcon.colcon_core.shell:Creating environment descriptor '/home/ubuntu/my_space/autonomous_ROS/build/motor_encoder/share/motor_encoder/hook/pythonpath_develop.dsv'
[13.330s] INFO:colcon.colcon_core.shell:Creating environment hook '/home/ubuntu/my_space/autonomous_ROS/build/motor_encoder/share/motor_encoder/hook/pythonpath_develop.sh'
[13.362s] Level 1:colcon.colcon_core.environment:checking '/home/ubuntu/my_space/autonomous_ROS/install/motor_encoder' for CMake module files
[13.366s] Level 1:colcon.colcon_core.environment:checking '/home/ubuntu/my_space/autonomous_ROS/install/motor_encoder' for CMake config files
[13.373s] Level 1:colcon.colcon_core.environment:checking '/home/ubuntu/my_space/autonomous_ROS/install/motor_encoder/lib'
[13.375s] Level 1:colcon.colcon_core.environment:checking '/home/ubuntu/my_space/autonomous_ROS/install/motor_encoder/bin'
[13.377s] Level 1:colcon.colcon_core.environment:checking '/home/ubuntu/my_space/autonomous_ROS/install/motor_encoder/lib/pkgconfig/motor_encoder.pc'
[13.379s] Level 1:colcon.colcon_core.environment:checking '/home/ubuntu/my_space/autonomous_ROS/install/motor_encoder/lib/python3.10/site-packages'
[13.381s] Level 1:colcon.colcon_core.shell:create_environment_hook('motor_encoder', 'pythonpath')
[13.384s] INFO:colcon.colcon_core.shell:Creating environment hook '/home/ubuntu/my_space/autonomous_ROS/install/motor_encoder/share/motor_encoder/hook/pythonpath.ps1'
[13.392s] INFO:colcon.colcon_core.shell:Creating environment descriptor '/home/ubuntu/my_space/autonomous_ROS/install/motor_encoder/share/motor_encoder/hook/pythonpath.dsv'
[13.399s] INFO:colcon.colcon_core.shell:Creating environment hook '/home/ubuntu/my_space/autonomous_ROS/install/motor_encoder/share/motor_encoder/hook/pythonpath.sh'
[13.407s] Level 1:colcon.colcon_core.environment:checking '/home/ubuntu/my_space/autonomous_ROS/install/motor_encoder/bin'
[13.409s] Level 1:colcon.colcon_core.environment:create_environment_scripts_only(motor_encoder)
[13.413s] INFO:colcon.colcon_core.shell:Creating package script '/home/ubuntu/my_space/autonomous_ROS/install/motor_encoder/share/motor_encoder/package.ps1'
[13.424s] INFO:colcon.colcon_core.shell:Creating package descriptor '/home/ubuntu/my_space/autonomous_ROS/install/motor_encoder/share/motor_encoder/package.dsv'
[13.432s] INFO:colcon.colcon_core.shell:Creating package script '/home/ubuntu/my_space/autonomous_ROS/install/motor_encoder/share/motor_encoder/package.sh'
[13.443s] INFO:colcon.colcon_core.shell:Creating package script '/home/ubuntu/my_space/autonomous_ROS/install/motor_encoder/share/motor_encoder/package.bash'
[13.450s] INFO:colcon.colcon_core.shell:Creating package script '/home/ubuntu/my_space/autonomous_ROS/install/motor_encoder/share/motor_encoder/package.zsh'
[13.457s] Level 1:colcon.colcon_core.environment:create_file_with_runtime_dependencies(/home/ubuntu/my_space/autonomous_ROS/install/motor_encoder/share/colcon-core/packages/motor_encoder)
[13.465s] Level 1:colcon.colcon_core.shell:create_environment_hook('object_detection', 'pythonpath_develop')
[13.467s] DEBUG:colcon.colcon_core.event_handler.log_command:Invoked command in '/home/ubuntu/my_space/autonomous_ROS/build/object_detection' returned '0': PYTHONPATH=/home/ubuntu/my_space/autonomous_ROS/build/object_detection/prefix_override:/usr/lib/python3/dist-packages/colcon_core/task/python/colcon_distutils_commands:/home/ubuntu/my_space/autonomous_ROS/install/object_detection/lib/python3.10/site-packages:${PYTHONPATH} /usr/bin/python3 -W ignore:setup.py install is deprecated -W ignore:easy_install command is deprecated setup.py develop --editable --build-directory /home/ubuntu/my_space/autonomous_ROS/build/object_detection/build --no-deps symlink_data
[13.468s] INFO:colcon.colcon_core.shell:Creating environment hook '/home/ubuntu/my_space/autonomous_ROS/build/object_detection/share/object_detection/hook/pythonpath_develop.ps1'
[13.473s] INFO:colcon.colcon_core.shell:Creating environment descriptor '/home/ubuntu/my_space/autonomous_ROS/build/object_detection/share/object_detection/hook/pythonpath_develop.dsv'
[13.476s] INFO:colcon.colcon_core.shell:Creating environment hook '/home/ubuntu/my_space/autonomous_ROS/build/object_detection/share/object_detection/hook/pythonpath_develop.sh'
[13.480s] Level 1:colcon.colcon_core.environment:checking '/home/ubuntu/my_space/autonomous_ROS/install/object_detection' for CMake module files
[13.483s] Level 1:colcon.colcon_core.environment:checking '/home/ubuntu/my_space/autonomous_ROS/install/object_detection' for CMake config files
[13.491s] Level 1:colcon.colcon_core.environment:checking '/home/ubuntu/my_space/autonomous_ROS/install/object_detection/lib'
[13.492s] Level 1:colcon.colcon_core.environment:checking '/home/ubuntu/my_space/autonomous_ROS/install/object_detection/bin'
[13.493s] Level 1:colcon.colcon_core.environment:checking '/home/ubuntu/my_space/autonomous_ROS/install/object_detection/lib/pkgconfig/object_detection.pc'
[13.495s] Level 1:colcon.colcon_core.environment:checking '/home/ubuntu/my_space/autonomous_ROS/install/object_detection/lib/python3.10/site-packages'
[13.496s] Level 1:colcon.colcon_core.shell:create_environment_hook('object_detection', 'pythonpath')
[13.497s] INFO:colcon.colcon_core.shell:Creating environment hook '/home/ubuntu/my_space/autonomous_ROS/install/object_detection/share/object_detection/hook/pythonpath.ps1'
[13.501s] INFO:colcon.colcon_core.shell:Creating environment descriptor '/home/ubuntu/my_space/autonomous_ROS/install/object_detection/share/object_detection/hook/pythonpath.dsv'
[13.505s] INFO:colcon.colcon_core.shell:Creating environment hook '/home/ubuntu/my_space/autonomous_ROS/install/object_detection/share/object_detection/hook/pythonpath.sh'
[13.509s] Level 1:colcon.colcon_core.environment:checking '/home/ubuntu/my_space/autonomous_ROS/install/object_detection/bin'
[13.510s] Level 1:colcon.colcon_core.environment:create_environment_scripts_only(object_detection)
[13.511s] INFO:colcon.colcon_core.shell:Creating package script '/home/ubuntu/my_space/autonomous_ROS/install/object_detection/share/object_detection/package.ps1'
[13.517s] INFO:colcon.colcon_core.shell:Creating package descriptor '/home/ubuntu/my_space/autonomous_ROS/install/object_detection/share/object_detection/package.dsv'
[13.526s] INFO:colcon.colcon_core.shell:Creating package script '/home/ubuntu/my_space/autonomous_ROS/install/object_detection/share/object_detection/package.sh'
[13.538s] INFO:colcon.colcon_core.shell:Creating package script '/home/ubuntu/my_space/autonomous_ROS/install/object_detection/share/object_detection/package.bash'
[13.544s] INFO:colcon.colcon_core.shell:Creating package script '/home/ubuntu/my_space/autonomous_ROS/install/object_detection/share/object_detection/package.zsh'
[13.549s] Level 1:colcon.colcon_core.environment:create_file_with_runtime_dependencies(/home/ubuntu/my_space/autonomous_ROS/install/object_detection/share/colcon-core/packages/object_detection)
[13.691s] Level 1:colcon.colcon_core.shell:create_environment_hook('dual_motor', 'pythonpath_develop')
[13.693s] INFO:colcon.colcon_core.shell:Creating environment hook '/home/ubuntu/my_space/autonomous_ROS/build/dual_motor/share/dual_motor/hook/pythonpath_develop.ps1'
[13.696s] DEBUG:colcon.colcon_core.event_handler.log_command:Invoked command in '/home/ubuntu/my_space/autonomous_ROS/build/dual_motor' returned '0': PYTHONPATH=/home/ubuntu/my_space/autonomous_ROS/build/dual_motor/prefix_override:/usr/lib/python3/dist-packages/colcon_core/task/python/colcon_distutils_commands:/home/ubuntu/my_space/autonomous_ROS/install/dual_motor/lib/python3.10/site-packages:${PYTHONPATH} /usr/bin/python3 -W ignore:setup.py install is deprecated -W ignore:easy_install command is deprecated setup.py develop --editable --build-directory /home/ubuntu/my_space/autonomous_ROS/build/dual_motor/build --no-deps symlink_data
[13.700s] INFO:colcon.colcon_core.shell:Creating environment descriptor '/home/ubuntu/my_space/autonomous_ROS/build/dual_motor/share/dual_motor/hook/pythonpath_develop.dsv'
[13.706s] INFO:colcon.colcon_core.shell:Creating environment hook '/home/ubuntu/my_space/autonomous_ROS/build/dual_motor/share/dual_motor/hook/pythonpath_develop.sh'
[13.711s] Level 1:colcon.colcon_core.environment:checking '/home/ubuntu/my_space/autonomous_ROS/install/dual_motor' for CMake module files
[13.715s] Level 1:colcon.colcon_core.environment:checking '/home/ubuntu/my_space/autonomous_ROS/install/dual_motor' for CMake config files
[13.721s] Level 1:colcon.colcon_core.environment:checking '/home/ubuntu/my_space/autonomous_ROS/install/dual_motor/lib'
[13.722s] Level 1:colcon.colcon_core.environment:checking '/home/ubuntu/my_space/autonomous_ROS/install/dual_motor/bin'
[13.723s] Level 1:colcon.colcon_core.environment:checking '/home/ubuntu/my_space/autonomous_ROS/install/dual_motor/lib/pkgconfig/dual_motor.pc'
[13.726s] Level 1:colcon.colcon_core.environment:checking '/home/ubuntu/my_space/autonomous_ROS/install/dual_motor/lib/python3.10/site-packages'
[13.727s] Level 1:colcon.colcon_core.shell:create_environment_hook('dual_motor', 'pythonpath')
[13.729s] INFO:colcon.colcon_core.shell:Creating environment hook '/home/ubuntu/my_space/autonomous_ROS/install/dual_motor/share/dual_motor/hook/pythonpath.ps1'
[13.736s] INFO:colcon.colcon_core.shell:Creating environment descriptor '/home/ubuntu/my_space/autonomous_ROS/install/dual_motor/share/dual_motor/hook/pythonpath.dsv'
[13.741s] INFO:colcon.colcon_core.shell:Creating environment hook '/home/ubuntu/my_space/autonomous_ROS/install/dual_motor/share/dual_motor/hook/pythonpath.sh'
[13.748s] Level 1:colcon.colcon_core.environment:checking '/home/ubuntu/my_space/autonomous_ROS/install/dual_motor/bin'
[13.749s] Level 1:colcon.colcon_core.environment:create_environment_scripts_only(dual_motor)
[13.752s] INFO:colcon.colcon_core.shell:Creating package script '/home/ubuntu/my_space/autonomous_ROS/install/dual_motor/share/dual_motor/package.ps1'
[13.757s] INFO:colcon.colcon_core.shell:Creating package descriptor '/home/ubuntu/my_space/autonomous_ROS/install/dual_motor/share/dual_motor/package.dsv'
[13.762s] INFO:colcon.colcon_core.shell:Creating package script '/home/ubuntu/my_space/autonomous_ROS/install/dual_motor/share/dual_motor/package.sh'
[13.767s] INFO:colcon.colcon_core.shell:Creating package script '/home/ubuntu/my_space/autonomous_ROS/install/dual_motor/share/dual_motor/package.bash'
[13.771s] INFO:colcon.colcon_core.shell:Creating package script '/home/ubuntu/my_space/autonomous_ROS/install/dual_motor/share/dual_motor/package.zsh'
[13.774s] Level 1:colcon.colcon_core.environment:create_file_with_runtime_dependencies(/home/ubuntu/my_space/autonomous_ROS/install/dual_motor/share/colcon-core/packages/dual_motor)
[13.838s] Level 1:colcon.colcon_core.shell:create_environment_hook('mpu6050_imu', 'pythonpath_develop')
[13.840s] INFO:colcon.colcon_core.shell:Creating environment hook '/home/ubuntu/my_space/autonomous_ROS/build/mpu6050_imu/share/mpu6050_imu/hook/pythonpath_develop.ps1'
[13.841s] DEBUG:colcon.colcon_core.event_handler.log_command:Invoked command in '/home/ubuntu/my_space/autonomous_ROS/build/mpu6050_imu' returned '0': PYTHONPATH=/home/ubuntu/my_space/autonomous_ROS/build/mpu6050_imu/prefix_override:/usr/lib/python3/dist-packages/colcon_core/task/python/colcon_distutils_commands:/home/ubuntu/my_space/autonomous_ROS/install/mpu6050_imu/lib/python3.10/site-packages:${PYTHONPATH} /usr/bin/python3 -W ignore:setup.py install is deprecated -W ignore:easy_install command is deprecated setup.py develop --editable --build-directory /home/ubuntu/my_space/autonomous_ROS/build/mpu6050_imu/build --no-deps symlink_data
[13.843s] INFO:colcon.colcon_core.shell:Creating environment descriptor '/home/ubuntu/my_space/autonomous_ROS/build/mpu6050_imu/share/mpu6050_imu/hook/pythonpath_develop.dsv'
[13.846s] INFO:colcon.colcon_core.shell:Creating environment hook '/home/ubuntu/my_space/autonomous_ROS/build/mpu6050_imu/share/mpu6050_imu/hook/pythonpath_develop.sh'
[13.849s] Level 1:colcon.colcon_core.environment:checking '/home/ubuntu/my_space/autonomous_ROS/install/mpu6050_imu' for CMake module files
[13.852s] Level 1:colcon.colcon_core.environment:checking '/home/ubuntu/my_space/autonomous_ROS/install/mpu6050_imu' for CMake config files
[13.856s] Level 1:colcon.colcon_core.environment:checking '/home/ubuntu/my_space/autonomous_ROS/install/mpu6050_imu/lib'
[13.856s] Level 1:colcon.colcon_core.environment:checking '/home/ubuntu/my_space/autonomous_ROS/install/mpu6050_imu/bin'
[13.857s] Level 1:colcon.colcon_core.environment:checking '/home/ubuntu/my_space/autonomous_ROS/install/mpu6050_imu/lib/pkgconfig/mpu6050_imu.pc'
[13.858s] Level 1:colcon.colcon_core.environment:checking '/home/ubuntu/my_space/autonomous_ROS/install/mpu6050_imu/lib/python3.10/site-packages'
[13.858s] Level 1:colcon.colcon_core.shell:create_environment_hook('mpu6050_imu', 'pythonpath')
[13.859s] INFO:colcon.colcon_core.shell:Creating environment hook '/home/ubuntu/my_space/autonomous_ROS/install/mpu6050_imu/share/mpu6050_imu/hook/pythonpath.ps1'
[13.861s] INFO:colcon.colcon_core.shell:Creating environment descriptor '/home/ubuntu/my_space/autonomous_ROS/install/mpu6050_imu/share/mpu6050_imu/hook/pythonpath.dsv'
[13.863s] INFO:colcon.colcon_core.shell:Creating environment hook '/home/ubuntu/my_space/autonomous_ROS/install/mpu6050_imu/share/mpu6050_imu/hook/pythonpath.sh'
[13.866s] Level 1:colcon.colcon_core.environment:checking '/home/ubuntu/my_space/autonomous_ROS/install/mpu6050_imu/bin'
[13.867s] Level 1:colcon.colcon_core.environment:create_environment_scripts_only(mpu6050_imu)
[13.868s] INFO:colcon.colcon_core.shell:Creating package script '/home/ubuntu/my_space/autonomous_ROS/install/mpu6050_imu/share/mpu6050_imu/package.ps1'
[13.871s] INFO:colcon.colcon_core.shell:Creating package descriptor '/home/ubuntu/my_space/autonomous_ROS/install/mpu6050_imu/share/mpu6050_imu/package.dsv'
[13.874s] INFO:colcon.colcon_core.shell:Creating package script '/home/ubuntu/my_space/autonomous_ROS/install/mpu6050_imu/share/mpu6050_imu/package.sh'
[13.876s] INFO:colcon.colcon_core.shell:Creating package script '/home/ubuntu/my_space/autonomous_ROS/install/mpu6050_imu/share/mpu6050_imu/package.bash'
[13.879s] INFO:colcon.colcon_core.shell:Creating package script '/home/ubuntu/my_space/autonomous_ROS/install/mpu6050_imu/share/mpu6050_imu/package.zsh'
[13.881s] Level 1:colcon.colcon_core.environment:create_file_with_runtime_dependencies(/home/ubuntu/my_space/autonomous_ROS/install/mpu6050_imu/share/colcon-core/packages/mpu6050_imu)
[13.882s] DEBUG:colcon.colcon_parallel_executor.executor.parallel:closing loop
[13.883s] DEBUG:colcon.colcon_parallel_executor.executor.parallel:loop closed
[13.884s] DEBUG:colcon.colcon_parallel_executor.executor.parallel:run_until_complete finished with '0'
[13.884s] DEBUG:colcon.colcon_core.event_reactor:joining thread
[13.912s] INFO:colcon.colcon_core.plugin_system:Skipping extension 'colcon_notification.desktop_notification.terminal_notifier': Not used on non-Darwin systems
[13.913s] INFO:colcon.colcon_core.plugin_system:Skipping extension 'colcon_notification.desktop_notification.win32': Not used on non-Windows systems
[13.913s] INFO:colcon.colcon_notification.desktop_notification:Sending desktop notification using 'notify2'
[13.916s] DEBUG:colcon.colcon_notification.desktop_notification.notify2:Failed to initialize notify2: org.freedesktop.DBus.Error.ServiceUnknown: The name org.freedesktop.Notifications was not provided by any .service files
[13.916s] DEBUG:colcon.colcon_core.event_reactor:joined thread
[13.918s] INFO:colcon.colcon_core.shell:Creating prefix script '/home/ubuntu/my_space/autonomous_ROS/install/local_setup.ps1'
[13.922s] INFO:colcon.colcon_core.shell:Creating prefix util module '/home/ubuntu/my_space/autonomous_ROS/install/_local_setup_util_ps1.py'
[13.929s] INFO:colcon.colcon_core.shell:Creating prefix chain script '/home/ubuntu/my_space/autonomous_ROS/install/setup.ps1'
[13.936s] INFO:colcon.colcon_core.shell:Creating prefix script '/home/ubuntu/my_space/autonomous_ROS/install/local_setup.sh'
[13.939s] INFO:colcon.colcon_core.shell:Creating prefix util module '/home/ubuntu/my_space/autonomous_ROS/install/_local_setup_util_sh.py'
[13.942s] INFO:colcon.colcon_core.shell:Creating prefix chain script '/home/ubuntu/my_space/autonomous_ROS/install/setup.sh'
[13.950s] INFO:colcon.colcon_core.shell:Creating prefix script '/home/ubuntu/my_space/autonomous_ROS/install/local_setup.bash'
[13.953s] INFO:colcon.colcon_core.shell:Creating prefix chain script '/home/ubuntu/my_space/autonomous_ROS/install/setup.bash'
[13.961s] INFO:colcon.colcon_core.shell:Creating prefix script '/home/ubuntu/my_space/autonomous_ROS/install/local_setup.zsh'
[13.963s] INFO:colcon.colcon_core.shell:Creating prefix chain script '/home/ubuntu/my_space/autonomous_ROS/install/setup.zsh'
