[2.149s] DEBUG:colcon:Command line arguments: ['/usr/bin/colcon', 'build', '--symlink-install']
[2.150s] DEBUG:colcon:Parsed command line arguments: Namespace(log_base=None, log_level=None, verb_name='build', build_base='build', install_base='install', merge_install=False, symlink_install=True, test_result_base=None, continue_on_error=False, executor='parallel', parallel_workers=4, event_handlers=None, ignore_user_meta=False, metas=['./colcon.meta'], base_paths=['.'], packages_ignore=None, packages_ignore_regex=None, paths=None, packages_up_to=None, packages_up_to_regex=None, packages_above=None, packages_above_and_dependencies=None, packages_above_depth=None, packages_select_by_dep=None, packages_skip_by_dep=None, packages_skip_up_to=None, packages_select_build_failed=False, packages_skip_build_finished=False, packages_select_test_failures=False, packages_skip_test_passed=False, packages_select=None, packages_skip=None, packages_select_regex=None, packages_skip_regex=None, packages_start=None, packages_end=None, allow_overriding=[], cmake_args=None, cmake_target=None, cmake_target_skip_unavailable=False, cmake_clean_cache=False, cmake_clean_first=False, cmake_force_configure=False, ament_cmake_args=None, catkin_cmake_args=None, catkin_skip_building_tests=False, mixin_files=None, mixin=None, verb_parser=<colcon_mixin.mixin.mixin_argument.MixinArgumentDecorator object at 0xffff80dd38e0>, verb_extension=<colcon_core.verb.build.BuildVerb object at 0xffff80f188b0>, main=<bound method BuildVerb.main of <colcon_core.verb.build.BuildVerb object at 0xffff80f188b0>>, mixin_verb=('build',))
[3.722s] Level 1:colcon.colcon_core.package_discovery:discover_packages(colcon_meta) check parameters
[3.723s] Level 1:colcon.colcon_core.package_discovery:discover_packages(recursive) check parameters
[3.723s] Level 1:colcon.colcon_core.package_discovery:discover_packages(ignore) check parameters
[3.724s] Level 1:colcon.colcon_core.package_discovery:discover_packages(path) check parameters
[3.724s] Level 1:colcon.colcon_core.package_discovery:discover_packages(colcon_meta) discover
[3.724s] Level 1:colcon.colcon_core.package_discovery:discover_packages(recursive) discover
[3.724s] INFO:colcon.colcon_core.package_discovery:Crawling recursively for packages in '/home/ubuntu/my_space/autonomous_ROS'
[3.725s] Level 1:colcon.colcon_core.package_identification:_identify(.) by extensions ['ignore', 'ignore_ament_install']
[3.726s] Level 1:colcon.colcon_core.package_identification:_identify(.) by extension 'ignore'
[3.727s] Level 1:colcon.colcon_core.package_identification:_identify(.) by extension 'ignore_ament_install'
[3.727s] Level 1:colcon.colcon_core.package_identification:_identify(.) by extensions ['colcon_pkg']
[3.727s] Level 1:colcon.colcon_core.package_identification:_identify(.) by extension 'colcon_pkg'
[3.728s] Level 1:colcon.colcon_core.package_identification:_identify(.) by extensions ['colcon_meta']
[3.728s] Level 1:colcon.colcon_core.package_identification:_identify(.) by extension 'colcon_meta'
[3.728s] Level 1:colcon.colcon_core.package_identification:_identify(.) by extensions ['ros']
[3.729s] Level 1:colcon.colcon_core.package_identification:_identify(.) by extension 'ros'
[3.828s] Level 1:colcon.colcon_core.package_identification:_identify(.) by extensions ['cmake', 'python']
[3.828s] Level 1:colcon.colcon_core.package_identification:_identify(.) by extension 'cmake'
[3.829s] Level 1:colcon.colcon_core.package_identification:_identify(.) by extension 'python'
[3.829s] Level 1:colcon.colcon_core.package_identification:_identify(.) by extensions ['python_setup_py']
[3.829s] Level 1:colcon.colcon_core.package_identification:_identify(.) by extension 'python_setup_py'
[3.830s] Level 1:colcon.colcon_core.package_identification:_identify(assets) by extensions ['ignore', 'ignore_ament_install']
[3.831s] Level 1:colcon.colcon_core.package_identification:_identify(assets) by extension 'ignore'
[3.831s] Level 1:colcon.colcon_core.package_identification:_identify(assets) by extension 'ignore_ament_install'
[3.832s] Level 1:colcon.colcon_core.package_identification:_identify(assets) by extensions ['colcon_pkg']
[3.832s] Level 1:colcon.colcon_core.package_identification:_identify(assets) by extension 'colcon_pkg'
[3.833s] Level 1:colcon.colcon_core.package_identification:_identify(assets) by extensions ['colcon_meta']
[3.833s] Level 1:colcon.colcon_core.package_identification:_identify(assets) by extension 'colcon_meta'
[3.833s] Level 1:colcon.colcon_core.package_identification:_identify(assets) by extensions ['ros']
[3.834s] Level 1:colcon.colcon_core.package_identification:_identify(assets) by extension 'ros'
[3.834s] Level 1:colcon.colcon_core.package_identification:_identify(assets) by extensions ['cmake', 'python']
[3.835s] Level 1:colcon.colcon_core.package_identification:_identify(assets) by extension 'cmake'
[3.835s] Level 1:colcon.colcon_core.package_identification:_identify(assets) by extension 'python'
[3.835s] Level 1:colcon.colcon_core.package_identification:_identify(assets) by extensions ['python_setup_py']
[3.836s] Level 1:colcon.colcon_core.package_identification:_identify(assets) by extension 'python_setup_py'
[3.837s] Level 1:colcon.colcon_core.package_identification:_identify(build) by extensions ['ignore', 'ignore_ament_install']
[3.837s] Level 1:colcon.colcon_core.package_identification:_identify(build) by extension 'ignore'
[3.837s] Level 1:colcon.colcon_core.package_identification:_identify(build) ignored
[3.839s] Level 1:colcon.colcon_core.package_identification:_identify(install) by extensions ['ignore', 'ignore_ament_install']
[3.839s] Level 1:colcon.colcon_core.package_identification:_identify(install) by extension 'ignore'
[3.840s] Level 1:colcon.colcon_core.package_identification:_identify(install) ignored
[3.841s] Level 1:colcon.colcon_core.package_identification:_identify(launch) by extensions ['ignore', 'ignore_ament_install']
[3.841s] Level 1:colcon.colcon_core.package_identification:_identify(launch) by extension 'ignore'
[3.842s] Level 1:colcon.colcon_core.package_identification:_identify(launch) by extension 'ignore_ament_install'
[3.842s] Level 1:colcon.colcon_core.package_identification:_identify(launch) by extensions ['colcon_pkg']
[3.842s] Level 1:colcon.colcon_core.package_identification:_identify(launch) by extension 'colcon_pkg'
[3.843s] Level 1:colcon.colcon_core.package_identification:_identify(launch) by extensions ['colcon_meta']
[3.843s] Level 1:colcon.colcon_core.package_identification:_identify(launch) by extension 'colcon_meta'
[3.843s] Level 1:colcon.colcon_core.package_identification:_identify(launch) by extensions ['ros']
[3.844s] Level 1:colcon.colcon_core.package_identification:_identify(launch) by extension 'ros'
[3.844s] Level 1:colcon.colcon_core.package_identification:_identify(launch) by extensions ['cmake', 'python']
[3.845s] Level 1:colcon.colcon_core.package_identification:_identify(launch) by extension 'cmake'
[3.845s] Level 1:colcon.colcon_core.package_identification:_identify(launch) by extension 'python'
[3.845s] Level 1:colcon.colcon_core.package_identification:_identify(launch) by extensions ['python_setup_py']
[3.845s] Level 1:colcon.colcon_core.package_identification:_identify(launch) by extension 'python_setup_py'
[3.846s] Level 1:colcon.colcon_core.package_identification:_identify(launch/__pycache__) by extensions ['ignore', 'ignore_ament_install']
[3.847s] Level 1:colcon.colcon_core.package_identification:_identify(launch/__pycache__) by extension 'ignore'
[3.847s] Level 1:colcon.colcon_core.package_identification:_identify(launch/__pycache__) by extension 'ignore_ament_install'
[3.848s] Level 1:colcon.colcon_core.package_identification:_identify(launch/__pycache__) by extensions ['colcon_pkg']
[3.848s] Level 1:colcon.colcon_core.package_identification:_identify(launch/__pycache__) by extension 'colcon_pkg'
[3.848s] Level 1:colcon.colcon_core.package_identification:_identify(launch/__pycache__) by extensions ['colcon_meta']
[3.849s] Level 1:colcon.colcon_core.package_identification:_identify(launch/__pycache__) by extension 'colcon_meta'
[3.849s] Level 1:colcon.colcon_core.package_identification:_identify(launch/__pycache__) by extensions ['ros']
[3.849s] Level 1:colcon.colcon_core.package_identification:_identify(launch/__pycache__) by extension 'ros'
[3.850s] Level 1:colcon.colcon_core.package_identification:_identify(launch/__pycache__) by extensions ['cmake', 'python']
[3.850s] Level 1:colcon.colcon_core.package_identification:_identify(launch/__pycache__) by extension 'cmake'
[3.851s] Level 1:colcon.colcon_core.package_identification:_identify(launch/__pycache__) by extension 'python'
[3.851s] Level 1:colcon.colcon_core.package_identification:_identify(launch/__pycache__) by extensions ['python_setup_py']
[3.851s] Level 1:colcon.colcon_core.package_identification:_identify(launch/__pycache__) by extension 'python_setup_py'
[3.853s] Level 1:colcon.colcon_core.package_identification:_identify(log) by extensions ['ignore', 'ignore_ament_install']
[3.853s] Level 1:colcon.colcon_core.package_identification:_identify(log) by extension 'ignore'
[3.854s] Level 1:colcon.colcon_core.package_identification:_identify(log) ignored
[3.855s] Level 1:colcon.colcon_core.package_identification:_identify(src) by extensions ['ignore', 'ignore_ament_install']
[3.855s] Level 1:colcon.colcon_core.package_identification:_identify(src) by extension 'ignore'
[3.856s] Level 1:colcon.colcon_core.package_identification:_identify(src) by extension 'ignore_ament_install'
[3.857s] Level 1:colcon.colcon_core.package_identification:_identify(src) by extensions ['colcon_pkg']
[3.857s] Level 1:colcon.colcon_core.package_identification:_identify(src) by extension 'colcon_pkg'
[3.857s] Level 1:colcon.colcon_core.package_identification:_identify(src) by extensions ['colcon_meta']
[3.858s] Level 1:colcon.colcon_core.package_identification:_identify(src) by extension 'colcon_meta'
[3.858s] Level 1:colcon.colcon_core.package_identification:_identify(src) by extensions ['ros']
[3.858s] Level 1:colcon.colcon_core.package_identification:_identify(src) by extension 'ros'
[3.859s] Level 1:colcon.colcon_core.package_identification:_identify(src) by extensions ['cmake', 'python']
[3.860s] Level 1:colcon.colcon_core.package_identification:_identify(src) by extension 'cmake'
[3.860s] Level 1:colcon.colcon_core.package_identification:_identify(src) by extension 'python'
[3.861s] Level 1:colcon.colcon_core.package_identification:_identify(src) by extensions ['python_setup_py']
[3.861s] Level 1:colcon.colcon_core.package_identification:_identify(src) by extension 'python_setup_py'
[3.862s] Level 1:colcon.colcon_core.package_identification:_identify(src/dual_motor) by extensions ['ignore', 'ignore_ament_install']
[3.862s] Level 1:colcon.colcon_core.package_identification:_identify(src/dual_motor) by extension 'ignore'
[3.863s] Level 1:colcon.colcon_core.package_identification:_identify(src/dual_motor) by extension 'ignore_ament_install'
[3.863s] Level 1:colcon.colcon_core.package_identification:_identify(src/dual_motor) by extensions ['colcon_pkg']
[3.863s] Level 1:colcon.colcon_core.package_identification:_identify(src/dual_motor) by extension 'colcon_pkg'
[3.864s] Level 1:colcon.colcon_core.package_identification:_identify(src/dual_motor) by extensions ['colcon_meta']
[3.864s] Level 1:colcon.colcon_core.package_identification:_identify(src/dual_motor) by extension 'colcon_meta'
[3.864s] Level 1:colcon.colcon_core.package_identification:_identify(src/dual_motor) by extensions ['ros']
[3.865s] Level 1:colcon.colcon_core.package_identification:_identify(src/dual_motor) by extension 'ros'
[3.882s] DEBUG:colcon.colcon_core.package_identification:Package 'src/dual_motor' with type 'ros.ament_python' and name 'dual_motor'
[3.883s] Level 1:colcon.colcon_core.package_identification:_identify(src/motor_encoder) by extensions ['ignore', 'ignore_ament_install']
[3.884s] Level 1:colcon.colcon_core.package_identification:_identify(src/motor_encoder) by extension 'ignore'
[3.884s] Level 1:colcon.colcon_core.package_identification:_identify(src/motor_encoder) by extension 'ignore_ament_install'
[3.885s] Level 1:colcon.colcon_core.package_identification:_identify(src/motor_encoder) by extensions ['colcon_pkg']
[3.885s] Level 1:colcon.colcon_core.package_identification:_identify(src/motor_encoder) by extension 'colcon_pkg'
[3.886s] Level 1:colcon.colcon_core.package_identification:_identify(src/motor_encoder) by extensions ['colcon_meta']
[3.886s] Level 1:colcon.colcon_core.package_identification:_identify(src/motor_encoder) by extension 'colcon_meta'
[3.886s] Level 1:colcon.colcon_core.package_identification:_identify(src/motor_encoder) by extensions ['ros']
[3.886s] Level 1:colcon.colcon_core.package_identification:_identify(src/motor_encoder) by extension 'ros'
[3.891s] DEBUG:colcon.colcon_core.package_identification:Package 'src/motor_encoder' with type 'ros.ament_python' and name 'motor_encoder'
[3.892s] Level 1:colcon.colcon_core.package_identification:_identify(src/mpu6050_imu) by extensions ['ignore', 'ignore_ament_install']
[3.892s] Level 1:colcon.colcon_core.package_identification:_identify(src/mpu6050_imu) by extension 'ignore'
[3.893s] Level 1:colcon.colcon_core.package_identification:_identify(src/mpu6050_imu) by extension 'ignore_ament_install'
[3.893s] Level 1:colcon.colcon_core.package_identification:_identify(src/mpu6050_imu) by extensions ['colcon_pkg']
[3.894s] Level 1:colcon.colcon_core.package_identification:_identify(src/mpu6050_imu) by extension 'colcon_pkg'
[3.894s] Level 1:colcon.colcon_core.package_identification:_identify(src/mpu6050_imu) by extensions ['colcon_meta']
[3.894s] Level 1:colcon.colcon_core.package_identification:_identify(src/mpu6050_imu) by extension 'colcon_meta'
[3.895s] Level 1:colcon.colcon_core.package_identification:_identify(src/mpu6050_imu) by extensions ['ros']
[3.895s] Level 1:colcon.colcon_core.package_identification:_identify(src/mpu6050_imu) by extension 'ros'
[3.900s] DEBUG:colcon.colcon_core.package_identification:Package 'src/mpu6050_imu' with type 'ros.ament_python' and name 'mpu6050_imu'
[3.901s] Level 1:colcon.colcon_core.package_identification:_identify(src/object_detection) by extensions ['ignore', 'ignore_ament_install']
[3.902s] Level 1:colcon.colcon_core.package_identification:_identify(src/object_detection) by extension 'ignore'
[3.902s] Level 1:colcon.colcon_core.package_identification:_identify(src/object_detection) by extension 'ignore_ament_install'
[3.903s] Level 1:colcon.colcon_core.package_identification:_identify(src/object_detection) by extensions ['colcon_pkg']
[3.903s] Level 1:colcon.colcon_core.package_identification:_identify(src/object_detection) by extension 'colcon_pkg'
[3.903s] Level 1:colcon.colcon_core.package_identification:_identify(src/object_detection) by extensions ['colcon_meta']
[3.904s] Level 1:colcon.colcon_core.package_identification:_identify(src/object_detection) by extension 'colcon_meta'
[3.904s] Level 1:colcon.colcon_core.package_identification:_identify(src/object_detection) by extensions ['ros']
[3.904s] Level 1:colcon.colcon_core.package_identification:_identify(src/object_detection) by extension 'ros'
[3.909s] DEBUG:colcon.colcon_core.package_identification:Package 'src/object_detection' with type 'ros.ament_python' and name 'object_detection'
[3.910s] Level 1:colcon.colcon_core.package_identification:_identify(src/slam_launch) by extensions ['ignore', 'ignore_ament_install']
[3.911s] Level 1:colcon.colcon_core.package_identification:_identify(src/slam_launch) by extension 'ignore'
[3.911s] Level 1:colcon.colcon_core.package_identification:_identify(src/slam_launch) by extension 'ignore_ament_install'
[3.912s] Level 1:colcon.colcon_core.package_identification:_identify(src/slam_launch) by extensions ['colcon_pkg']
[3.912s] Level 1:colcon.colcon_core.package_identification:_identify(src/slam_launch) by extension 'colcon_pkg'
[3.912s] Level 1:colcon.colcon_core.package_identification:_identify(src/slam_launch) by extensions ['colcon_meta']
[3.912s] Level 1:colcon.colcon_core.package_identification:_identify(src/slam_launch) by extension 'colcon_meta'
[3.913s] Level 1:colcon.colcon_core.package_identification:_identify(src/slam_launch) by extensions ['ros']
[3.913s] Level 1:colcon.colcon_core.package_identification:_identify(src/slam_launch) by extension 'ros'
[3.917s] DEBUG:colcon.colcon_core.package_identification:Package 'src/slam_launch' with type 'ros.ament_python' and name 'slam_launch'
[3.918s] Level 1:colcon.colcon_core.package_identification:_identify(test) by extensions ['ignore', 'ignore_ament_install']
[3.918s] Level 1:colcon.colcon_core.package_identification:_identify(test) by extension 'ignore'
[3.919s] Level 1:colcon.colcon_core.package_identification:_identify(test) by extension 'ignore_ament_install'
[3.919s] Level 1:colcon.colcon_core.package_identification:_identify(test) by extensions ['colcon_pkg']
[3.920s] Level 1:colcon.colcon_core.package_identification:_identify(test) by extension 'colcon_pkg'
[3.920s] Level 1:colcon.colcon_core.package_identification:_identify(test) by extensions ['colcon_meta']
[3.920s] Level 1:colcon.colcon_core.package_identification:_identify(test) by extension 'colcon_meta'
[3.921s] Level 1:colcon.colcon_core.package_identification:_identify(test) by extensions ['ros']
[3.921s] Level 1:colcon.colcon_core.package_identification:_identify(test) by extension 'ros'
[3.921s] Level 1:colcon.colcon_core.package_identification:_identify(test) by extensions ['cmake', 'python']
[3.922s] Level 1:colcon.colcon_core.package_identification:_identify(test) by extension 'cmake'
[3.922s] Level 1:colcon.colcon_core.package_identification:_identify(test) by extension 'python'
[3.922s] Level 1:colcon.colcon_core.package_identification:_identify(test) by extensions ['python_setup_py']
[3.923s] Level 1:colcon.colcon_core.package_identification:_identify(test) by extension 'python_setup_py'
[3.923s] Level 1:colcon.colcon_core.package_discovery:discover_packages(recursive) using defaults
[3.924s] Level 1:colcon.colcon_core.package_discovery:discover_packages(ignore) discover
[3.924s] Level 1:colcon.colcon_core.package_discovery:discover_packages(ignore) using defaults
[3.924s] Level 1:colcon.colcon_core.package_discovery:discover_packages(path) discover
[3.924s] Level 1:colcon.colcon_core.package_discovery:discover_packages(path) using defaults
[4.095s] Level 1:colcon.colcon_core.package_discovery:discover_packages(prefix_path) check parameters
[4.096s] Level 1:colcon.colcon_core.package_discovery:discover_packages(prefix_path) discover
[4.120s] DEBUG:colcon.colcon_installed_package_information.package_discovery:Found 211 installed packages in /opt/ros/humble
[4.126s] Level 1:colcon.colcon_core.package_discovery:discover_packages(prefix_path) using defaults
[4.342s] Level 5:colcon.colcon_core.verb:set package 'dual_motor' build argument 'cmake_args' from command line to 'None'
[4.343s] Level 5:colcon.colcon_core.verb:set package 'dual_motor' build argument 'cmake_target' from command line to 'None'
[4.343s] Level 5:colcon.colcon_core.verb:set package 'dual_motor' build argument 'cmake_target_skip_unavailable' from command line to 'False'
[4.343s] Level 5:colcon.colcon_core.verb:set package 'dual_motor' build argument 'cmake_clean_cache' from command line to 'False'
[4.343s] Level 5:colcon.colcon_core.verb:set package 'dual_motor' build argument 'cmake_clean_first' from command line to 'False'
[4.343s] Level 5:colcon.colcon_core.verb:set package 'dual_motor' build argument 'cmake_force_configure' from command line to 'False'
[4.343s] Level 5:colcon.colcon_core.verb:set package 'dual_motor' build argument 'ament_cmake_args' from command line to 'None'
[4.344s] Level 5:colcon.colcon_core.verb:set package 'dual_motor' build argument 'catkin_cmake_args' from command line to 'None'
[4.344s] Level 5:colcon.colcon_core.verb:set package 'dual_motor' build argument 'catkin_skip_building_tests' from command line to 'False'
[4.344s] DEBUG:colcon.colcon_core.verb:Building package 'dual_motor' with the following arguments: {'ament_cmake_args': None, 'build_base': '/home/ubuntu/my_space/autonomous_ROS/build/dual_motor', 'catkin_cmake_args': None, 'catkin_skip_building_tests': False, 'cmake_args': None, 'cmake_clean_cache': False, 'cmake_clean_first': False, 'cmake_force_configure': False, 'cmake_target': None, 'cmake_target_skip_unavailable': False, 'install_base': '/home/ubuntu/my_space/autonomous_ROS/install/dual_motor', 'merge_install': False, 'path': '/home/ubuntu/my_space/autonomous_ROS/src/dual_motor', 'symlink_install': True, 'test_result_base': None}
[4.346s] Level 5:colcon.colcon_core.verb:set package 'motor_encoder' build argument 'cmake_args' from command line to 'None'
[4.346s] Level 5:colcon.colcon_core.verb:set package 'motor_encoder' build argument 'cmake_target' from command line to 'None'
[4.346s] Level 5:colcon.colcon_core.verb:set package 'motor_encoder' build argument 'cmake_target_skip_unavailable' from command line to 'False'
[4.346s] Level 5:colcon.colcon_core.verb:set package 'motor_encoder' build argument 'cmake_clean_cache' from command line to 'False'
[4.346s] Level 5:colcon.colcon_core.verb:set package 'motor_encoder' build argument 'cmake_clean_first' from command line to 'False'
[4.347s] Level 5:colcon.colcon_core.verb:set package 'motor_encoder' build argument 'cmake_force_configure' from command line to 'False'
[4.347s] Level 5:colcon.colcon_core.verb:set package 'motor_encoder' build argument 'ament_cmake_args' from command line to 'None'
[4.347s] Level 5:colcon.colcon_core.verb:set package 'motor_encoder' build argument 'catkin_cmake_args' from command line to 'None'
[4.347s] Level 5:colcon.colcon_core.verb:set package 'motor_encoder' build argument 'catkin_skip_building_tests' from command line to 'False'
[4.347s] DEBUG:colcon.colcon_core.verb:Building package 'motor_encoder' with the following arguments: {'ament_cmake_args': None, 'build_base': '/home/ubuntu/my_space/autonomous_ROS/build/motor_encoder', 'catkin_cmake_args': None, 'catkin_skip_building_tests': False, 'cmake_args': None, 'cmake_clean_cache': False, 'cmake_clean_first': False, 'cmake_force_configure': False, 'cmake_target': None, 'cmake_target_skip_unavailable': False, 'install_base': '/home/ubuntu/my_space/autonomous_ROS/install/motor_encoder', 'merge_install': False, 'path': '/home/ubuntu/my_space/autonomous_ROS/src/motor_encoder', 'symlink_install': True, 'test_result_base': None}
[4.349s] Level 5:colcon.colcon_core.verb:set package 'mpu6050_imu' build argument 'cmake_args' from command line to 'None'
[4.349s] Level 5:colcon.colcon_core.verb:set package 'mpu6050_imu' build argument 'cmake_target' from command line to 'None'
[4.349s] Level 5:colcon.colcon_core.verb:set package 'mpu6050_imu' build argument 'cmake_target_skip_unavailable' from command line to 'False'
[4.349s] Level 5:colcon.colcon_core.verb:set package 'mpu6050_imu' build argument 'cmake_clean_cache' from command line to 'False'
[4.349s] Level 5:colcon.colcon_core.verb:set package 'mpu6050_imu' build argument 'cmake_clean_first' from command line to 'False'
[4.350s] Level 5:colcon.colcon_core.verb:set package 'mpu6050_imu' build argument 'cmake_force_configure' from command line to 'False'
[4.350s] Level 5:colcon.colcon_core.verb:set package 'mpu6050_imu' build argument 'ament_cmake_args' from command line to 'None'
[4.350s] Level 5:colcon.colcon_core.verb:set package 'mpu6050_imu' build argument 'catkin_cmake_args' from command line to 'None'
[4.350s] Level 5:colcon.colcon_core.verb:set package 'mpu6050_imu' build argument 'catkin_skip_building_tests' from command line to 'False'
[4.350s] DEBUG:colcon.colcon_core.verb:Building package 'mpu6050_imu' with the following arguments: {'ament_cmake_args': None, 'build_base': '/home/ubuntu/my_space/autonomous_ROS/build/mpu6050_imu', 'catkin_cmake_args': None, 'catkin_skip_building_tests': False, 'cmake_args': None, 'cmake_clean_cache': False, 'cmake_clean_first': False, 'cmake_force_configure': False, 'cmake_target': None, 'cmake_target_skip_unavailable': False, 'install_base': '/home/ubuntu/my_space/autonomous_ROS/install/mpu6050_imu', 'merge_install': False, 'path': '/home/ubuntu/my_space/autonomous_ROS/src/mpu6050_imu', 'symlink_install': True, 'test_result_base': None}
[4.352s] Level 5:colcon.colcon_core.verb:set package 'object_detection' build argument 'cmake_args' from command line to 'None'
[4.352s] Level 5:colcon.colcon_core.verb:set package 'object_detection' build argument 'cmake_target' from command line to 'None'
[4.352s] Level 5:colcon.colcon_core.verb:set package 'object_detection' build argument 'cmake_target_skip_unavailable' from command line to 'False'
[4.352s] Level 5:colcon.colcon_core.verb:set package 'object_detection' build argument 'cmake_clean_cache' from command line to 'False'
[4.352s] Level 5:colcon.colcon_core.verb:set package 'object_detection' build argument 'cmake_clean_first' from command line to 'False'
[4.353s] Level 5:colcon.colcon_core.verb:set package 'object_detection' build argument 'cmake_force_configure' from command line to 'False'
[4.353s] Level 5:colcon.colcon_core.verb:set package 'object_detection' build argument 'ament_cmake_args' from command line to 'None'
[4.353s] Level 5:colcon.colcon_core.verb:set package 'object_detection' build argument 'catkin_cmake_args' from command line to 'None'
[4.353s] Level 5:colcon.colcon_core.verb:set package 'object_detection' build argument 'catkin_skip_building_tests' from command line to 'False'
[4.353s] DEBUG:colcon.colcon_core.verb:Building package 'object_detection' with the following arguments: {'ament_cmake_args': None, 'build_base': '/home/ubuntu/my_space/autonomous_ROS/build/object_detection', 'catkin_cmake_args': None, 'catkin_skip_building_tests': False, 'cmake_args': None, 'cmake_clean_cache': False, 'cmake_clean_first': False, 'cmake_force_configure': False, 'cmake_target': None, 'cmake_target_skip_unavailable': False, 'install_base': '/home/ubuntu/my_space/autonomous_ROS/install/object_detection', 'merge_install': False, 'path': '/home/ubuntu/my_space/autonomous_ROS/src/object_detection', 'symlink_install': True, 'test_result_base': None}
[4.355s] Level 5:colcon.colcon_core.verb:set package 'slam_launch' build argument 'cmake_args' from command line to 'None'
[4.355s] Level 5:colcon.colcon_core.verb:set package 'slam_launch' build argument 'cmake_target' from command line to 'None'
[4.355s] Level 5:colcon.colcon_core.verb:set package 'slam_launch' build argument 'cmake_target_skip_unavailable' from command line to 'False'
[4.355s] Level 5:colcon.colcon_core.verb:set package 'slam_launch' build argument 'cmake_clean_cache' from command line to 'False'
[4.355s] Level 5:colcon.colcon_core.verb:set package 'slam_launch' build argument 'cmake_clean_first' from command line to 'False'
[4.355s] Level 5:colcon.colcon_core.verb:set package 'slam_launch' build argument 'cmake_force_configure' from command line to 'False'
[4.356s] Level 5:colcon.colcon_core.verb:set package 'slam_launch' build argument 'ament_cmake_args' from command line to 'None'
[4.356s] Level 5:colcon.colcon_core.verb:set package 'slam_launch' build argument 'catkin_cmake_args' from command line to 'None'
[4.356s] Level 5:colcon.colcon_core.verb:set package 'slam_launch' build argument 'catkin_skip_building_tests' from command line to 'False'
[4.356s] DEBUG:colcon.colcon_core.verb:Building package 'slam_launch' with the following arguments: {'ament_cmake_args': None, 'build_base': '/home/ubuntu/my_space/autonomous_ROS/build/slam_launch', 'catkin_cmake_args': None, 'catkin_skip_building_tests': False, 'cmake_args': None, 'cmake_clean_cache': False, 'cmake_clean_first': False, 'cmake_force_configure': False, 'cmake_target': None, 'cmake_target_skip_unavailable': False, 'install_base': '/home/ubuntu/my_space/autonomous_ROS/install/slam_launch', 'merge_install': False, 'path': '/home/ubuntu/my_space/autonomous_ROS/src/slam_launch', 'symlink_install': True, 'test_result_base': None}
[4.357s] INFO:colcon.colcon_core.executor:Executing jobs using 'parallel' executor
[4.360s] DEBUG:colcon.colcon_parallel_executor.executor.parallel:run_until_complete
[4.362s] INFO:colcon.colcon_ros.task.ament_python.build:Building ROS package in '/home/ubuntu/my_space/autonomous_ROS/src/dual_motor' with build type 'ament_python'
[4.362s] Level 1:colcon.colcon_core.shell:create_environment_hook('dual_motor', 'ament_prefix_path')
[4.386s] INFO:colcon.colcon_core.plugin_system:Skipping extension 'colcon_core.shell.bat': Not used on non-Windows systems
[4.388s] INFO:colcon.colcon_core.shell:Creating environment hook '/home/ubuntu/my_space/autonomous_ROS/install/dual_motor/share/dual_motor/hook/ament_prefix_path.ps1'
[4.394s] INFO:colcon.colcon_core.shell:Creating environment descriptor '/home/ubuntu/my_space/autonomous_ROS/install/dual_motor/share/dual_motor/hook/ament_prefix_path.dsv'
[4.398s] INFO:colcon.colcon_core.shell:Creating environment hook '/home/ubuntu/my_space/autonomous_ROS/install/dual_motor/share/dual_motor/hook/ament_prefix_path.sh'
[4.403s] INFO:colcon.colcon_core.shell:Skip shell extension 'powershell' for command environment: Not usable outside of PowerShell
[4.404s] DEBUG:colcon.colcon_core.shell:Skip shell extension 'dsv' for command environment
[4.423s] INFO:colcon.colcon_ros.task.ament_python.build:Building ROS package in '/home/ubuntu/my_space/autonomous_ROS/src/motor_encoder' with build type 'ament_python'
[4.424s] Level 1:colcon.colcon_core.shell:create_environment_hook('motor_encoder', 'ament_prefix_path')
[4.425s] INFO:colcon.colcon_core.shell:Creating environment hook '/home/ubuntu/my_space/autonomous_ROS/install/motor_encoder/share/motor_encoder/hook/ament_prefix_path.ps1'
[4.428s] INFO:colcon.colcon_core.shell:Creating environment descriptor '/home/ubuntu/my_space/autonomous_ROS/install/motor_encoder/share/motor_encoder/hook/ament_prefix_path.dsv'
[4.431s] INFO:colcon.colcon_core.shell:Creating environment hook '/home/ubuntu/my_space/autonomous_ROS/install/motor_encoder/share/motor_encoder/hook/ament_prefix_path.sh'
[4.435s] INFO:colcon.colcon_core.shell:Skip shell extension 'powershell' for command environment: Not usable outside of PowerShell
[4.436s] DEBUG:colcon.colcon_core.shell:Skip shell extension 'dsv' for command environment
[4.452s] INFO:colcon.colcon_ros.task.ament_python.build:Building ROS package in '/home/ubuntu/my_space/autonomous_ROS/src/mpu6050_imu' with build type 'ament_python'
[4.452s] Level 1:colcon.colcon_core.shell:create_environment_hook('mpu6050_imu', 'ament_prefix_path')
[4.454s] INFO:colcon.colcon_core.shell:Creating environment hook '/home/ubuntu/my_space/autonomous_ROS/install/mpu6050_imu/share/mpu6050_imu/hook/ament_prefix_path.ps1'
[4.457s] INFO:colcon.colcon_core.shell:Creating environment descriptor '/home/ubuntu/my_space/autonomous_ROS/install/mpu6050_imu/share/mpu6050_imu/hook/ament_prefix_path.dsv'
[4.461s] INFO:colcon.colcon_core.shell:Creating environment hook '/home/ubuntu/my_space/autonomous_ROS/install/mpu6050_imu/share/mpu6050_imu/hook/ament_prefix_path.sh'
[4.465s] INFO:colcon.colcon_core.shell:Skip shell extension 'powershell' for command environment: Not usable outside of PowerShell
[4.466s] DEBUG:colcon.colcon_core.shell:Skip shell extension 'dsv' for command environment
[4.481s] INFO:colcon.colcon_ros.task.ament_python.build:Building ROS package in '/home/ubuntu/my_space/autonomous_ROS/src/object_detection' with build type 'ament_python'
[4.481s] Level 1:colcon.colcon_core.shell:create_environment_hook('object_detection', 'ament_prefix_path')
[4.483s] INFO:colcon.colcon_core.shell:Creating environment hook '/home/ubuntu/my_space/autonomous_ROS/install/object_detection/share/object_detection/hook/ament_prefix_path.ps1'
[4.485s] INFO:colcon.colcon_core.shell:Creating environment descriptor '/home/ubuntu/my_space/autonomous_ROS/install/object_detection/share/object_detection/hook/ament_prefix_path.dsv'
[4.489s] INFO:colcon.colcon_core.shell:Creating environment hook '/home/ubuntu/my_space/autonomous_ROS/install/object_detection/share/object_detection/hook/ament_prefix_path.sh'
[4.493s] INFO:colcon.colcon_core.shell:Skip shell extension 'powershell' for command environment: Not usable outside of PowerShell
[4.493s] DEBUG:colcon.colcon_core.shell:Skip shell extension 'dsv' for command environment
[5.825s] INFO:colcon.colcon_core.task.python.build:Building Python package in '/home/ubuntu/my_space/autonomous_ROS/src/dual_motor'
[5.827s] INFO:colcon.colcon_core.shell:Skip shell extension 'powershell' for command environment: Not usable outside of PowerShell
[5.827s] DEBUG:colcon.colcon_core.shell:Skip shell extension 'dsv' for command environment
[7.080s] INFO:colcon.colcon_core.task.python.build:Building Python package in '/home/ubuntu/my_space/autonomous_ROS/src/motor_encoder'
[7.081s] INFO:colcon.colcon_core.shell:Skip shell extension 'powershell' for command environment: Not usable outside of PowerShell
[7.082s] DEBUG:colcon.colcon_core.shell:Skip shell extension 'dsv' for command environment
[8.342s] INFO:colcon.colcon_core.task.python.build:Building Python package in '/home/ubuntu/my_space/autonomous_ROS/src/mpu6050_imu'
[8.344s] INFO:colcon.colcon_core.shell:Skip shell extension 'powershell' for command environment: Not usable outside of PowerShell
[8.344s] DEBUG:colcon.colcon_core.shell:Skip shell extension 'dsv' for command environment
[9.611s] INFO:colcon.colcon_core.task.python.build:Building Python package in '/home/ubuntu/my_space/autonomous_ROS/src/object_detection'
[9.612s] INFO:colcon.colcon_core.shell:Skip shell extension 'powershell' for command environment: Not usable outside of PowerShell
[9.612s] DEBUG:colcon.colcon_core.shell:Skip shell extension 'dsv' for command environment
[13.807s] DEBUG:colcon.colcon_core.event_handler.log_command:Invoking command in '/home/ubuntu/my_space/autonomous_ROS/build/object_detection': PYTHONPATH=/home/ubuntu/my_space/autonomous_ROS/build/object_detection/prefix_override:/usr/lib/python3/dist-packages/colcon_core/task/python/colcon_distutils_commands:/home/ubuntu/my_space/autonomous_ROS/install/object_detection/lib/python3.10/site-packages:${PYTHONPATH} /usr/bin/python3 -W ignore:setup.py install is deprecated -W ignore:easy_install command is deprecated setup.py develop --editable --build-directory /home/ubuntu/my_space/autonomous_ROS/build/object_detection/build --no-deps symlink_data
[13.902s] DEBUG:colcon.colcon_core.event_handler.log_command:Invoking command in '/home/ubuntu/my_space/autonomous_ROS/build/motor_encoder': PYTHONPATH=/home/ubuntu/my_space/autonomous_ROS/build/motor_encoder/prefix_override:/usr/lib/python3/dist-packages/colcon_core/task/python/colcon_distutils_commands:/home/ubuntu/my_space/autonomous_ROS/install/motor_encoder/lib/python3.10/site-packages:${PYTHONPATH} /usr/bin/python3 -W ignore:setup.py install is deprecated -W ignore:easy_install command is deprecated setup.py develop --editable --build-directory /home/ubuntu/my_space/autonomous_ROS/build/motor_encoder/build --no-deps symlink_data
[13.920s] DEBUG:colcon.colcon_core.event_handler.log_command:Invoking command in '/home/ubuntu/my_space/autonomous_ROS/build/mpu6050_imu': PYTHONPATH=/home/ubuntu/my_space/autonomous_ROS/build/mpu6050_imu/prefix_override:/usr/lib/python3/dist-packages/colcon_core/task/python/colcon_distutils_commands:/home/ubuntu/my_space/autonomous_ROS/install/mpu6050_imu/lib/python3.10/site-packages:${PYTHONPATH} /usr/bin/python3 -W ignore:setup.py install is deprecated -W ignore:easy_install command is deprecated setup.py develop --editable --build-directory /home/ubuntu/my_space/autonomous_ROS/build/mpu6050_imu/build --no-deps symlink_data
[13.942s] DEBUG:colcon.colcon_core.event_handler.log_command:Invoking command in '/home/ubuntu/my_space/autonomous_ROS/build/dual_motor': PYTHONPATH=/home/ubuntu/my_space/autonomous_ROS/build/dual_motor/prefix_override:/usr/lib/python3/dist-packages/colcon_core/task/python/colcon_distutils_commands:/home/ubuntu/my_space/autonomous_ROS/install/dual_motor/lib/python3.10/site-packages:${PYTHONPATH} /usr/bin/python3 -W ignore:setup.py install is deprecated -W ignore:easy_install command is deprecated setup.py develop --editable --build-directory /home/ubuntu/my_space/autonomous_ROS/build/dual_motor/build --no-deps symlink_data
[17.243s] Level 1:colcon.colcon_core.shell:create_environment_hook('mpu6050_imu', 'pythonpath_develop')
[17.252s] INFO:colcon.colcon_core.shell:Creating environment hook '/home/ubuntu/my_space/autonomous_ROS/build/mpu6050_imu/share/mpu6050_imu/hook/pythonpath_develop.ps1'
[17.248s] DEBUG:colcon.colcon_core.event_handler.log_command:Invoked command in '/home/ubuntu/my_space/autonomous_ROS/build/mpu6050_imu' returned '0': PYTHONPATH=/home/ubuntu/my_space/autonomous_ROS/build/mpu6050_imu/prefix_override:/usr/lib/python3/dist-packages/colcon_core/task/python/colcon_distutils_commands:/home/ubuntu/my_space/autonomous_ROS/install/mpu6050_imu/lib/python3.10/site-packages:${PYTHONPATH} /usr/bin/python3 -W ignore:setup.py install is deprecated -W ignore:easy_install command is deprecated setup.py develop --editable --build-directory /home/ubuntu/my_space/autonomous_ROS/build/mpu6050_imu/build --no-deps symlink_data
[17.296s] INFO:colcon.colcon_core.shell:Creating environment descriptor '/home/ubuntu/my_space/autonomous_ROS/build/mpu6050_imu/share/mpu6050_imu/hook/pythonpath_develop.dsv'
[17.319s] INFO:colcon.colcon_core.shell:Creating environment hook '/home/ubuntu/my_space/autonomous_ROS/build/mpu6050_imu/share/mpu6050_imu/hook/pythonpath_develop.sh'
[17.425s] Level 1:colcon.colcon_core.environment:checking '/home/ubuntu/my_space/autonomous_ROS/install/mpu6050_imu' for CMake module files
[17.437s] Level 1:colcon.colcon_core.environment:checking '/home/ubuntu/my_space/autonomous_ROS/install/mpu6050_imu' for CMake config files
[17.455s] Level 1:colcon.colcon_core.environment:checking '/home/ubuntu/my_space/autonomous_ROS/install/mpu6050_imu/lib'
[17.460s] Level 1:colcon.colcon_core.environment:checking '/home/ubuntu/my_space/autonomous_ROS/install/mpu6050_imu/bin'
[17.462s] Level 1:colcon.colcon_core.environment:checking '/home/ubuntu/my_space/autonomous_ROS/install/mpu6050_imu/lib/pkgconfig/mpu6050_imu.pc'
[17.466s] Level 1:colcon.colcon_core.environment:checking '/home/ubuntu/my_space/autonomous_ROS/install/mpu6050_imu/lib/python3.10/site-packages'
[17.467s] Level 1:colcon.colcon_core.shell:create_environment_hook('mpu6050_imu', 'pythonpath')
[17.470s] INFO:colcon.colcon_core.shell:Creating environment hook '/home/ubuntu/my_space/autonomous_ROS/install/mpu6050_imu/share/mpu6050_imu/hook/pythonpath.ps1'
[17.484s] INFO:colcon.colcon_core.shell:Creating environment descriptor '/home/ubuntu/my_space/autonomous_ROS/install/mpu6050_imu/share/mpu6050_imu/hook/pythonpath.dsv'
[17.494s] INFO:colcon.colcon_core.shell:Creating environment hook '/home/ubuntu/my_space/autonomous_ROS/install/mpu6050_imu/share/mpu6050_imu/hook/pythonpath.sh'
[17.517s] Level 1:colcon.colcon_core.environment:checking '/home/ubuntu/my_space/autonomous_ROS/install/mpu6050_imu/bin'
[17.523s] Level 1:colcon.colcon_core.environment:create_environment_scripts_only(mpu6050_imu)
[17.527s] INFO:colcon.colcon_core.shell:Creating package script '/home/ubuntu/my_space/autonomous_ROS/install/mpu6050_imu/share/mpu6050_imu/package.ps1'
[17.543s] INFO:colcon.colcon_core.shell:Creating package descriptor '/home/ubuntu/my_space/autonomous_ROS/install/mpu6050_imu/share/mpu6050_imu/package.dsv'
[17.552s] INFO:colcon.colcon_core.shell:Creating package script '/home/ubuntu/my_space/autonomous_ROS/install/mpu6050_imu/share/mpu6050_imu/package.sh'
[17.561s] INFO:colcon.colcon_core.shell:Creating package script '/home/ubuntu/my_space/autonomous_ROS/install/mpu6050_imu/share/mpu6050_imu/package.bash'
[17.571s] INFO:colcon.colcon_core.shell:Creating package script '/home/ubuntu/my_space/autonomous_ROS/install/mpu6050_imu/share/mpu6050_imu/package.zsh'
[17.578s] Level 1:colcon.colcon_core.environment:create_file_with_runtime_dependencies(/home/ubuntu/my_space/autonomous_ROS/install/mpu6050_imu/share/colcon-core/packages/mpu6050_imu)
[17.583s] INFO:colcon.colcon_ros.task.ament_python.build:Building ROS package in '/home/ubuntu/my_space/autonomous_ROS/src/slam_launch' with build type 'ament_python'
[17.584s] Level 1:colcon.colcon_core.shell:create_environment_hook('slam_launch', 'ament_prefix_path')
[17.585s] INFO:colcon.colcon_core.shell:Creating environment hook '/home/ubuntu/my_space/autonomous_ROS/install/slam_launch/share/slam_launch/hook/ament_prefix_path.ps1'
[17.588s] INFO:colcon.colcon_core.shell:Creating environment descriptor '/home/ubuntu/my_space/autonomous_ROS/install/slam_launch/share/slam_launch/hook/ament_prefix_path.dsv'
[17.591s] INFO:colcon.colcon_core.shell:Creating environment hook '/home/ubuntu/my_space/autonomous_ROS/install/slam_launch/share/slam_launch/hook/ament_prefix_path.sh'
[17.594s] INFO:colcon.colcon_core.shell:Skip shell extension 'powershell' for command environment: Not usable outside of PowerShell
[17.595s] DEBUG:colcon.colcon_core.shell:Skip shell extension 'dsv' for command environment
[17.616s] Level 1:colcon.colcon_core.shell:create_environment_hook('object_detection', 'pythonpath_develop')
[17.618s] INFO:colcon.colcon_core.shell:Creating environment hook '/home/ubuntu/my_space/autonomous_ROS/build/object_detection/share/object_detection/hook/pythonpath_develop.ps1'
[17.619s] DEBUG:colcon.colcon_core.event_handler.log_command:Invoked command in '/home/ubuntu/my_space/autonomous_ROS/build/object_detection' returned '0': PYTHONPATH=/home/ubuntu/my_space/autonomous_ROS/build/object_detection/prefix_override:/usr/lib/python3/dist-packages/colcon_core/task/python/colcon_distutils_commands:/home/ubuntu/my_space/autonomous_ROS/install/object_detection/lib/python3.10/site-packages:${PYTHONPATH} /usr/bin/python3 -W ignore:setup.py install is deprecated -W ignore:easy_install command is deprecated setup.py develop --editable --build-directory /home/ubuntu/my_space/autonomous_ROS/build/object_detection/build --no-deps symlink_data
[17.623s] INFO:colcon.colcon_core.shell:Creating environment descriptor '/home/ubuntu/my_space/autonomous_ROS/build/object_detection/share/object_detection/hook/pythonpath_develop.dsv'
[17.625s] INFO:colcon.colcon_core.shell:Creating environment hook '/home/ubuntu/my_space/autonomous_ROS/build/object_detection/share/object_detection/hook/pythonpath_develop.sh'
[17.630s] Level 1:colcon.colcon_core.environment:checking '/home/ubuntu/my_space/autonomous_ROS/install/object_detection' for CMake module files
[17.633s] Level 1:colcon.colcon_core.environment:checking '/home/ubuntu/my_space/autonomous_ROS/install/object_detection' for CMake config files
[17.636s] Level 1:colcon.colcon_core.environment:checking '/home/ubuntu/my_space/autonomous_ROS/install/object_detection/lib'
[17.637s] Level 1:colcon.colcon_core.environment:checking '/home/ubuntu/my_space/autonomous_ROS/install/object_detection/bin'
[17.637s] Level 1:colcon.colcon_core.environment:checking '/home/ubuntu/my_space/autonomous_ROS/install/object_detection/lib/pkgconfig/object_detection.pc'
[17.638s] Level 1:colcon.colcon_core.environment:checking '/home/ubuntu/my_space/autonomous_ROS/install/object_detection/lib/python3.10/site-packages'
[17.639s] Level 1:colcon.colcon_core.shell:create_environment_hook('object_detection', 'pythonpath')
[17.641s] INFO:colcon.colcon_core.shell:Creating environment hook '/home/ubuntu/my_space/autonomous_ROS/install/object_detection/share/object_detection/hook/pythonpath.ps1'
[17.644s] INFO:colcon.colcon_core.shell:Creating environment descriptor '/home/ubuntu/my_space/autonomous_ROS/install/object_detection/share/object_detection/hook/pythonpath.dsv'
[17.646s] INFO:colcon.colcon_core.shell:Creating environment hook '/home/ubuntu/my_space/autonomous_ROS/install/object_detection/share/object_detection/hook/pythonpath.sh'
[17.649s] Level 1:colcon.colcon_core.environment:checking '/home/ubuntu/my_space/autonomous_ROS/install/object_detection/bin'
[17.650s] Level 1:colcon.colcon_core.environment:create_environment_scripts_only(object_detection)
[17.652s] INFO:colcon.colcon_core.shell:Creating package script '/home/ubuntu/my_space/autonomous_ROS/install/object_detection/share/object_detection/package.ps1'
[17.655s] INFO:colcon.colcon_core.shell:Creating package descriptor '/home/ubuntu/my_space/autonomous_ROS/install/object_detection/share/object_detection/package.dsv'
[17.658s] INFO:colcon.colcon_core.shell:Creating package script '/home/ubuntu/my_space/autonomous_ROS/install/object_detection/share/object_detection/package.sh'
[17.661s] INFO:colcon.colcon_core.shell:Creating package script '/home/ubuntu/my_space/autonomous_ROS/install/object_detection/share/object_detection/package.bash'
[17.663s] INFO:colcon.colcon_core.shell:Creating package script '/home/ubuntu/my_space/autonomous_ROS/install/object_detection/share/object_detection/package.zsh'
[17.666s] Level 1:colcon.colcon_core.environment:create_file_with_runtime_dependencies(/home/ubuntu/my_space/autonomous_ROS/install/object_detection/share/colcon-core/packages/object_detection)
[17.667s] Level 1:colcon.colcon_core.shell:create_environment_hook('dual_motor', 'pythonpath_develop')
[17.668s] INFO:colcon.colcon_core.shell:Creating environment hook '/home/ubuntu/my_space/autonomous_ROS/build/dual_motor/share/dual_motor/hook/pythonpath_develop.ps1'
[17.673s] INFO:colcon.colcon_core.shell:Creating environment descriptor '/home/ubuntu/my_space/autonomous_ROS/build/dual_motor/share/dual_motor/hook/pythonpath_develop.dsv'
[17.673s] DEBUG:colcon.colcon_core.event_handler.log_command:Invoked command in '/home/ubuntu/my_space/autonomous_ROS/build/dual_motor' returned '0': PYTHONPATH=/home/ubuntu/my_space/autonomous_ROS/build/dual_motor/prefix_override:/usr/lib/python3/dist-packages/colcon_core/task/python/colcon_distutils_commands:/home/ubuntu/my_space/autonomous_ROS/install/dual_motor/lib/python3.10/site-packages:${PYTHONPATH} /usr/bin/python3 -W ignore:setup.py install is deprecated -W ignore:easy_install command is deprecated setup.py develop --editable --build-directory /home/ubuntu/my_space/autonomous_ROS/build/dual_motor/build --no-deps symlink_data
[17.676s] INFO:colcon.colcon_core.shell:Creating environment hook '/home/ubuntu/my_space/autonomous_ROS/build/dual_motor/share/dual_motor/hook/pythonpath_develop.sh'
[17.680s] Level 1:colcon.colcon_core.environment:checking '/home/ubuntu/my_space/autonomous_ROS/install/dual_motor' for CMake module files
[17.683s] Level 1:colcon.colcon_core.environment:checking '/home/ubuntu/my_space/autonomous_ROS/install/dual_motor' for CMake config files
[17.687s] Level 1:colcon.colcon_core.environment:checking '/home/ubuntu/my_space/autonomous_ROS/install/dual_motor/lib'
[17.688s] Level 1:colcon.colcon_core.environment:checking '/home/ubuntu/my_space/autonomous_ROS/install/dual_motor/bin'
[17.689s] Level 1:colcon.colcon_core.environment:checking '/home/ubuntu/my_space/autonomous_ROS/install/dual_motor/lib/pkgconfig/dual_motor.pc'
[17.690s] Level 1:colcon.colcon_core.environment:checking '/home/ubuntu/my_space/autonomous_ROS/install/dual_motor/lib/python3.10/site-packages'
[17.691s] Level 1:colcon.colcon_core.shell:create_environment_hook('dual_motor', 'pythonpath')
[17.692s] INFO:colcon.colcon_core.shell:Creating environment hook '/home/ubuntu/my_space/autonomous_ROS/install/dual_motor/share/dual_motor/hook/pythonpath.ps1'
[17.695s] INFO:colcon.colcon_core.shell:Creating environment descriptor '/home/ubuntu/my_space/autonomous_ROS/install/dual_motor/share/dual_motor/hook/pythonpath.dsv'
[17.697s] INFO:colcon.colcon_core.shell:Creating environment hook '/home/ubuntu/my_space/autonomous_ROS/install/dual_motor/share/dual_motor/hook/pythonpath.sh'
[17.701s] Level 1:colcon.colcon_core.environment:checking '/home/ubuntu/my_space/autonomous_ROS/install/dual_motor/bin'
[17.701s] Level 1:colcon.colcon_core.environment:create_environment_scripts_only(dual_motor)
[17.703s] INFO:colcon.colcon_core.shell:Creating package script '/home/ubuntu/my_space/autonomous_ROS/install/dual_motor/share/dual_motor/package.ps1'
[17.706s] INFO:colcon.colcon_core.shell:Creating package descriptor '/home/ubuntu/my_space/autonomous_ROS/install/dual_motor/share/dual_motor/package.dsv'
[17.709s] INFO:colcon.colcon_core.shell:Creating package script '/home/ubuntu/my_space/autonomous_ROS/install/dual_motor/share/dual_motor/package.sh'
[17.712s] INFO:colcon.colcon_core.shell:Creating package script '/home/ubuntu/my_space/autonomous_ROS/install/dual_motor/share/dual_motor/package.bash'
[17.714s] INFO:colcon.colcon_core.shell:Creating package script '/home/ubuntu/my_space/autonomous_ROS/install/dual_motor/share/dual_motor/package.zsh'
[17.716s] Level 1:colcon.colcon_core.environment:create_file_with_runtime_dependencies(/home/ubuntu/my_space/autonomous_ROS/install/dual_motor/share/colcon-core/packages/dual_motor)
[17.719s] Level 1:colcon.colcon_core.shell:create_environment_hook('motor_encoder', 'pythonpath_develop')
[17.721s] INFO:colcon.colcon_core.shell:Creating environment hook '/home/ubuntu/my_space/autonomous_ROS/build/motor_encoder/share/motor_encoder/hook/pythonpath_develop.ps1'
[17.724s] DEBUG:colcon.colcon_core.event_handler.log_command:Invoked command in '/home/ubuntu/my_space/autonomous_ROS/build/motor_encoder' returned '0': PYTHONPATH=/home/ubuntu/my_space/autonomous_ROS/build/motor_encoder/prefix_override:/usr/lib/python3/dist-packages/colcon_core/task/python/colcon_distutils_commands:/home/ubuntu/my_space/autonomous_ROS/install/motor_encoder/lib/python3.10/site-packages:${PYTHONPATH} /usr/bin/python3 -W ignore:setup.py install is deprecated -W ignore:easy_install command is deprecated setup.py develop --editable --build-directory /home/ubuntu/my_space/autonomous_ROS/build/motor_encoder/build --no-deps symlink_data
[17.725s] INFO:colcon.colcon_core.shell:Creating environment descriptor '/home/ubuntu/my_space/autonomous_ROS/build/motor_encoder/share/motor_encoder/hook/pythonpath_develop.dsv'
[17.728s] INFO:colcon.colcon_core.shell:Creating environment hook '/home/ubuntu/my_space/autonomous_ROS/build/motor_encoder/share/motor_encoder/hook/pythonpath_develop.sh'
[17.732s] Level 1:colcon.colcon_core.environment:checking '/home/ubuntu/my_space/autonomous_ROS/install/motor_encoder' for CMake module files
[17.735s] Level 1:colcon.colcon_core.environment:checking '/home/ubuntu/my_space/autonomous_ROS/install/motor_encoder' for CMake config files
[17.738s] Level 1:colcon.colcon_core.environment:checking '/home/ubuntu/my_space/autonomous_ROS/install/motor_encoder/lib'
[17.739s] Level 1:colcon.colcon_core.environment:checking '/home/ubuntu/my_space/autonomous_ROS/install/motor_encoder/bin'
[17.739s] Level 1:colcon.colcon_core.environment:checking '/home/ubuntu/my_space/autonomous_ROS/install/motor_encoder/lib/pkgconfig/motor_encoder.pc'
[17.740s] Level 1:colcon.colcon_core.environment:checking '/home/ubuntu/my_space/autonomous_ROS/install/motor_encoder/lib/python3.10/site-packages'
[17.741s] Level 1:colcon.colcon_core.shell:create_environment_hook('motor_encoder', 'pythonpath')
[17.742s] INFO:colcon.colcon_core.shell:Creating environment hook '/home/ubuntu/my_space/autonomous_ROS/install/motor_encoder/share/motor_encoder/hook/pythonpath.ps1'
[17.744s] INFO:colcon.colcon_core.shell:Creating environment descriptor '/home/ubuntu/my_space/autonomous_ROS/install/motor_encoder/share/motor_encoder/hook/pythonpath.dsv'
[17.746s] INFO:colcon.colcon_core.shell:Creating environment hook '/home/ubuntu/my_space/autonomous_ROS/install/motor_encoder/share/motor_encoder/hook/pythonpath.sh'
[17.749s] Level 1:colcon.colcon_core.environment:checking '/home/ubuntu/my_space/autonomous_ROS/install/motor_encoder/bin'
[17.750s] Level 1:colcon.colcon_core.environment:create_environment_scripts_only(motor_encoder)
[17.751s] INFO:colcon.colcon_core.shell:Creating package script '/home/ubuntu/my_space/autonomous_ROS/install/motor_encoder/share/motor_encoder/package.ps1'
[17.754s] INFO:colcon.colcon_core.shell:Creating package descriptor '/home/ubuntu/my_space/autonomous_ROS/install/motor_encoder/share/motor_encoder/package.dsv'
[17.757s] INFO:colcon.colcon_core.shell:Creating package script '/home/ubuntu/my_space/autonomous_ROS/install/motor_encoder/share/motor_encoder/package.sh'
[17.760s] INFO:colcon.colcon_core.shell:Creating package script '/home/ubuntu/my_space/autonomous_ROS/install/motor_encoder/share/motor_encoder/package.bash'
[17.762s] INFO:colcon.colcon_core.shell:Creating package script '/home/ubuntu/my_space/autonomous_ROS/install/motor_encoder/share/motor_encoder/package.zsh'
[17.764s] Level 1:colcon.colcon_core.environment:create_file_with_runtime_dependencies(/home/ubuntu/my_space/autonomous_ROS/install/motor_encoder/share/colcon-core/packages/motor_encoder)
[19.014s] INFO:colcon.colcon_core.task.python.build:Building Python package in '/home/ubuntu/my_space/autonomous_ROS/src/slam_launch'
[19.016s] INFO:colcon.colcon_core.shell:Skip shell extension 'powershell' for command environment: Not usable outside of PowerShell
[19.016s] DEBUG:colcon.colcon_core.shell:Skip shell extension 'dsv' for command environment
[20.807s] DEBUG:colcon.colcon_core.task.python.build:While undoing a previous installation files outside the Python library path are being ignored: /home/ubuntu/my_space/autonomous_ROS/install/slam_launch/share/ament_index/resource_index/packages/slam_launch
[20.807s] DEBUG:colcon.colcon_core.task.python.build:While undoing a previous installation files outside the Python library path are being ignored: /home/ubuntu/my_space/autonomous_ROS/install/slam_launch/share/slam_launch/package.xml
[20.826s] DEBUG:colcon.colcon_core.event_handler.log_command:Invoking command in '/home/ubuntu/my_space/autonomous_ROS/build/slam_launch': PYTHONPATH=/home/ubuntu/my_space/autonomous_ROS/build/slam_launch/prefix_override:/usr/lib/python3/dist-packages/colcon_core/task/python/colcon_distutils_commands:/home/ubuntu/my_space/autonomous_ROS/install/slam_launch/lib/python3.10/site-packages:${PYTHONPATH} /usr/bin/python3 -W ignore:setup.py install is deprecated -W ignore:easy_install command is deprecated setup.py develop --editable --build-directory /home/ubuntu/my_space/autonomous_ROS/build/slam_launch/build --no-deps symlink_data --force
[23.009s] DEBUG:colcon.colcon_core.event_handler.log_command:Invoked command in '/home/ubuntu/my_space/autonomous_ROS/build/slam_launch' returned '1': PYTHONPATH=/home/ubuntu/my_space/autonomous_ROS/build/slam_launch/prefix_override:/usr/lib/python3/dist-packages/colcon_core/task/python/colcon_distutils_commands:/home/ubuntu/my_space/autonomous_ROS/install/slam_launch/lib/python3.10/site-packages:${PYTHONPATH} /usr/bin/python3 -W ignore:setup.py install is deprecated -W ignore:easy_install command is deprecated setup.py develop --editable --build-directory /home/ubuntu/my_space/autonomous_ROS/build/slam_launch/build --no-deps symlink_data --force
[23.018s] DEBUG:colcon.colcon_parallel_executor.executor.parallel:closing loop
[23.019s] DEBUG:colcon.colcon_parallel_executor.executor.parallel:loop closed
[23.020s] DEBUG:colcon.colcon_parallel_executor.executor.parallel:run_until_complete finished with '1'
[23.020s] DEBUG:colcon.colcon_core.event_reactor:joining thread
[23.112s] INFO:colcon.colcon_core.plugin_system:Skipping extension 'colcon_notification.desktop_notification.terminal_notifier': Not used on non-Darwin systems
[23.113s] INFO:colcon.colcon_core.plugin_system:Skipping extension 'colcon_notification.desktop_notification.win32': Not used on non-Windows systems
[23.113s] INFO:colcon.colcon_notification.desktop_notification:Sending desktop notification using 'notify2'
[48.189s] DEBUG:colcon.colcon_notification.desktop_notification.notify2:Failed to initialize notify2: org.freedesktop.DBus.Error.NoReply: Did not receive a reply. Possible causes include: the remote application did not send a reply, the message bus security policy blocked the reply, the reply timeout expired, or the network connection was broken.
[48.189s] DEBUG:colcon.colcon_core.event_reactor:joined thread
[48.192s] INFO:colcon.colcon_core.shell:Creating prefix script '/home/ubuntu/my_space/autonomous_ROS/install/local_setup.ps1'
[48.205s] INFO:colcon.colcon_core.shell:Creating prefix util module '/home/ubuntu/my_space/autonomous_ROS/install/_local_setup_util_ps1.py'
[48.216s] INFO:colcon.colcon_core.shell:Creating prefix chain script '/home/ubuntu/my_space/autonomous_ROS/install/setup.ps1'
[48.222s] INFO:colcon.colcon_core.shell:Creating prefix script '/home/ubuntu/my_space/autonomous_ROS/install/local_setup.sh'
[48.229s] INFO:colcon.colcon_core.shell:Creating prefix util module '/home/ubuntu/my_space/autonomous_ROS/install/_local_setup_util_sh.py'
[48.233s] INFO:colcon.colcon_core.shell:Creating prefix chain script '/home/ubuntu/my_space/autonomous_ROS/install/setup.sh'
[48.240s] INFO:colcon.colcon_core.shell:Creating prefix script '/home/ubuntu/my_space/autonomous_ROS/install/local_setup.bash'
[48.244s] INFO:colcon.colcon_core.shell:Creating prefix chain script '/home/ubuntu/my_space/autonomous_ROS/install/setup.bash'
[48.250s] INFO:colcon.colcon_core.shell:Creating prefix script '/home/ubuntu/my_space/autonomous_ROS/install/local_setup.zsh'
[48.254s] INFO:colcon.colcon_core.shell:Creating prefix chain script '/home/ubuntu/my_space/autonomous_ROS/install/setup.zsh'
