[0.057s] Invoking command in '/home/ubuntu/my_space/autonomous_ROS/build/slam_toolbox': CMAKE_PREFIX_PATH=${CMAKE_PREFIX_PATH}:/home/ubuntu/my_space/autonomous_ROS/install/my_robot_slam:/home/ubuntu/my_space/autonomous_ROS/install/object_detection:/home/ubuntu/my_space/autonomous_ROS/install/mpu6050_imu:/home/ubuntu/my_space/autonomous_ROS/install/motor_encoder:/home/ubuntu/my_space/autonomous_ROS/install/motor_control:/home/ubuntu/my_space/autonomous_ROS/install/enc_motor_control:/home/ubuntu/my_space/autonomous_ROS/install/dual_motor:/opt/ros/humble /usr/bin/cmake /home/ubuntu/my_space/autonomous_ROS/src/slam_toolbox -DBUILD_RVIZ_PLUGIN=OFF -DCMAKE_INSTALL_PREFIX=/home/ubuntu/my_space/autonomous_ROS/install/slam_toolbox
[0.372s] -- The C compiler identification is GNU 11.4.0
[0.660s] -- The CXX compiler identification is GNU 11.4.0
[0.697s] -- Detecting C compiler ABI info
[1.060s] -- Detecting C compiler ABI info - done
[1.093s] -- Check for working C compiler: /usr/bin/cc - skipped
[1.094s] -- Detecting C compile features
[1.095s] -- Detecting C compile features - done
[1.109s] -- Detecting CXX compiler ABI info
[1.497s] -- Detecting CXX compiler ABI info - done
[1.529s] -- Check for working CXX compiler: /usr/bin/c++ - skipped
[1.530s] -- Detecting CXX compile features
[1.532s] -- Detecting CXX compile features - done
[1.568s] -- Found ament_cmake: 1.3.11 (/opt/ros/humble/share/ament_cmake/cmake)
[2.590s] -- Found Python3: /usr/bin/python3 (found version "3.10.12") found components: Interpreter 
[3.380s] -- Found message_filters: 4.3.5 (/opt/ros/humble/share/message_filters/cmake)
[3.996s] -- Found rosidl_generator_c: 3.1.6 (/opt/ros/humble/share/rosidl_generator_c/cmake)
[4.069s] -- Found rosidl_adapter: 3.1.6 (/opt/ros/humble/share/rosidl_adapter/cmake)
[4.169s] -- Found rosidl_generator_cpp: 3.1.6 (/opt/ros/humble/share/rosidl_generator_cpp/cmake)
[4.298s] -- Using all available rosidl_typesupport_c: rosidl_typesupport_fastrtps_c;rosidl_typesupport_introspection_c
[4.467s] -- Using all available rosidl_typesupport_cpp: rosidl_typesupport_fastrtps_cpp;rosidl_typesupport_introspection_cpp
[4.961s] -- Found rmw_implementation_cmake: 6.1.2 (/opt/ros/humble/share/rmw_implementation_cmake/cmake)
[5.002s] -- Found rmw_fastrtps_cpp: 6.2.7 (/opt/ros/humble/share/rmw_fastrtps_cpp/cmake)
[5.719s] -- Found OpenSSL: /usr/lib/aarch64-linux-gnu/libcrypto.so (found version "3.0.2")  
[5.934s] -- Found FastRTPS: /opt/ros/humble/include  
[6.279s] -- Using RMW implementation 'rmw_fastrtps_cpp' as default
[6.394s] -- Looking for pthread.h
[6.826s] -- Looking for pthread.h - found
[6.828s] -- Performing Test CMAKE_HAVE_LIBC_PTHREAD
[7.295s] -- Performing Test CMAKE_HAVE_LIBC_PTHREAD - Success
[7.302s] -- Found Threads: TRUE  
[7.742s] -- Found nav_msgs: 4.2.4 (/opt/ros/humble/share/nav_msgs/cmake)
[7.990s] -- Found sensor_msgs: 4.2.4 (/opt/ros/humble/share/sensor_msgs/cmake)
[8.126s] -- Found tf2: 0.25.11 (/opt/ros/humble/share/tf2/cmake)
[8.260s] -- Found tf2_ros: 0.25.11 (/opt/ros/humble/share/tf2_ros/cmake)
[8.973s] -- Found visualization_msgs: 4.2.4 (/opt/ros/humble/share/visualization_msgs/cmake)
[9.112s] -- Found pluginlib: 5.1.0 (/opt/ros/humble/share/pluginlib/cmake)
[9.321s] -- Found tf2_geometry_msgs: 0.25.11 (/opt/ros/humble/share/tf2_geometry_msgs/cmake)
[9.525s] -- Found eigen3_cmake_module: 0.1.1 (/opt/ros/humble/share/eigen3_cmake_module/cmake)
[9.532s] -- Found Eigen3: TRUE (found version "3.4.0") 
[9.533s] -- Ensuring Eigen3 include directory is part of orocos-kdl CMake target
[9.566s] -- Found tf2_sensor_msgs: 0.25.11 (/opt/ros/humble/share/tf2_sensor_msgs/cmake)
[9.614s] -- Found std_srvs: 4.2.4 (/opt/ros/humble/share/std_srvs/cmake)
[9.704s] -- Found rosidl_default_generators: 1.2.0 (/opt/ros/humble/share/rosidl_default_generators/cmake)
[9.911s] [31mCMake Error at CMakeLists.txt:28 (find_package):
[9.912s]   By not providing "Findrviz_common.cmake" in CMAKE_MODULE_PATH this project
[9.912s]   has asked CMake to find a package configuration file provided by
[9.912s]   "rviz_common", but CMake did not find one.
[9.913s] 
[9.914s]   Could not find a package configuration file provided by "rviz_common" with
[9.915s]   any of the following names:
[9.916s] 
[9.917s]     rviz_commonConfig.cmake
[9.918s]     rviz_common-config.cmake
[9.918s] 
[9.920s]   Add the installation prefix of "rviz_common" to CMAKE_PREFIX_PATH or set
[9.921s]   "rviz_common_DIR" to a directory containing one of the above files.  If
[9.922s]   "rviz_common" provides a separate development package or SDK, be sure it
[9.923s]   has been installed.
[9.924s] 
[9.925s] [0m
[9.926s] -- Configuring incomplete, errors occurred!
[9.926s] See also "/home/ubuntu/my_space/autonomous_ROS/build/slam_toolbox/CMakeFiles/CMakeOutput.log".
[9.957s] Invoked command in '/home/ubuntu/my_space/autonomous_ROS/build/slam_toolbox' returned '1': CMAKE_PREFIX_PATH=${CMAKE_PREFIX_PATH}:/home/ubuntu/my_space/autonomous_ROS/install/my_robot_slam:/home/ubuntu/my_space/autonomous_ROS/install/object_detection:/home/ubuntu/my_space/autonomous_ROS/install/mpu6050_imu:/home/ubuntu/my_space/autonomous_ROS/install/motor_encoder:/home/ubuntu/my_space/autonomous_ROS/install/motor_control:/home/ubuntu/my_space/autonomous_ROS/install/enc_motor_control:/home/ubuntu/my_space/autonomous_ROS/install/dual_motor:/opt/ros/humble /usr/bin/cmake /home/ubuntu/my_space/autonomous_ROS/src/slam_toolbox -DBUILD_RVIZ_PLUGIN=OFF -DCMAKE_INSTALL_PREFIX=/home/ubuntu/my_space/autonomous_ROS/install/slam_toolbox
