[2.963s] Invoking command in '/home/ubuntu/my_space/autonomous_ROS/src/motor_encoder': PYTHONPATH=/home/ubuntu/my_space/autonomous_ROS/build/motor_encoder/prefix_override:/usr/lib/python3/dist-packages/colcon_core/task/python/colcon_distutils_commands:/home/ubuntu/my_space/autonomous_ROS/install/motor_encoder/lib/python3.10/site-packages:${PYTHONPATH} /usr/bin/python3 -W ignore:setup.py install is deprecated -W ignore:easy_install command is deprecated setup.py egg_info --egg-base ../../build/motor_encoder build --build-base /home/ubuntu/my_space/autonomous_ROS/build/motor_encoder/build install --record /home/ubuntu/my_space/autonomous_ROS/build/motor_encoder/install.log --single-version-externally-managed install_data
[4.075s] running egg_info
[4.077s] creating ../../build/motor_encoder/motor_encoder.egg-info
[4.078s] writing ../../build/motor_encoder/motor_encoder.egg-info/PKG-INFO
[4.079s] writing dependency_links to ../../build/motor_encoder/motor_encoder.egg-info/dependency_links.txt
[4.080s] writing entry points to ../../build/motor_encoder/motor_encoder.egg-info/entry_points.txt
[4.081s] writing requirements to ../../build/motor_encoder/motor_encoder.egg-info/requires.txt
[4.081s] writing top-level names to ../../build/motor_encoder/motor_encoder.egg-info/top_level.txt
[4.082s] writing manifest file '../../build/motor_encoder/motor_encoder.egg-info/SOURCES.txt'
[4.090s] reading manifest file '../../build/motor_encoder/motor_encoder.egg-info/SOURCES.txt'
[4.094s] writing manifest file '../../build/motor_encoder/motor_encoder.egg-info/SOURCES.txt'
[4.095s] running build
[4.095s] running build_py
[4.096s] creating /home/ubuntu/my_space/autonomous_ROS/build/motor_encoder/build
[4.097s] creating /home/ubuntu/my_space/autonomous_ROS/build/motor_encoder/build/lib
[4.097s] creating /home/ubuntu/my_space/autonomous_ROS/build/motor_encoder/build/lib/motor_encoder
[4.098s] copying motor_encoder/__init__.py -> /home/ubuntu/my_space/autonomous_ROS/build/motor_encoder/build/lib/motor_encoder
[4.098s] copying motor_encoder/encoder_node.py -> /home/ubuntu/my_space/autonomous_ROS/build/motor_encoder/build/lib/motor_encoder
[4.099s] running install
[4.100s] running install_lib
[4.103s] creating /home/ubuntu/my_space/autonomous_ROS/install/motor_encoder/lib/python3.10/site-packages/motor_encoder
[4.104s] copying /home/ubuntu/my_space/autonomous_ROS/build/motor_encoder/build/lib/motor_encoder/__init__.py -> /home/ubuntu/my_space/autonomous_ROS/install/motor_encoder/lib/python3.10/site-packages/motor_encoder
[4.105s] copying /home/ubuntu/my_space/autonomous_ROS/build/motor_encoder/build/lib/motor_encoder/encoder_node.py -> /home/ubuntu/my_space/autonomous_ROS/install/motor_encoder/lib/python3.10/site-packages/motor_encoder
[4.108s] byte-compiling /home/ubuntu/my_space/autonomous_ROS/install/motor_encoder/lib/python3.10/site-packages/motor_encoder/__init__.py to __init__.cpython-310.pyc
[4.109s] byte-compiling /home/ubuntu/my_space/autonomous_ROS/install/motor_encoder/lib/python3.10/site-packages/motor_encoder/encoder_node.py to encoder_node.cpython-310.pyc
[4.112s] running install_data
[4.113s] creating /home/ubuntu/my_space/autonomous_ROS/install/motor_encoder/share/ament_index
[4.114s] creating /home/ubuntu/my_space/autonomous_ROS/install/motor_encoder/share/ament_index/resource_index
[4.114s] creating /home/ubuntu/my_space/autonomous_ROS/install/motor_encoder/share/ament_index/resource_index/packages
[4.115s] copying resource/motor_encoder -> /home/ubuntu/my_space/autonomous_ROS/install/motor_encoder/share/ament_index/resource_index/packages
[4.115s] copying package.xml -> /home/ubuntu/my_space/autonomous_ROS/install/motor_encoder/share/motor_encoder
[4.116s] running install_egg_info
[4.123s] Copying ../../build/motor_encoder/motor_encoder.egg-info to /home/ubuntu/my_space/autonomous_ROS/install/motor_encoder/lib/python3.10/site-packages/motor_encoder-0.0.0-py3.10.egg-info
[4.129s] running install_scripts
[4.217s] Installing encoder_node script to /home/ubuntu/my_space/autonomous_ROS/install/motor_encoder/lib/motor_encoder
[4.219s] writing list of installed files to '/home/ubuntu/my_space/autonomous_ROS/build/motor_encoder/install.log'
[4.341s] Invoked command in '/home/ubuntu/my_space/autonomous_ROS/src/motor_encoder' returned '0': PYTHONPATH=/home/ubuntu/my_space/autonomous_ROS/build/motor_encoder/prefix_override:/usr/lib/python3/dist-packages/colcon_core/task/python/colcon_distutils_commands:/home/ubuntu/my_space/autonomous_ROS/install/motor_encoder/lib/python3.10/site-packages:${PYTHONPATH} /usr/bin/python3 -W ignore:setup.py install is deprecated -W ignore:easy_install command is deprecated setup.py egg_info --egg-base ../../build/motor_encoder build --build-base /home/ubuntu/my_space/autonomous_ROS/build/motor_encoder/build install --record /home/ubuntu/my_space/autonomous_ROS/build/motor_encoder/install.log --single-version-externally-managed install_data
