-- The C compiler identification is GNU 11.4.0
-- The CXX compiler identification is GNU 11.4.0
-- Detecting C compiler ABI info
-- Detecting C compiler ABI info - done
-- Check for working C compiler: /usr/bin/cc - skipped
-- Detecting C compile features
-- Detecting C compile features - done
-- Detecting CXX compiler ABI info
-- Detecting CXX compiler ABI info - done
-- Check for working CXX compiler: /usr/bin/c++ - skipped
-- Detecting CXX compile features
-- Detecting CXX compile features - done
-- Found ament_cmake: 1.3.11 (/opt/ros/humble/share/ament_cmake/cmake)
-- Found Python3: /usr/bin/python3 (found version "3.10.12") found components: Interpreter 
-- Override CMake install command with custom implementation using symlinks instead of copying resources
-- Found ament_lint_auto: 0.12.11 (/opt/ros/humble/share/ament_lint_auto/cmake)
-- Added test 'flake8' to check Python code syntax and style conventions
-- Added test 'lint_cmake' to check CMake code style
-- Added test 'pep257' to check Python code against some of the docstring style conventions in PEP 257
-- Added test 'xmllint' to check XML markup files
-- Configuring done
-- Generating done
-- Build files have been written to: /home/ubuntu/my_space/autonomous_ROS/build/mybot37
-- Install configuration: ""
-- Execute custom install script
-- Symlinking: /home/ubuntu/my_space/autonomous_ROS/install/mybot37/share/mybot37/config/config.yaml
-- Symlinking: /home/ubuntu/my_space/autonomous_ROS/install/mybot37/share/mybot37/config/mybot37_view.rviz
-- Symlinking: /home/ubuntu/my_space/autonomous_ROS/install/mybot37/share/mybot37/description/inertial_macros.xacro
-- Symlinking: /home/ubuntu/my_space/autonomous_ROS/install/mybot37/share/mybot37/description/robot.urdf.xacro
-- Symlinking: /home/ubuntu/my_space/autonomous_ROS/install/mybot37/share/mybot37/description/robot_core.xacro
-- Symlinking: /home/ubuntu/my_space/autonomous_ROS/install/mybot37/share/mybot37/launch/rsp.launch.py
-- Symlinking: /home/ubuntu/my_space/autonomous_ROS/install/mybot37/share/mybot37/worlds/botworld.world
-- Symlinking: /home/ubuntu/my_space/autonomous_ROS/install/mybot37/share/ament_index/resource_index/package_run_dependencies/mybot37
-- Symlinking: /home/ubuntu/my_space/autonomous_ROS/install/mybot37/share/ament_index/resource_index/parent_prefix_path/mybot37
-- Symlinking: /home/ubuntu/my_space/autonomous_ROS/install/mybot37/share/mybot37/environment/ament_prefix_path.sh
-- Symlinking: /home/ubuntu/my_space/autonomous_ROS/install/mybot37/share/mybot37/environment/ament_prefix_path.dsv
-- Symlinking: /home/ubuntu/my_space/autonomous_ROS/install/mybot37/share/mybot37/environment/path.sh
-- Symlinking: /home/ubuntu/my_space/autonomous_ROS/install/mybot37/share/mybot37/environment/path.dsv
-- Symlinking: /home/ubuntu/my_space/autonomous_ROS/install/mybot37/share/mybot37/local_setup.bash
-- Symlinking: /home/ubuntu/my_space/autonomous_ROS/install/mybot37/share/mybot37/local_setup.sh
-- Symlinking: /home/ubuntu/my_space/autonomous_ROS/install/mybot37/share/mybot37/local_setup.zsh
-- Symlinking: /home/ubuntu/my_space/autonomous_ROS/install/mybot37/share/mybot37/local_setup.dsv
-- Symlinking: /home/ubuntu/my_space/autonomous_ROS/install/mybot37/share/mybot37/package.dsv
-- Symlinking: /home/ubuntu/my_space/autonomous_ROS/install/mybot37/share/ament_index/resource_index/packages/mybot37
-- Symlinking: /home/ubuntu/my_space/autonomous_ROS/install/mybot37/share/mybot37/cmake/mybot37Config.cmake
-- Symlinking: /home/ubuntu/my_space/autonomous_ROS/install/mybot37/share/mybot37/cmake/mybot37Config-version.cmake
-- Symlinking: /home/ubuntu/my_space/autonomous_ROS/install/mybot37/share/mybot37/package.xml
