[3.503s] Invoking command in '/home/ubuntu/my_space/autonomous_ROS/src/enc_motor_control': PYTHONPATH=/home/ubuntu/my_space/autonomous_ROS/build/enc_motor_control/prefix_override:/usr/lib/python3/dist-packages/colcon_core/task/python/colcon_distutils_commands:/home/ubuntu/my_space/autonomous_ROS/install/enc_motor_control/lib/python3.10/site-packages:${PYTHONPATH} /usr/bin/python3 -W ignore:setup.py install is deprecated -W ignore:easy_install command is deprecated setup.py egg_info --egg-base ../../build/enc_motor_control build --build-base /home/ubuntu/my_space/autonomous_ROS/build/enc_motor_control/build install --record /home/ubuntu/my_space/autonomous_ROS/build/enc_motor_control/install.log --single-version-externally-managed install_data
[4.795s] running egg_info
[4.798s] writing ../../build/enc_motor_control/enc_motor_control.egg-info/PKG-INFO
[4.800s] writing dependency_links to ../../build/enc_motor_control/enc_motor_control.egg-info/dependency_links.txt
[4.802s] writing entry points to ../../build/enc_motor_control/enc_motor_control.egg-info/entry_points.txt
[4.804s] writing requirements to ../../build/enc_motor_control/enc_motor_control.egg-info/requires.txt
[4.805s] writing top-level names to ../../build/enc_motor_control/enc_motor_control.egg-info/top_level.txt
[4.814s] reading manifest file '../../build/enc_motor_control/enc_motor_control.egg-info/SOURCES.txt'
[4.820s] writing manifest file '../../build/enc_motor_control/enc_motor_control.egg-info/SOURCES.txt'
[4.821s] running build
[4.822s] running build_py
[4.823s] copying enc_motor_control/enc_motor_controller.py -> /home/ubuntu/my_space/autonomous_ROS/build/enc_motor_control/build/lib/enc_motor_control
[4.825s] running install
[4.826s] running install_lib
[4.832s] copying /home/ubuntu/my_space/autonomous_ROS/build/enc_motor_control/build/lib/enc_motor_control/enc_motor_controller.py -> /home/ubuntu/my_space/autonomous_ROS/install/enc_motor_control/lib/python3.10/site-packages/enc_motor_control
[4.835s] byte-compiling /home/ubuntu/my_space/autonomous_ROS/install/enc_motor_control/lib/python3.10/site-packages/enc_motor_control/enc_motor_controller.py to enc_motor_controller.cpython-310.pyc
[4.839s] running install_data
[4.840s] running install_egg_info
[4.850s] removing '/home/ubuntu/my_space/autonomous_ROS/install/enc_motor_control/lib/python3.10/site-packages/enc_motor_control-0.0.0-py3.10.egg-info' (and everything under it)
[4.853s] Copying ../../build/enc_motor_control/enc_motor_control.egg-info to /home/ubuntu/my_space/autonomous_ROS/install/enc_motor_control/lib/python3.10/site-packages/enc_motor_control-0.0.0-py3.10.egg-info
[4.863s] running install_scripts
[4.968s] Installing enc_motor_controller script to /home/ubuntu/my_space/autonomous_ROS/install/enc_motor_control/lib/enc_motor_control
[4.970s] writing list of installed files to '/home/ubuntu/my_space/autonomous_ROS/build/enc_motor_control/install.log'
[5.101s] Invoked command in '/home/ubuntu/my_space/autonomous_ROS/src/enc_motor_control' returned '0': PYTHONPATH=/home/ubuntu/my_space/autonomous_ROS/build/enc_motor_control/prefix_override:/usr/lib/python3/dist-packages/colcon_core/task/python/colcon_distutils_commands:/home/ubuntu/my_space/autonomous_ROS/install/enc_motor_control/lib/python3.10/site-packages:${PYTHONPATH} /usr/bin/python3 -W ignore:setup.py install is deprecated -W ignore:easy_install command is deprecated setup.py egg_info --egg-base ../../build/enc_motor_control build --build-base /home/ubuntu/my_space/autonomous_ROS/build/enc_motor_control/build install --record /home/ubuntu/my_space/autonomous_ROS/build/enc_motor_control/install.log --single-version-externally-managed install_data
