[3.520s] Invoking command in '/home/ubuntu/my_space/autonomous_ROS/src/object_detection': PYTHONPATH=/home/ubuntu/my_space/autonomous_ROS/build/object_detection/prefix_override:/usr/lib/python3/dist-packages/colcon_core/task/python/colcon_distutils_commands:/home/ubuntu/my_space/autonomous_ROS/install/object_detection/lib/python3.10/site-packages:${PYTHONPATH} /usr/bin/python3 -W ignore:setup.py install is deprecated -W ignore:easy_install command is deprecated setup.py egg_info --egg-base ../../build/object_detection build --build-base /home/ubuntu/my_space/autonomous_ROS/build/object_detection/build install --record /home/ubuntu/my_space/autonomous_ROS/build/object_detection/install.log --single-version-externally-managed install_data
[4.854s] running egg_info
[4.858s] writing ../../build/object_detection/object_detection.egg-info/PKG-INFO
[4.859s] writing dependency_links to ../../build/object_detection/object_detection.egg-info/dependency_links.txt
[4.861s] writing entry points to ../../build/object_detection/object_detection.egg-info/entry_points.txt
[4.862s] writing requirements to ../../build/object_detection/object_detection.egg-info/requires.txt
[4.863s] writing top-level names to ../../build/object_detection/object_detection.egg-info/top_level.txt
[4.874s] reading manifest file '../../build/object_detection/object_detection.egg-info/SOURCES.txt'
[4.880s] writing manifest file '../../build/object_detection/object_detection.egg-info/SOURCES.txt'
[4.880s] running build
[4.881s] running build_py
[4.882s] running install
[4.884s] running install_lib
[4.891s] running install_data
[4.893s] running install_egg_info
[4.903s] removing '/home/ubuntu/my_space/autonomous_ROS/install/object_detection/lib/python3.10/site-packages/object_detection-0.0.0-py3.10.egg-info' (and everything under it)
[4.906s] Copying ../../build/object_detection/object_detection.egg-info to /home/ubuntu/my_space/autonomous_ROS/install/object_detection/lib/python3.10/site-packages/object_detection-0.0.0-py3.10.egg-info
[4.914s] running install_scripts
[5.014s] Installing object_detection_node script to /home/ubuntu/my_space/autonomous_ROS/install/object_detection/lib/object_detection
[5.016s] writing list of installed files to '/home/ubuntu/my_space/autonomous_ROS/build/object_detection/install.log'
[5.153s] Invoked command in '/home/ubuntu/my_space/autonomous_ROS/src/object_detection' returned '0': PYTHONPATH=/home/ubuntu/my_space/autonomous_ROS/build/object_detection/prefix_override:/usr/lib/python3/dist-packages/colcon_core/task/python/colcon_distutils_commands:/home/ubuntu/my_space/autonomous_ROS/install/object_detection/lib/python3.10/site-packages:${PYTHONPATH} /usr/bin/python3 -W ignore:setup.py install is deprecated -W ignore:easy_install command is deprecated setup.py egg_info --egg-base ../../build/object_detection build --build-base /home/ubuntu/my_space/autonomous_ROS/build/object_detection/build install --record /home/ubuntu/my_space/autonomous_ROS/build/object_detection/install.log --single-version-externally-managed install_data
