running egg_info
creating ../../build/encoder_control/encoder_control.egg-info
writing ../../build/encoder_control/encoder_control.egg-info/PKG-INFO
writing dependency_links to ../../build/encoder_control/encoder_control.egg-info/dependency_links.txt
writing entry points to ../../build/encoder_control/encoder_control.egg-info/entry_points.txt
writing requirements to ../../build/encoder_control/encoder_control.egg-info/requires.txt
writing top-level names to ../../build/encoder_control/encoder_control.egg-info/top_level.txt
writing manifest file '../../build/encoder_control/encoder_control.egg-info/SOURCES.txt'
reading manifest file '../../build/encoder_control/encoder_control.egg-info/SOURCES.txt'
writing manifest file '../../build/encoder_control/encoder_control.egg-info/SOURCES.txt'
running build
running build_py
creating /home/ubuntu/my_space/autonomous_ROS/build/encoder_control/build
creating /home/ubuntu/my_space/autonomous_ROS/build/encoder_control/build/lib
creating /home/ubuntu/my_space/autonomous_ROS/build/encoder_control/build/lib/encoder_control
copying encoder_control/__init__.py -> /home/ubuntu/my_space/autonomous_ROS/build/encoder_control/build/lib/encoder_control
copying encoder_control/encoder_controller.py -> /home/ubuntu/my_space/autonomous_ROS/build/encoder_control/build/lib/encoder_control
running install
running install_lib
creating /home/ubuntu/my_space/autonomous_ROS/install/encoder_control/lib/python3.10/site-packages/encoder_control
copying /home/ubuntu/my_space/autonomous_ROS/build/encoder_control/build/lib/encoder_control/__init__.py -> /home/ubuntu/my_space/autonomous_ROS/install/encoder_control/lib/python3.10/site-packages/encoder_control
copying /home/ubuntu/my_space/autonomous_ROS/build/encoder_control/build/lib/encoder_control/encoder_controller.py -> /home/ubuntu/my_space/autonomous_ROS/install/encoder_control/lib/python3.10/site-packages/encoder_control
byte-compiling /home/ubuntu/my_space/autonomous_ROS/install/encoder_control/lib/python3.10/site-packages/encoder_control/__init__.py to __init__.cpython-310.pyc
byte-compiling /home/ubuntu/my_space/autonomous_ROS/install/encoder_control/lib/python3.10/site-packages/encoder_control/encoder_controller.py to encoder_controller.cpython-310.pyc
running install_data
creating /home/ubuntu/my_space/autonomous_ROS/install/encoder_control/share/ament_index
creating /home/ubuntu/my_space/autonomous_ROS/install/encoder_control/share/ament_index/resource_index
creating /home/ubuntu/my_space/autonomous_ROS/install/encoder_control/share/ament_index/resource_index/packages
copying resource/encoder_control -> /home/ubuntu/my_space/autonomous_ROS/install/encoder_control/share/ament_index/resource_index/packages
copying package.xml -> /home/ubuntu/my_space/autonomous_ROS/install/encoder_control/share/encoder_control
running install_egg_info
Copying ../../build/encoder_control/encoder_control.egg-info to /home/ubuntu/my_space/autonomous_ROS/install/encoder_control/lib/python3.10/site-packages/encoder_control-0.0.0-py3.10.egg-info
running install_scripts
Installing encoder_controller script to /home/ubuntu/my_space/autonomous_ROS/install/encoder_control/lib/encoder_control
writing list of installed files to '/home/ubuntu/my_space/autonomous_ROS/build/encoder_control/install.log'
