[3.547s] Invoking command in '/home/ubuntu/my_space/autonomous_ROS/src/encoder_control': PYTHONPATH=/home/ubuntu/my_space/autonomous_ROS/build/encoder_control/prefix_override:/usr/lib/python3/dist-packages/colcon_core/task/python/colcon_distutils_commands:/home/ubuntu/my_space/autonomous_ROS/install/encoder_control/lib/python3.10/site-packages:${PYTHONPATH} /usr/bin/python3 -W ignore:setup.py install is deprecated -W ignore:easy_install command is deprecated setup.py egg_info --egg-base ../../build/encoder_control build --build-base /home/ubuntu/my_space/autonomous_ROS/build/encoder_control/build install --record /home/ubuntu/my_space/autonomous_ROS/build/encoder_control/install.log --single-version-externally-managed install_data
[4.681s] running egg_info
[4.683s] creating ../../build/encoder_control/encoder_control.egg-info
[4.684s] writing ../../build/encoder_control/encoder_control.egg-info/PKG-INFO
[4.686s] writing dependency_links to ../../build/encoder_control/encoder_control.egg-info/dependency_links.txt
[4.687s] writing entry points to ../../build/encoder_control/encoder_control.egg-info/entry_points.txt
[4.687s] writing requirements to ../../build/encoder_control/encoder_control.egg-info/requires.txt
[4.688s] writing top-level names to ../../build/encoder_control/encoder_control.egg-info/top_level.txt
[4.689s] writing manifest file '../../build/encoder_control/encoder_control.egg-info/SOURCES.txt'
[4.697s] reading manifest file '../../build/encoder_control/encoder_control.egg-info/SOURCES.txt'
[4.701s] writing manifest file '../../build/encoder_control/encoder_control.egg-info/SOURCES.txt'
[4.701s] running build
[4.702s] running build_py
[4.703s] creating /home/ubuntu/my_space/autonomous_ROS/build/encoder_control/build
[4.703s] creating /home/ubuntu/my_space/autonomous_ROS/build/encoder_control/build/lib
[4.704s] creating /home/ubuntu/my_space/autonomous_ROS/build/encoder_control/build/lib/encoder_control
[4.704s] copying encoder_control/__init__.py -> /home/ubuntu/my_space/autonomous_ROS/build/encoder_control/build/lib/encoder_control
[4.705s] copying encoder_control/encoder_controller.py -> /home/ubuntu/my_space/autonomous_ROS/build/encoder_control/build/lib/encoder_control
[4.705s] running install
[4.707s] running install_lib
[4.710s] creating /home/ubuntu/my_space/autonomous_ROS/install/encoder_control/lib/python3.10/site-packages/encoder_control
[4.711s] copying /home/ubuntu/my_space/autonomous_ROS/build/encoder_control/build/lib/encoder_control/__init__.py -> /home/ubuntu/my_space/autonomous_ROS/install/encoder_control/lib/python3.10/site-packages/encoder_control
[4.711s] copying /home/ubuntu/my_space/autonomous_ROS/build/encoder_control/build/lib/encoder_control/encoder_controller.py -> /home/ubuntu/my_space/autonomous_ROS/install/encoder_control/lib/python3.10/site-packages/encoder_control
[4.714s] byte-compiling /home/ubuntu/my_space/autonomous_ROS/install/encoder_control/lib/python3.10/site-packages/encoder_control/__init__.py to __init__.cpython-310.pyc
[4.716s] byte-compiling /home/ubuntu/my_space/autonomous_ROS/install/encoder_control/lib/python3.10/site-packages/encoder_control/encoder_controller.py to encoder_controller.cpython-310.pyc
[4.719s] running install_data
[4.720s] creating /home/ubuntu/my_space/autonomous_ROS/install/encoder_control/share/ament_index
[4.720s] creating /home/ubuntu/my_space/autonomous_ROS/install/encoder_control/share/ament_index/resource_index
[4.721s] creating /home/ubuntu/my_space/autonomous_ROS/install/encoder_control/share/ament_index/resource_index/packages
[4.721s] copying resource/encoder_control -> /home/ubuntu/my_space/autonomous_ROS/install/encoder_control/share/ament_index/resource_index/packages
[4.722s] copying package.xml -> /home/ubuntu/my_space/autonomous_ROS/install/encoder_control/share/encoder_control
[4.722s] running install_egg_info
[4.730s] Copying ../../build/encoder_control/encoder_control.egg-info to /home/ubuntu/my_space/autonomous_ROS/install/encoder_control/lib/python3.10/site-packages/encoder_control-0.0.0-py3.10.egg-info
[4.736s] running install_scripts
[4.837s] Installing encoder_controller script to /home/ubuntu/my_space/autonomous_ROS/install/encoder_control/lib/encoder_control
[4.848s] writing list of installed files to '/home/ubuntu/my_space/autonomous_ROS/build/encoder_control/install.log'
[4.970s] Invoked command in '/home/ubuntu/my_space/autonomous_ROS/src/encoder_control' returned '0': PYTHONPATH=/home/ubuntu/my_space/autonomous_ROS/build/encoder_control/prefix_override:/usr/lib/python3/dist-packages/colcon_core/task/python/colcon_distutils_commands:/home/ubuntu/my_space/autonomous_ROS/install/encoder_control/lib/python3.10/site-packages:${PYTHONPATH} /usr/bin/python3 -W ignore:setup.py install is deprecated -W ignore:easy_install command is deprecated setup.py egg_info --egg-base ../../build/encoder_control build --build-base /home/ubuntu/my_space/autonomous_ROS/build/encoder_control/build install --record /home/ubuntu/my_space/autonomous_ROS/build/encoder_control/install.log --single-version-externally-managed install_data
