[3.311s] Invoking command in '/home/ubuntu/my_space/autonomous_ROS/src/dual_motor': PYTHONPATH=/home/ubuntu/my_space/autonomous_ROS/build/dual_motor/prefix_override:/usr/lib/python3/dist-packages/colcon_core/task/python/colcon_distutils_commands:/home/ubuntu/my_space/autonomous_ROS/install/dual_motor/lib/python3.10/site-packages:${PYTHONPATH} /usr/bin/python3 -W ignore:setup.py install is deprecated -W ignore:easy_install command is deprecated setup.py egg_info --egg-base ../../build/dual_motor build --build-base /home/ubuntu/my_space/autonomous_ROS/build/dual_motor/build install --record /home/ubuntu/my_space/autonomous_ROS/build/dual_motor/install.log --single-version-externally-managed install_data
[4.631s] running egg_info
[4.635s] writing ../../build/dual_motor/dual_motor.egg-info/PKG-INFO
[4.636s] writing dependency_links to ../../build/dual_motor/dual_motor.egg-info/dependency_links.txt
[4.637s] writing entry points to ../../build/dual_motor/dual_motor.egg-info/entry_points.txt
[4.638s] writing requirements to ../../build/dual_motor/dual_motor.egg-info/requires.txt
[4.640s] writing top-level names to ../../build/dual_motor/dual_motor.egg-info/top_level.txt
[4.651s] reading manifest file '../../build/dual_motor/dual_motor.egg-info/SOURCES.txt'
[4.657s] writing manifest file '../../build/dual_motor/dual_motor.egg-info/SOURCES.txt'
[4.658s] running build
[4.660s] running build_py
[4.662s] running install
[4.663s] running install_lib
[4.671s] running install_data
[4.672s] running install_egg_info
[4.684s] removing '/home/ubuntu/my_space/autonomous_ROS/install/dual_motor/lib/python3.10/site-packages/dual_motor-0.0.0-py3.10.egg-info' (and everything under it)
[4.687s] Copying ../../build/dual_motor/dual_motor.egg-info to /home/ubuntu/my_space/autonomous_ROS/install/dual_motor/lib/python3.10/site-packages/dual_motor-0.0.0-py3.10.egg-info
[4.699s] running install_scripts
[4.798s] Installing dual_motor_controller script to /home/ubuntu/my_space/autonomous_ROS/install/dual_motor/lib/dual_motor
[4.800s] writing list of installed files to '/home/ubuntu/my_space/autonomous_ROS/build/dual_motor/install.log'
[4.948s] Invoked command in '/home/ubuntu/my_space/autonomous_ROS/src/dual_motor' returned '0': PYTHONPATH=/home/ubuntu/my_space/autonomous_ROS/build/dual_motor/prefix_override:/usr/lib/python3/dist-packages/colcon_core/task/python/colcon_distutils_commands:/home/ubuntu/my_space/autonomous_ROS/install/dual_motor/lib/python3.10/site-packages:${PYTHONPATH} /usr/bin/python3 -W ignore:setup.py install is deprecated -W ignore:easy_install command is deprecated setup.py egg_info --egg-base ../../build/dual_motor build --build-base /home/ubuntu/my_space/autonomous_ROS/build/dual_motor/build install --record /home/ubuntu/my_space/autonomous_ROS/build/dual_motor/install.log --single-version-externally-managed install_data
