running egg_info
creating ../../build/dual_motor/dual_motor.egg-info
writing ../../build/dual_motor/dual_motor.egg-info/PKG-INFO
writing dependency_links to ../../build/dual_motor/dual_motor.egg-info/dependency_links.txt
writing entry points to ../../build/dual_motor/dual_motor.egg-info/entry_points.txt
writing requirements to ../../build/dual_motor/dual_motor.egg-info/requires.txt
writing top-level names to ../../build/dual_motor/dual_motor.egg-info/top_level.txt
writing manifest file '../../build/dual_motor/dual_motor.egg-info/SOURCES.txt'
reading manifest file '../../build/dual_motor/dual_motor.egg-info/SOURCES.txt'
writing manifest file '../../build/dual_motor/dual_motor.egg-info/SOURCES.txt'
running build
running build_py
creating /home/ubuntu/my_space/autonomous_ROS/build/dual_motor/build
creating /home/ubuntu/my_space/autonomous_ROS/build/dual_motor/build/lib
creating /home/ubuntu/my_space/autonomous_ROS/build/dual_motor/build/lib/dual_motor
copying dual_motor/dual_motor_controller.py -> /home/ubuntu/my_space/autonomous_ROS/build/dual_motor/build/lib/dual_motor
copying dual_motor/__init__.py -> /home/ubuntu/my_space/autonomous_ROS/build/dual_motor/build/lib/dual_motor
running install
running install_lib
creating /home/ubuntu/my_space/autonomous_ROS/install/dual_motor/lib/python3.10/site-packages/dual_motor
copying /home/ubuntu/my_space/autonomous_ROS/build/dual_motor/build/lib/dual_motor/dual_motor_controller.py -> /home/ubuntu/my_space/autonomous_ROS/install/dual_motor/lib/python3.10/site-packages/dual_motor
copying /home/ubuntu/my_space/autonomous_ROS/build/dual_motor/build/lib/dual_motor/__init__.py -> /home/ubuntu/my_space/autonomous_ROS/install/dual_motor/lib/python3.10/site-packages/dual_motor
byte-compiling /home/ubuntu/my_space/autonomous_ROS/install/dual_motor/lib/python3.10/site-packages/dual_motor/dual_motor_controller.py to dual_motor_controller.cpython-310.pyc
byte-compiling /home/ubuntu/my_space/autonomous_ROS/install/dual_motor/lib/python3.10/site-packages/dual_motor/__init__.py to __init__.cpython-310.pyc
running install_data
creating /home/ubuntu/my_space/autonomous_ROS/install/dual_motor/share/ament_index
creating /home/ubuntu/my_space/autonomous_ROS/install/dual_motor/share/ament_index/resource_index
creating /home/ubuntu/my_space/autonomous_ROS/install/dual_motor/share/ament_index/resource_index/packages
copying resource/dual_motor -> /home/ubuntu/my_space/autonomous_ROS/install/dual_motor/share/ament_index/resource_index/packages
copying package.xml -> /home/ubuntu/my_space/autonomous_ROS/install/dual_motor/share/dual_motor
running install_egg_info
Copying ../../build/dual_motor/dual_motor.egg-info to /home/ubuntu/my_space/autonomous_ROS/install/dual_motor/lib/python3.10/site-packages/dual_motor-0.0.0-py3.10.egg-info
running install_scripts
Installing dual_motor_controller script to /home/ubuntu/my_space/autonomous_ROS/install/dual_motor/lib/dual_motor
writing list of installed files to '/home/ubuntu/my_space/autonomous_ROS/build/dual_motor/install.log'
