[3.239s] Invoking command in '/home/ubuntu/my_space/autonomous_ROS/build/slam_launch': PYTHONPATH=/home/ubuntu/my_space/autonomous_ROS/build/slam_launch/prefix_override:/usr/lib/python3/dist-packages/colcon_core/task/python/colcon_distutils_commands:/home/ubuntu/my_space/autonomous_ROS/install/slam_launch/lib/python3.10/site-packages:${PYTHONPATH} /usr/bin/python3 -W ignore:setup.py install is deprecated -W ignore:easy_install command is deprecated setup.py develop --editable --build-directory /home/ubuntu/my_space/autonomous_ROS/build/slam_launch/build --no-deps symlink_data --force
[4.485s] running develop
[5.249s] running egg_info
[5.250s] writing slam_launch.egg-info/PKG-INFO
[5.251s] writing dependency_links to slam_launch.egg-info/dependency_links.txt
[5.252s] writing entry points to slam_launch.egg-info/entry_points.txt
[5.253s] writing requirements to slam_launch.egg-info/requires.txt
[5.254s] writing top-level names to slam_launch.egg-info/top_level.txt
[5.262s] reading manifest file 'slam_launch.egg-info/SOURCES.txt'
[5.267s] writing manifest file 'slam_launch.egg-info/SOURCES.txt'
[5.273s] running build_ext
[5.274s] Creating /home/ubuntu/my_space/autonomous_ROS/install/slam_launch/lib/python3.10/site-packages/slam-launch.egg-link (link to .)
[5.279s] 
[5.280s] Installed /home/ubuntu/my_space/autonomous_ROS/build/slam_launch
[5.280s] running symlink_data
[5.281s] symbolically linking /home/ubuntu/my_space/autonomous_ROS/build/slam_launch/resource/slam_launch -> /home/ubuntu/my_space/autonomous_ROS/install/slam_launch/share/ament_index/resource_index/packages
[5.281s] symbolically linking /home/ubuntu/my_space/autonomous_ROS/build/slam_launch/package.xml -> /home/ubuntu/my_space/autonomous_ROS/install/slam_launch/share/slam_launch
[5.282s] creating /home/ubuntu/my_space/autonomous_ROS/install/slam_launch/share/slam_launch/config
[5.284s] error: [Errno 2] No such file or directory: '/home/ubuntu/my_space/autonomous_ROS/install/slam_launch/share/slam_launch/config/slam_toolbox_config.yaml'
[5.422s] Invoked command in '/home/ubuntu/my_space/autonomous_ROS/build/slam_launch' returned '1': PYTHONPATH=/home/ubuntu/my_space/autonomous_ROS/build/slam_launch/prefix_override:/usr/lib/python3/dist-packages/colcon_core/task/python/colcon_distutils_commands:/home/ubuntu/my_space/autonomous_ROS/install/slam_launch/lib/python3.10/site-packages:${PYTHONPATH} /usr/bin/python3 -W ignore:setup.py install is deprecated -W ignore:easy_install command is deprecated setup.py develop --editable --build-directory /home/ubuntu/my_space/autonomous_ROS/build/slam_launch/build --no-deps symlink_data --force
