running develop
running egg_info
creating enc_motor_control.egg-info
writing enc_motor_control.egg-info/PKG-INFO
writing dependency_links to enc_motor_control.egg-info/dependency_links.txt
writing entry points to enc_motor_control.egg-info/entry_points.txt
writing requirements to enc_motor_control.egg-info/requires.txt
writing top-level names to enc_motor_control.egg-info/top_level.txt
writing manifest file 'enc_motor_control.egg-info/SOURCES.txt'
reading manifest file 'enc_motor_control.egg-info/SOURCES.txt'
writing manifest file 'enc_motor_control.egg-info/SOURCES.txt'
running build_ext
Creating /home/ubuntu/my_space/autonomous_ROS/install/enc_motor_control/lib/python3.10/site-packages/enc-motor-control.egg-link (link to .)
Installing enc_motor_controller script to /home/ubuntu/my_space/autonomous_ROS/install/enc_motor_control/lib/enc_motor_control

Installed /home/ubuntu/my_space/autonomous_ROS/build/enc_motor_control
running symlink_data
creating /home/ubuntu/my_space/autonomous_ROS/install/enc_motor_control/share/ament_index
creating /home/ubuntu/my_space/autonomous_ROS/install/enc_motor_control/share/ament_index/resource_index
creating /home/ubuntu/my_space/autonomous_ROS/install/enc_motor_control/share/ament_index/resource_index/packages
symbolically linking /home/ubuntu/my_space/autonomous_ROS/build/enc_motor_control/resource/enc_motor_control -> /home/ubuntu/my_space/autonomous_ROS/install/enc_motor_control/share/ament_index/resource_index/packages
symbolically linking /home/ubuntu/my_space/autonomous_ROS/build/enc_motor_control/package.xml -> /home/ubuntu/my_space/autonomous_ROS/install/enc_motor_control/share/enc_motor_control
