[8.069s] Invoking command in '/home/ubuntu/my_space/autonomous_ROS/build/enc_motor_control': PYTHONPATH=/home/ubuntu/my_space/autonomous_ROS/build/enc_motor_control/prefix_override:/usr/lib/python3/dist-packages/colcon_core/task/python/colcon_distutils_commands:/home/ubuntu/my_space/autonomous_ROS/install/enc_motor_control/lib/python3.10/site-packages:${PYTHONPATH} /usr/bin/python3 -W ignore:setup.py install is deprecated -W ignore:easy_install command is deprecated setup.py develop --editable --build-directory /home/ubuntu/my_space/autonomous_ROS/build/enc_motor_control/build --no-deps symlink_data
[10.148s] running develop
[11.397s] running egg_info
[11.404s] creating enc_motor_control.egg-info
[11.404s] writing enc_motor_control.egg-info/PKG-INFO
[11.405s] writing dependency_links to enc_motor_control.egg-info/dependency_links.txt
[11.406s] writing entry points to enc_motor_control.egg-info/entry_points.txt
[11.406s] writing requirements to enc_motor_control.egg-info/requires.txt
[11.407s] writing top-level names to enc_motor_control.egg-info/top_level.txt
[11.408s] writing manifest file 'enc_motor_control.egg-info/SOURCES.txt'
[11.416s] reading manifest file 'enc_motor_control.egg-info/SOURCES.txt'
[11.417s] writing manifest file 'enc_motor_control.egg-info/SOURCES.txt'
[11.427s] running build_ext
[11.428s] Creating /home/ubuntu/my_space/autonomous_ROS/install/enc_motor_control/lib/python3.10/site-packages/enc-motor-control.egg-link (link to .)
[11.431s] Installing enc_motor_controller script to /home/ubuntu/my_space/autonomous_ROS/install/enc_motor_control/lib/enc_motor_control
[11.433s] 
[11.434s] Installed /home/ubuntu/my_space/autonomous_ROS/build/enc_motor_control
[11.435s] running symlink_data
[11.442s] creating /home/ubuntu/my_space/autonomous_ROS/install/enc_motor_control/share/ament_index
[11.445s] creating /home/ubuntu/my_space/autonomous_ROS/install/enc_motor_control/share/ament_index/resource_index
[11.461s] creating /home/ubuntu/my_space/autonomous_ROS/install/enc_motor_control/share/ament_index/resource_index/packages
[11.462s] symbolically linking /home/ubuntu/my_space/autonomous_ROS/build/enc_motor_control/resource/enc_motor_control -> /home/ubuntu/my_space/autonomous_ROS/install/enc_motor_control/share/ament_index/resource_index/packages
[11.462s] symbolically linking /home/ubuntu/my_space/autonomous_ROS/build/enc_motor_control/package.xml -> /home/ubuntu/my_space/autonomous_ROS/install/enc_motor_control/share/enc_motor_control
[11.782s] Invoked command in '/home/ubuntu/my_space/autonomous_ROS/build/enc_motor_control' returned '0': PYTHONPATH=/home/ubuntu/my_space/autonomous_ROS/build/enc_motor_control/prefix_override:/usr/lib/python3/dist-packages/colcon_core/task/python/colcon_distutils_commands:/home/ubuntu/my_space/autonomous_ROS/install/enc_motor_control/lib/python3.10/site-packages:${PYTHONPATH} /usr/bin/python3 -W ignore:setup.py install is deprecated -W ignore:easy_install command is deprecated setup.py develop --editable --build-directory /home/ubuntu/my_space/autonomous_ROS/build/enc_motor_control/build --no-deps symlink_data
